#
# A fatal error has been detected by the Java Runtime Environment:
#
#  Internal Error (jvmciRuntime.cpp:1609), pid=29, tid=52
#  fatal error: Fatal exception in JVMCI: Error calling jdk.vm.ci.services.Services.serializeSavedProperties
#
# JRE version: OpenJDK Runtime Environment GraalVM CE 22.3.0 (17.0.5+8) (build 17.0.5+8-jvmci-22.3-b08)
# Java VM: OpenJDK 64-Bit Server VM GraalVM CE 22.3.0 (17.0.5+8-jvmci-22.3-b08, mixed mode, sharing, tiered, jvmci, jvmci compiler, compressed oops, compressed class ptrs, parallel gc, linux-amd64)
# Problematic frame:
# V  [libjvm.so+0x972714]  JVMCIRuntime::fatal_exception(JVMCIEnv*, char const*)+0x74
#
# Core dump will be written. Default location: Core dumps may be processed with "/usr/share/apport/apport -p%p -s%s -c%c -d%d -P%P -u%u -g%g -- %E" (or dumping to /home/runner/CraftyDarkgreyJavadocsCreator/core.29)
#
# If you would like to submit a bug report, please visit:
#   https://github.com/oracle/graal/issues
#

---------------  S U M M A R Y ------------

Command Line: -XX:ThreadPriorityPolicy=1 -XX:+UnlockExperimentalVMOptions -XX:+EnableJVMCIProduct -XX:JVMCIThreadsPerNativeLibraryRuntime=1 -XX:-UnlockExperimentalVMOptions -Declipse.application=org.eclipse.jdt.ls.core.id1 -Dosgi.bundles.defaultStartLevel=4 -Declipse.product=org.eclipse.jdt.ls.core.product -Dlog.level=ALL -Xverify:none -XX:+UseParallelGC -XX:GCTimeRatio=4 -XX:AdaptiveSizePolicyWeight=90 -Dsun.zip.disableMemoryMapping=true -Xmx512m -Xms100m /nix/store/a7s9klvriqi68xz3qjc0qyfl5h86xc16-jdt-language-server-1.9.0/share/java/plugins/org.eclipse.equinox.launcher_1.6.400.v20210924-0641.jar --add-modules=ALL-SYSTEM --add-opens java.base/java.util=ALL-UNNAMED --add-opens java.base/java.lang=ALL-UNNAMED -configuration /home/runner/.cache/jdt-language-server/config -data /home/runner/.cache/jdt-language-server/data/home/runner/CraftyDarkgreyJavadocsCreator

Host: AMD EPYC 7B12, 8 cores, 1G, Ubuntu 20.04.2 LTS
Time: Sun Oct 22 17:59:29 2023 UTC elapsed time: 835.047583 seconds (0d 0h 13m 55s)

---------------  T H R E A D  ---------------

Current thread (0x00007f54000b1d40):  JavaThread "JVMCI-native CompilerThread0" daemon [_thread_in_vm, id=52, stack(0x00007f53e6900000,0x00007f53e6b00000)]


Current CompileTask:
JVMCI-native: 835047 10777       4       org.eclipse.osgi.container.ModuleDatabase::readUnlock (11 bytes)

Stack: [0x00007f53e6900000,0x00007f53e6b00000],  sp=0x00007f53e6afe380,  free space=2040k
Native frames: (J=compiled Java code, j=interpreted, Vv=VM code, C=native code)
V  [libjvm.so+0x972714]  JVMCIRuntime::fatal_exception(JVMCIEnv*, char const*)+0x74
V  [libjvm.so+0x93e2fe]  JVMCIEnv::copy_saved_properties()+0x14e
V  [libjvm.so+0x9732a9]  JVMCIRuntime::initialize(JVMCIEnv*)+0xb19
V  [libjvm.so+0x9738a2]  JVMCIRuntime::get_HotSpotJVMCIRuntime(JVMCIEnv*)+0x12
V  [libjvm.so+0x9749f2]  JVMCIRuntime::compile_method(JVMCIEnv*, JVMCICompiler*, methodHandle const&, int)+0xd2
V  [libjvm.so+0x5b0d20]  CompileBroker::invoke_compiler_on_method(CompileTask*)+0x1470
V  [libjvm.so+0x5b12e8]  CompileBroker::compiler_thread_loop()+0x528
V  [libjvm.so+0xd82460]  JavaThread::thread_main_inner()+0xd0
V  [libjvm.so+0xd85a40]  Thread::call_run()+0xc0
V  [libjvm.so+0xbdb1e1]  thread_native_entry(Thread*)+0xe1

Register to memory mapping:

RAX=0x00007f54065c4000 points into unknown readable memory: 0x0000000000000058 | 58 00 00 00 00 00 00 00
RBX=0x00007f54076bf398: <offset 0x0000000000ef5398> in /nix/store/gpxl5qgg8kicmcvivwmybwjlpf7wh20l-graalvm17-ce-22.3.0/lib/server/libjvm.so at 0x00007f54067ca000
RCX=0x00007f54076771e8: <offset 0x0000000000ead1e8> in /nix/store/gpxl5qgg8kicmcvivwmybwjlpf7wh20l-graalvm17-ce-22.3.0/lib/server/libjvm.so at 0x00007f54067ca000
RDX=0x0000000000000649 is an unknown value
RSP=0x00007f53e6afe380 is pointing into the stack for thread: 0x00007f54000b1d40
RBP=0x00007f53e6afe3a0 is pointing into the stack for thread: 0x00007f54000b1d40
RSI=0x00007f54076bfc48: <offset 0x0000000000ef5c48> in /nix/store/gpxl5qgg8kicmcvivwmybwjlpf7wh20l-graalvm17-ce-22.3.0/lib/server/libjvm.so at 0x00007f54067ca000
RDI=0x00000000e0000000 is an oop: java.lang.String 
{0x00000000e0000000} - klass: 'java/lang/String'
 - string: "org.eclipse.osgi.container.ModuleRevisionBuilder$GenericInfo"
R8 =0x00007f54076bf398: <offset 0x0000000000ef5398> in /nix/store/gpxl5qgg8kicmcvivwmybwjlpf7wh20l-graalvm17-ce-22.3.0/lib/server/libjvm.so at 0x00007f54067ca000
R9 =0x0000000000000003 is an unknown value
R10=0x00007f5407a10da0: <offset 0x0000000001246da0> in /nix/store/gpxl5qgg8kicmcvivwmybwjlpf7wh20l-graalvm17-ce-22.3.0/lib/server/libjvm.so at 0x00007f54067ca000
R11=0x000000080044f048 is pointing into metadata
R12=0x0 is NULL
R13=0x00007f54000b1d40 is a thread
R14=0x00007f5400000b80 points into unknown readable memory: 0x00007f54078f0a38 | 38 0a 8f 07 54 7f 00 00
R15=0x00007f54079fee40: <offset 0x0000000001234e40> in /nix/store/gpxl5qgg8kicmcvivwmybwjlpf7wh20l-graalvm17-ce-22.3.0/lib/server/libjvm.so at 0x00007f54067ca000


Registers:
RAX=0x00007f54065c4000, RBX=0x00007f54076bf398, RCX=0x00007f54076771e8, RDX=0x0000000000000649
RSP=0x00007f53e6afe380, RBP=0x00007f53e6afe3a0, RSI=0x00007f54076bfc48, RDI=0x00000000e0000000
R8 =0x00007f54076bf398, R9 =0x0000000000000003, R10=0x00007f5407a10da0, R11=0x000000080044f048
R12=0x0000000000000000, R13=0x00007f54000b1d40, R14=0x00007f5400000b80, R15=0x00007f54079fee40
RIP=0x00007f540713c714, EFLAGS=0x0000000000010206, CSGSFS=0x002b000000000033, ERR=0x0000000000000006
  TRAPNO=0x000000000000000e

Top of Stack: (sp=0x00007f53e6afe380)
0x00007f53e6afe380:   00007f53e6afe940 00007f54000b1d40
0x00007f53e6afe390:   00007f5404f558c8 0000000800c417a0
0x00007f53e6afe3a0:   00007f53e6afe500 00007f54071082fe
0x00007f53e6afe3b0:   00007f53e6afe3e0 00007f53e6afe440 

Instructions: (pc=0x00007f540713c714)
0x00007f540713c614:   30 e8 f6 cf e8 ff 4c 89 e7 e8 2e 48 d1 ff 84 db
0x00007f540713c624:   75 2a 4d 85 ed 74 04 4d 8b 6d 00 48 83 c4 08 44
0x00007f540713c634:   89 f9 4c 89 f2 4c 89 ee 5b 4c 89 e7 41 5c 41 5d
0x00007f540713c644:   41 5e 41 5f 5d e9 e2 47 d1 ff 66 90 48 83 c4 08
0x00007f540713c654:   5b 41 5c 41 5d 41 5e 41 5f 5d c3 90 31 d2 be 08
0x00007f540713c664:   00 00 00 4c 89 ff e8 b1 78 a3 ff 49 89 c5 e9 37
0x00007f540713c674:   ff ff ff 66 0f 1f 84 00 00 00 00 00 48 8b 7a 08
0x00007f540713c684:   e9 6d ff ff ff 0f 1f 80 00 00 00 00 e8 5b 48 0a
0x00007f540713c694:   00 84 c0 75 89 e9 6a ff ff ff 66 90 55 48 89 e5
0x00007f540713c6a4:   41 56 41 55 41 54 49 89 fc 53 48 89 f3 66 48 8d
0x00007f540713c6b4:   3d 27 5e 85 00 66 66 48 e8 df 43 8d ff 4c 8b 28
0x00007f540713c6c4:   8b 05 be 72 8a 00 85 c0 75 14 ba 01 00 00 00 48
0x00007f540713c6d4:   8d 0d ae 72 8a 00 f0 0f b1 11 85 c0 74 4e be c8
0x00007f540713c6e4:   00 00 00 4c 89 ef e8 01 0b 41 00 48 8d 05 12 ac
0x00007f540713c6f4:   85 00 49 89 d8 48 8d 0d e8 aa 53 00 ba 49 06 00
0x00007f540713c704:   00 48 8d 35 3c 35 58 00 bf 00 00 00 e0 48 8b 00
0x00007f540713c714:   c6 00 58 31 c0 e8 e2 91 c6 ff 5b 41 5c 41 5d 41
0x00007f540713c724:   5e 5d e9 55 34 26 00 0f 1f 44 00 00 48 8d 05 81
0x00007f540713c734:   a3 8b 00 48 89 df 4c 8b 30 e8 9e 43 8d ff 48 89
0x00007f540713c744:   de 48 89 c2 49 8b 06 4c 89 f7 ff 50 08 4c 89 f7
0x00007f540713c754:   e8 a7 5c 27 00 4d 85 e4 74 12 be 01 00 00 00 4c
0x00007f540713c764:   89 e7 e8 35 43 fc ff eb 82 0f 1f 00 be 01 00 00
0x00007f540713c774:   00 4c 89 ef e8 d3 fd ff ff e9 6d ff ff ff 66 66
0x00007f540713c784:   2e 0f 1f 84 00 00 00 00 00 0f 1f 00 55 48 89 e5
0x00007f540713c794:   41 57 41 56 41 55 41 54 53 48 81 ec 08 02 00 00
0x00007f540713c7a4:   64 48 8b 04 25 28 00 00 00 48 89 45 c8 8b 07 83
0x00007f540713c7b4:   f8 02 0f 84 11 04 00 00 4c 8b 6f 18 49 89 ff 49
0x00007f540713c7c4:   89 f4 4d 85 ed 74 14 4c 89 ef e8 5d 57 22 00 41
0x00007f540713c7d4:   8b 07 83 f8 02 0f 84 19 04 00 00 48 8d 1d 9a 06
0x00007f540713c7e4:   8a 00 4c 8d 35 0b 3c 58 00 eb 38 90 48 85 d2 7f
0x00007f540713c7f4:   0d 48 8d 05 b4 c0 85 00 48 83 38 00 7e 0e 41 8b
0x00007f540713c804:   77 2c 4c 89 f7 31 c0 e8 a0 b2 f7 ff 49 8b 7f 18 


Stack slot to memory mapping:
stack at sp + 0 slots: 0x00007f53e6afe940 is pointing into the stack for thread: 0x00007f54000b1d40
stack at sp + 1 slots: 0x00007f54000b1d40 is a thread
stack at sp + 2 slots: 0x00007f5404f558c8 points into unknown readable memory: 0x65730018052dffff | ff ff 2d 05 18 00 73 65
stack at sp + 3 slots: 0x0000000800c417a0 is a pointer to class: 
jdk.vm.ci.services.Services {0x0000000800c417a0}
 - instance size:     2
 - klass size:        65
 - access:            public final synchronized 
 - state:             fully_initialized
 - name:              'jdk/vm/ci/services/Services'
 - super:             'java/lang/Object'
 - sub:               
 - arrays:            NULL
 - methods:           Array<T>(0x00007f53e6c440c8)
 - method ordering:   Array<T>(0x0000000800928960)
 - default_methods:   Array<T>(0x0000000000000000)
 - local interfaces:  Array<T>(0x00000008005ce810)
 - trans. interfaces: Array<T>(0x00000008005ce810)
 - constants:         constant pool [427] {0x00007f53e6c431a8} for 'jdk/vm/ci/services/Services' cache=0x00007f53e6c45398
 - class loader data:  loader data: 0x00007f5400027ce0 of 'bootstrap'
 - source file:       'Services.java'
 - class annotations:       Array<T>(0x0000000000000000)
 - class type annotations:  Array<T>(0x0000000000000000)
 - field annotations:       Array<T>(0x0000000000000000)
 - field type annotations:  Array<T>(0x0000000000000000)
 - inner classes:     Array<T>(0x00007f53e6c45368)
 - nest members:     Array<T>(0x00007f53e6c45388)
 - permitted subclasses:     Array<T>(0x00000008005ce7a0)
 - java mirror:       a 'java/lang/Class'{0x00000000e017b478} = 'jdk/vm/ci/services/Services'
 - vtable length      5  (start addr: 0x0000000800c41970)
 - itable length      2 (start addr: 0x0000000800c41998)
 - ---- static fields (3 words):
 - public static final 'IS_BUILDING_NATIVE_IMAGE' 'Z' @128 
 - public static final 'IS_IN_NATIVE_IMAGE' 'Z' @129 
 - private static volatile 'savedProperties' 'Ljava/util/Map;' @112 
 - static final 'JVMCI_ENABLED' 'Z' @130 
 - private static final 'servicesCache' 'Ljava/util/Map;' @116 
 - private static final 'MAX_UNICODE_IN_UTF8_LENGTH' 'I' @120 
 - private static final 'MAX_UTF8_PROPERTY_STRING_LENGTH' 'I' @124 
 - ---- non-static fields (0 words):
 - non-static oop maps: 
stack at sp + 4 slots: 0x00007f53e6afe500 is pointing into the stack for thread: 0x00007f54000b1d40
stack at sp + 5 slots: 0x00007f54071082fe: <offset 0x000000000093e2fe> in /nix/store/gpxl5qgg8kicmcvivwmybwjlpf7wh20l-graalvm17-ce-22.3.0/lib/server/libjvm.so at 0x00007f54067ca000
stack at sp + 6 slots: 0x00007f53e6afe3e0 is pointing into the stack for thread: 0x00007f54000b1d40
stack at sp + 7 slots: 0x00007f53e6afe440 is pointing into the stack for thread: 0x00007f54000b1d40


---------------  P R O C E S S  ---------------

Threads class SMR info:
_java_thread_list=0x00007f534c000b70, length=28, elements={
0x00007f5400025f80, 0x00007f54000a5ff0, 0x00007f54000a7430, 0x00007f54000adbb0,
0x00007f54000aef60, 0x00007f54000b0350, 0x00007f54000b1d40, 0x00007f54000b3250,
0x00007f54000b46a0, 0x00007f54000df950, 0x00007f5400127f90, 0x00007f540033bd40,
0x00007f540036f6f0, 0x00007f54003718e0, 0x00007f5400637260, 0x00007f539402f030,
0x00007f53942e1470, 0x00007f5394345080, 0x00007f53944c0810, 0x00007f539462f5f0,
0x00007f54004d4de0, 0x00007f5388007440, 0x00007f540046af00, 0x00007f53904604f0,
0x00007f5370160f20, 0x00007f537010d3e0, 0x00007f5368010140, 0x00007f53640021d0
}

Java Threads: ( => current thread )
  0x00007f5400025f80 JavaThread "main" [_thread_blocked, id=43, stack(0x00007f54065e5000,0x00007f54066e5000)]
  0x00007f54000a5ff0 JavaThread "Reference Handler" daemon [_thread_blocked, id=47, stack(0x00007f54045fc000,0x00007f54046fc000)]
  0x00007f54000a7430 JavaThread "Finalizer" daemon [_thread_blocked, id=48, stack(0x00007f54044fc000,0x00007f54045fc000)]
  0x00007f54000adbb0 JavaThread "Signal Dispatcher" daemon [_thread_blocked, id=49, stack(0x00007f5404116000,0x00007f5404216000)]
  0x00007f54000aef60 JavaThread "Service Thread" daemon [_thread_blocked, id=50, stack(0x00007f5404016000,0x00007f5404116000)]
  0x00007f54000b0350 JavaThread "Monitor Deflation Thread" daemon [_thread_blocked, id=51, stack(0x00007f53e6b00000,0x00007f53e6c00000)]
=>0x00007f54000b1d40 JavaThread "JVMCI-native CompilerThread0" daemon [_thread_in_vm, id=52, stack(0x00007f53e6900000,0x00007f53e6b00000)]
  0x00007f54000b3250 JavaThread "C1 CompilerThread0" daemon [_thread_blocked, id=53, stack(0x00007f53e6700000,0x00007f53e6900000)]
  0x00007f54000b46a0 JavaThread "Sweeper thread" daemon [_thread_blocked, id=54, stack(0x00007f53e6600000,0x00007f53e6700000)]
  0x00007f54000df950 JavaThread "Common-Cleaner" daemon [_thread_blocked, id=55, stack(0x00007f53e6500000,0x00007f53e6600000)]
  0x00007f5400127f90 JavaThread "Notification Thread" daemon [_thread_blocked, id=56, stack(0x00007f53e6400000,0x00007f53e6500000)]
  0x00007f540033bd40 JavaThread "Active Thread: Equinox Container: 7e2b0d7c-8eb6-4ee3-8a9f-720d93939c30" [_thread_blocked, id=67, stack(0x00007f53e5000000,0x00007f53e5100000)]
  0x00007f540036f6f0 JavaThread "Framework Event Dispatcher: Equinox Container: 7e2b0d7c-8eb6-4ee3-8a9f-720d93939c30" daemon [_thread_blocked, id=68, stack(0x00007f53e4e00000,0x00007f53e4f00000)]
  0x00007f54003718e0 JavaThread "Start Level: Equinox Container: 7e2b0d7c-8eb6-4ee3-8a9f-720d93939c30" daemon [_thread_blocked, id=69, stack(0x00007f53e4c00000,0x00007f53e4d00000)]
  0x00007f5400637260 JavaThread "Refresh Thread: Equinox Container: 7e2b0d7c-8eb6-4ee3-8a9f-720d93939c30" daemon [_thread_blocked, id=75, stack(0x00007f53e4a00000,0x00007f53e4b00000)]
  0x00007f539402f030 JavaThread "SCR Component Actor" daemon [_thread_blocked, id=77, stack(0x00007f53e4800000,0x00007f53e4900000)]
  0x00007f53942e1470 JavaThread "Worker-JM" [_thread_blocked, id=86, stack(0x00007f53e4400000,0x00007f53e4500000)]
  0x00007f5394345080 JavaThread "Worker-0: Java indexing... " [_thread_blocked, id=87, stack(0x00007f53e4200000,0x00007f53e4300000)]
  0x00007f53944c0810 JavaThread "Java indexing" daemon [_thread_blocked, id=89, stack(0x00007f53adb00000,0x00007f53adc00000)]
  0x00007f539462f5f0 JavaThread "Bundle File Closer" daemon [_thread_blocked, id=96, stack(0x00007f53ad900000,0x00007f53ada00000)]
  0x00007f54004d4de0 JavaThread "pool-3-thread-1" [_thread_blocked, id=97, stack(0x00007f53ad700000,0x00007f53ad800000)]
  0x00007f5388007440 JavaThread "Worker-2" [_thread_blocked, id=98, stack(0x00007f53ad500000,0x00007f53ad600000)]
  0x00007f540046af00 JavaThread "pool-2-thread-1" [_thread_blocked, id=100, stack(0x00007f53ad300000,0x00007f53ad400000)]
  0x00007f53904604f0 JavaThread "Okio Watchdog" daemon [_thread_blocked, id=175, stack(0x00007f53acb00000,0x00007f53acc00000)]
  0x00007f5370160f20 JavaThread "Thread-12" [_thread_blocked, id=516, stack(0x00007f53e4000000,0x00007f53e4100000)]
  0x00007f537010d3e0 JavaThread "Worker-6: Validate documents" [_thread_blocked, id=596, stack(0x00007f53e4600000,0x00007f53e4700000)]
  0x00007f5368010140 JavaThread "Worker-7: Compacting resource model" [_thread_blocked, id=617, stack(0x00007f53ad100000,0x00007f53ad200000)]
  0x00007f53640021d0 JavaThread "Worker-8" [_thread_blocked, id=996, stack(0x00007f53acf00000,0x00007f53ad000000)]

Other Threads:
  0x00007f54000a1730 VMThread "VM Thread" [stack: 0x00007f54046fe000,0x00007f54047fe000] [id=46] _threads_hazard_ptr=0x00007f534c000b70
  0x00007f5400129930 WatcherThread [stack: 0x00007f53e6300000,0x00007f53e6400000] [id=57]
  0x00007f540003d890 GCTaskThread "GC Thread#0" [stack: 0x00007f54061a8000,0x00007f54062a8000] [id=45]

Threads with active compile tasks:
JVMCI-native CompilerThread0   835196 10777       4       org.eclipse.osgi.container.ModuleDatabase::readUnlock (11 bytes)

VM state: synchronizing (normal execution)

VM Mutex/Monitor currently owned by a thread:  ([mutex/lock_event])
[0x00007f5400023130] Threads_lock - owner thread: 0x00007f54000a1730
[0x00007f54000238e0] Heap_lock - owner thread: 0x00007f537010d3e0

OutOfMemory and StackOverflow Exception counts:
OutOfMemoryError java_heap_errors=2
LinkageErrors=66

Heap address: 0x00000000e0000000, size: 512 MB, Compressed Oops mode: 32-bit

CDS archive(s) mapped at: [0x0000000800000000-0x0000000800bc8000-0x0000000800bc8000), size 12353536, SharedBaseAddress: 0x0000000800000000, ArchiveRelocationMode: 0.
Compressed class space mapped at: 0x0000000800c00000-0x0000000840c00000, reserved size: 1073741824
Narrow klass base: 0x0000000800000000, Narrow klass shift: 0, Narrow klass range: 0x100000000

GC Precious Log:
 CPUs: 8 total, 1 available
 Memory: 1024M
 Large Page Support: Disabled
 NUMA Support: Disabled
 Compressed Oops: Enabled (32-bit)
 Alignments: Space 512K, Generation 512K, Heap 2M
 Heap Min Capacity: 100M
 Heap Initial Capacity: 100M
 Heap Max Capacity: 512M
 Pre-touch: Disabled
 Parallel Workers: 1

Heap:
 PSYoungGen      total 48128K, used 28672K [0x00000000f5580000, 0x00000000f9900000, 0x0000000100000000)
  eden space 28672K, 100% used [0x00000000f5580000,0x00000000f7180000,0x00000000f7180000)
  from space 19456K, 0% used [0x00000000f7180000,0x00000000f7180000,0x00000000f8480000)
  to   space 19456K, 0% used [0x00000000f8480000,0x00000000f8480000,0x00000000f9780000)
 ParOldGen       total 349696K, used 349695K [0x00000000e0000000, 0x00000000f5580000, 0x00000000f5580000)
  object space 349696K, 99% used [0x00000000e0000000,0x00000000f557ff90,0x00000000f5580000)
 Metaspace       used 63958K, committed 65088K, reserved 1114112K
  class space    used 6209K, committed 6720K, reserved 1048576K

Card table byte_map: [0x00007f54062a8000,0x00007f54063a9000] _byte_map_base: 0x00007f5405ba8000

Marking Bits: (ParMarkBitMap*) 0x00007f54079f84c0
 Begin Bits: [0x00007f54050fb000, 0x00007f54058fb000)
 End Bits:   [0x00007f54058fb000, 0x00007f54060fb000)

Polling page: 0x00007f54065c2000

Metaspace:

Usage:
  Non-class:     56.40 MB used.
      Class:      6.06 MB used.
       Both:     62.46 MB used.

Virtual space:
  Non-class space:       64.00 MB reserved,      57.00 MB ( 89%) committed,  8 nodes.
      Class space:        1.00 GB reserved,       6.56 MB ( <1%) committed,  1 nodes.
             Both:        1.06 GB reserved,      63.56 MB (  6%) committed. 

Chunk freelists:
   Non-Class:  2.42 MB
       Class:  1.54 MB
        Both:  3.96 MB

MaxMetaspaceSize: unlimited
CompressedClassSpaceSize: 1.00 GB
Initial GC threshold: 21.00 MB
Current GC threshold: 105.75 MB
CDS: on
MetaspaceReclaimPolicy: balanced
 - commit_granule_bytes: 65536.
 - commit_granule_words: 8192.
 - virtual_space_node_default_size: 1048576.
 - enlarge_chunks_in_place: 1.
 - new_chunks_are_fully_committed: 0.
 - uncommit_free_chunks: 1.
 - use_allocation_guard: 0.
 - handle_deallocations: 1.


Internal statistics:

num_allocs_failed_limit: 6.
num_arena_births: 516.
num_arena_deaths: 154.
num_vsnodes_births: 9.
num_vsnodes_deaths: 0.
num_space_committed: 1014.
num_space_uncommitted: 0.
num_chunks_returned_to_freelist: 212.
num_chunks_taken_from_freelist: 3059.
num_chunk_merges: 84.
num_chunk_splits: 2002.
num_chunks_enlarged: 1240.
num_purges: 12.
num_inconsistent_stats: 0.

CodeHeap 'non-profiled nmethods': size=120036Kb used=3077Kb max_used=3077Kb free=116958Kb
 bounds [0x00007f53eef7a000, 0x00007f53ef28a000, 0x00007f53f64b3000]
CodeHeap 'profiled nmethods': size=120032Kb used=18617Kb max_used=18617Kb free=101414Kb
 bounds [0x00007f53e7a42000, 0x00007f53e8c72000, 0x00007f53eef7a000]
CodeHeap 'non-nmethods': size=5692Kb used=1399Kb max_used=1410Kb free=4292Kb
 bounds [0x00007f53e74b3000, 0x00007f53e7723000, 0x00007f53e7a42000]
 total_blobs=9054 nmethods=8318 adapters=635
 compilation: enabled
              stopped_count=0, restarted_count=0
 full_count=0

JVMCI Events (20 events):
Event: 613.835 Thread 0x00007f54000b1d40 destroyed JavaVM[3]@0x00007f53ac19e340 for JVMCI runtime 0
Event: 613.835 Thread 0x00007f54000b1d40 compacted oop handles in JVMCI runtime 0 from 113 to 113
Event: 613.835 Thread 0x00007f54000b1d40 releasing handles for JVMCI runtime 0: oop handles=113, metadata handles={total=608, live=605, blocks=34}
Event: 613.835 Thread 0x00007f54000b1d40 detached from JVMCI runtime 0
Event: 657.326 Thread 0x00007f54000b1d40 attached to JVMCI runtime 0
Event: 657.329 Thread 0x00007f54000b1d40 created JavaVM[4]@0x00007f53ac19e340 for JVMCI runtime 0
Event: 658.540 Thread 0x00007f54000b1d40 initializing JVMCI runtime 0
Event: 658.540 Thread 0x00007f54000b1d40 done waiting for JavaVM references initialization in JVMCI runtime 0
Event: 731.916 Thread 0x00007f54000b1d40 initialized JVMCI runtime 0
Event: 741.992 Thread 0x00007f54000b1d40 detaching from JVMCI runtime 0: releasing idle compiler thread (0 other threads still attached)
Event: 741.992 Thread 0x00007f54000b1d40 shutting down HotSpotJVMCIRuntime for JVMCI runtime 0
Event: 741.992 Thread 0x00007f54000b1d40 shut down JVMCI runtime 0
Event: 741.993 Thread 0x00007f54000b1d40 destroyed JavaVM[4]@0x00007f53ac19e340 for JVMCI runtime 0
Event: 741.993 Thread 0x00007f54000b1d40 compacted oop handles in JVMCI runtime 0 from 45 to 45
Event: 741.993 Thread 0x00007f54000b1d40 releasing handles for JVMCI runtime 0: oop handles=45, metadata handles={total=88, live=75, blocks=34}
Event: 741.993 Thread 0x00007f54000b1d40 detached from JVMCI runtime 0
Event: 773.933 Thread 0x00007f54000b1d40 attached to JVMCI runtime 0
Event: 773.936 Thread 0x00007f54000b1d40 created JavaVM[5]@0x00007f53ac19e340 for JVMCI runtime 0
Event: 773.936 Thread 0x00007f54000b1d40 initializing JVMCI runtime 0
Event: 773.936 Thread 0x00007f54000b1d40 done waiting for JavaVM references initialization in JVMCI runtime 0

Compilation events (20 events):
Event: 596.917 Thread 0x00007f54000b1d40 nmethod 10768 0x00007f53ef274390 code [0x00007f53ef274820, 0x00007f53ef276838]
Event: 596.917 Thread 0x00007f54000b1d40 10769       4       org.eclipse.jdt.internal.compiler.parser.Parser::pushOnIntStack (54 bytes)
Event: 596.919 Thread 0x00007f54000b1d40 nmethod 10769 0x00007f53ef279b10 code [0x00007f53ef279c80, 0x00007f53ef279d50]
Event: 596.919 Thread 0x00007f54000b1d40 10766       4       org.eclipse.jdt.internal.core.util.CommentRecorderParser::resetModifiers (17 bytes)
Event: 602.575 Thread 0x00007f54000b3250 10772       1       org.eclipse.osgi.internal.framework.EquinoxContainer::getStorage (5 bytes)
Event: 602.575 Thread 0x00007f54000b3250 nmethod 10772 0x00007f53ef279e10 code [0x00007f53ef279fa0, 0x00007f53ef27a070]
Event: 602.575 Thread 0x00007f54000b1d40 nmethod 10766 0x00007f53ef27a110 code [0x00007f53ef27a2a0, 0x00007f53ef27a390]
Event: 602.576 Thread 0x00007f54000b1d40 10759  s    4       java.lang.StringBuffer::append (13 bytes)
Event: 611.146 Thread 0x00007f54000b1d40 nmethod 10759 0x00007f53ef27a490 code [0x00007f53ef27a640, 0x00007f53ef27ad40]
Event: 624.993 Thread 0x00007f54000b3250 10773       3       org.eclipse.jdt.internal.core.util.Messages::bind (6 bytes)
Event: 626.328 Thread 0x00007f54000b3250 nmethod 10773 0x00007f53e8c6d910 code [0x00007f53e8c6dac0, 0x00007f53e8c6dcd0]
Event: 630.451 Thread 0x00007f54000b3250 10774       3       org.eclipse.jdt.internal.compiler.parser.Parser::consumeFieldDeclaration (243 bytes)
Event: 630.452 Thread 0x00007f54000b3250 nmethod 10774 0x00007f53e8c6de10 code [0x00007f53e8c6e040, 0x00007f53e8c6f420]
Event: 630.452 Thread 0x00007f54000b3250 10775       3       org.eclipse.jdt.internal.compiler.parser.Parser::updateSourceDeclarationParts (107 bytes)
Event: 630.452 Thread 0x00007f54000b3250 nmethod 10775 0x00007f53e8c6f810 code [0x00007f53e8c6f9e0, 0x00007f53e8c70150]
Event: 657.326 Thread 0x00007f54000b1d40 10776       4       org.eclipse.jdt.internal.compiler.parser.Scanner::getCurrentTokenSource (61 bytes)
Event: 740.528 Thread 0x00007f54000b1d40 nmethod 10776 0x00007f53ef27b010 code [0x00007f53ef27b1a0, 0x00007f53ef27b4c0]
Event: 773.933 Thread 0x00007f54000b3250 10778       3       jdk.internal.misc.Unsafe::putReferenceOpaque (9 bytes)
Event: 773.933 Thread 0x00007f54000b3250 nmethod 10778 0x00007f53e8c70390 code [0x00007f53e8c70520, 0x00007f53e8c70650]
Event: 773.933 Thread 0x00007f54000b1d40 10777       4       org.eclipse.osgi.container.ModuleDatabase::readUnlock (11 bytes)

GC Heap History (20 events):
Event: 821.793 GC heap before
{Heap before GC invocations=672 (full 541):
 PSYoungGen      total 48128K, used 28672K [0x00000000f5580000, 0x00000000f9900000, 0x0000000100000000)
  eden space 28672K, 100% used [0x00000000f5580000,0x00000000f7180000,0x00000000f7180000)
  from space 19456K, 0% used [0x00000000f7180000,0x00000000f7180000,0x00000000f8480000)
  to   space 19456K, 0% used [0x00000000f8480000,0x00000000f8480000,0x00000000f9780000)
 ParOldGen       total 349696K, used 349694K [0x00000000e0000000, 0x00000000f5580000, 0x00000000f5580000)
  object space 349696K, 99% used [0x00000000e0000000,0x00000000f557f8e8,0x00000000f5580000)
 Metaspace       used 63958K, committed 65088K, reserved 1114112K
  class space    used 6209K, committed 6720K, reserved 1048576K
}
Event: 823.224 GC heap after
{Heap after GC invocations=672 (full 541):
 PSYoungGen      total 48128K, used 28672K [0x00000000f5580000, 0x00000000f9900000, 0x0000000100000000)
  eden space 28672K, 100% used [0x00000000f5580000,0x00000000f7180000,0x00000000f7180000)
  from space 19456K, 0% used [0x00000000f8480000,0x00000000f8480000,0x00000000f9780000)
  to   space 19456K, 0% used [0x00000000f7180000,0x00000000f7180000,0x00000000f8480000)
 ParOldGen       total 349696K, used 349694K [0x00000000e0000000, 0x00000000f5580000, 0x00000000f5580000)
  object space 349696K, 99% used [0x00000000e0000000,0x00000000f557f860,0x00000000f5580000)
 Metaspace       used 63958K, committed 65088K, reserved 1114112K
  class space    used 6209K, committed 6720K, reserved 1048576K
}
Event: 823.225 GC heap before
{Heap before GC invocations=673 (full 542):
 PSYoungGen      total 48128K, used 28672K [0x00000000f5580000, 0x00000000f9900000, 0x0000000100000000)
  eden space 28672K, 100% used [0x00000000f5580000,0x00000000f7180000,0x00000000f7180000)
  from space 19456K, 0% used [0x00000000f8480000,0x00000000f8480000,0x00000000f9780000)
  to   space 19456K, 0% used [0x00000000f7180000,0x00000000f7180000,0x00000000f8480000)
 ParOldGen       total 349696K, used 349695K [0x00000000e0000000, 0x00000000f5580000, 0x00000000f5580000)
  object space 349696K, 99% used [0x00000000e0000000,0x00000000f557fff0,0x00000000f5580000)
 Metaspace       used 63958K, committed 65088K, reserved 1114112K
  class space    used 6209K, committed 6720K, reserved 1048576K
}
Event: 824.428 GC heap after
{Heap after GC invocations=673 (full 542):
 PSYoungGen      total 48128K, used 28671K [0x00000000f5580000, 0x00000000f9900000, 0x0000000100000000)
  eden space 28672K, 99% used [0x00000000f5580000,0x00000000f717fef8,0x00000000f7180000)
  from space 19456K, 0% used [0x00000000f7180000,0x00000000f7180000,0x00000000f8480000)
  to   space 19456K, 0% used [0x00000000f8480000,0x00000000f8480000,0x00000000f9780000)
 ParOldGen       total 349696K, used 349694K [0x00000000e0000000, 0x00000000f5580000, 0x00000000f5580000)
  object space 349696K, 99% used [0x00000000e0000000,0x00000000f557f978,0x00000000f5580000)
 Metaspace       used 63958K, committed 65088K, reserved 1114112K
  class space    used 6209K, committed 6720K, reserved 1048576K
}
Event: 824.429 GC heap before
{Heap before GC invocations=674 (full 543):
 PSYoungGen      total 48128K, used 28672K [0x00000000f5580000, 0x00000000f9900000, 0x0000000100000000)
  eden space 28672K, 100% used [0x00000000f5580000,0x00000000f7180000,0x00000000f7180000)
  from space 19456K, 0% used [0x00000000f7180000,0x00000000f7180000,0x00000000f8480000)
  to   space 19456K, 0% used [0x00000000f8480000,0x00000000f8480000,0x00000000f9780000)
 ParOldGen       total 349696K, used 349694K [0x00000000e0000000, 0x00000000f5580000, 0x00000000f5580000)
  object space 349696K, 99% used [0x00000000e0000000,0x00000000f557f978,0x00000000f5580000)
 Metaspace       used 63958K, committed 65088K, reserved 1114112K
  class space    used 6209K, committed 6720K, reserved 1048576K
}
Event: 825.825 GC heap after
{Heap after GC invocations=674 (full 543):
 PSYoungGen      total 48128K, used 28671K [0x00000000f5580000, 0x00000000f9900000, 0x0000000100000000)
  eden space 28672K, 99% used [0x00000000f5580000,0x00000000f717ff10,0x00000000f7180000)
  from space 19456K, 0% used [0x00000000f8480000,0x00000000f8480000,0x00000000f9780000)
  to   space 19456K, 0% used [0x00000000f7180000,0x00000000f7180000,0x00000000f8480000)
 ParOldGen       total 349696K, used 349694K [0x00000000e0000000, 0x00000000f5580000, 0x00000000f5580000)
  object space 349696K, 99% used [0x00000000e0000000,0x00000000f557f958,0x00000000f5580000)
 Metaspace       used 63958K, committed 65088K, reserved 1114112K
  class space    used 6209K, committed 6720K, reserved 1048576K
}
Event: 825.827 GC heap before
{Heap before GC invocations=675 (full 544):
 PSYoungGen      total 48128K, used 28671K [0x00000000f5580000, 0x00000000f9900000, 0x0000000100000000)
  eden space 28672K, 99% used [0x00000000f5580000,0x00000000f717fff8,0x00000000f7180000)
  from space 19456K, 0% used [0x00000000f8480000,0x00000000f8480000,0x00000000f9780000)
  to   space 19456K, 0% used [0x00000000f7180000,0x00000000f7180000,0x00000000f8480000)
 ParOldGen       total 349696K, used 349694K [0x00000000e0000000, 0x00000000f5580000, 0x00000000f5580000)
  object space 349696K, 99% used [0x00000000e0000000,0x00000000f557f958,0x00000000f5580000)
 Metaspace       used 63958K, committed 65088K, reserved 1114112K
  class space    used 6209K, committed 6720K, reserved 1048576K
}
Event: 827.030 GC heap after
{Heap after GC invocations=675 (full 544):
 PSYoungGen      total 48128K, used 28671K [0x00000000f5580000, 0x00000000f9900000, 0x0000000100000000)
  eden space 28672K, 99% used [0x00000000f5580000,0x00000000f717ffd8,0x00000000f7180000)
  from space 19456K, 0% used [0x00000000f7180000,0x00000000f7180000,0x00000000f8480000)
  to   space 19456K, 0% used [0x00000000f8480000,0x00000000f8480000,0x00000000f9780000)
 ParOldGen       total 349696K, used 349694K [0x00000000e0000000, 0x00000000f5580000, 0x00000000f5580000)
  object space 349696K, 99% used [0x00000000e0000000,0x00000000f557f890,0x00000000f5580000)
 Metaspace       used 63958K, committed 65088K, reserved 1114112K
  class space    used 6209K, committed 6720K, reserved 1048576K
}
Event: 827.031 GC heap before
{Heap before GC invocations=676 (full 545):
 PSYoungGen      total 48128K, used 28672K [0x00000000f5580000, 0x00000000f9900000, 0x0000000100000000)
  eden space 28672K, 100% used [0x00000000f5580000,0x00000000f7180000,0x00000000f7180000)
  from space 19456K, 0% used [0x00000000f7180000,0x00000000f7180000,0x00000000f8480000)
  to   space 19456K, 0% used [0x00000000f8480000,0x00000000f8480000,0x00000000f9780000)
 ParOldGen       total 349696K, used 349694K [0x00000000e0000000, 0x00000000f5580000, 0x00000000f5580000)
  object space 349696K, 99% used [0x00000000e0000000,0x00000000f557f890,0x00000000f5580000)
 Metaspace       used 63958K, committed 65088K, reserved 1114112K
  class space    used 6209K, committed 6720K, reserved 1048576K
}
Event: 828.438 GC heap after
{Heap after GC invocations=676 (full 545):
 PSYoungGen      total 48128K, used 28671K [0x00000000f5580000, 0x00000000f9900000, 0x0000000100000000)
  eden space 28672K, 99% used [0x00000000f5580000,0x00000000f717fff0,0x00000000f7180000)
  from space 19456K, 0% used [0x00000000f8480000,0x00000000f8480000,0x00000000f9780000)
  to   space 19456K, 0% used [0x00000000f7180000,0x00000000f7180000,0x00000000f8480000)
 ParOldGen       total 349696K, used 349694K [0x00000000e0000000, 0x00000000f5580000, 0x00000000f5580000)
  object space 349696K, 99% used [0x00000000e0000000,0x00000000f557f850,0x00000000f5580000)
 Metaspace       used 63958K, committed 65088K, reserved 1114112K
  class space    used 6209K, committed 6720K, reserved 1048576K
}
Event: 828.438 GC heap before
{Heap before GC invocations=677 (full 546):
 PSYoungGen      total 48128K, used 28671K [0x00000000f5580000, 0x00000000f9900000, 0x0000000100000000)
  eden space 28672K, 99% used [0x00000000f5580000,0x00000000f717fff0,0x00000000f7180000)
  from space 19456K, 0% used [0x00000000f8480000,0x00000000f8480000,0x00000000f9780000)
  to   space 19456K, 0% used [0x00000000f7180000,0x00000000f7180000,0x00000000f8480000)
 ParOldGen       total 349696K, used 349695K [0x00000000e0000000, 0x00000000f5580000, 0x00000000f5580000)
  object space 349696K, 99% used [0x00000000e0000000,0x00000000f557fff0,0x00000000f5580000)
 Metaspace       used 63958K, committed 65088K, reserved 1114112K
  class space    used 6209K, committed 6720K, reserved 1048576K
}
Event: 829.798 GC heap after
{Heap after GC invocations=677 (full 546):
 PSYoungGen      total 48128K, used 28671K [0x00000000f5580000, 0x00000000f9900000, 0x0000000100000000)
  eden space 28672K, 99% used [0x00000000f5580000,0x00000000f717fed0,0x00000000f7180000)
  from space 19456K, 0% used [0x00000000f7180000,0x00000000f7180000,0x00000000f8480000)
  to   space 19456K, 0% used [0x00000000f8480000,0x00000000f8480000,0x00000000f9780000)
 ParOldGen       total 349696K, used 349694K [0x00000000e0000000, 0x00000000f5580000, 0x00000000f5580000)
  object space 349696K, 99% used [0x00000000e0000000,0x00000000f557f988,0x00000000f5580000)
 Metaspace       used 63958K, committed 65088K, reserved 1114112K
  class space    used 6209K, committed 6720K, reserved 1048576K
}
Event: 829.800 GC heap before
{Heap before GC invocations=678 (full 547):
 PSYoungGen      total 48128K, used 28672K [0x00000000f5580000, 0x00000000f9900000, 0x0000000100000000)
  eden space 28672K, 100% used [0x00000000f5580000,0x00000000f7180000,0x00000000f7180000)
  from space 19456K, 0% used [0x00000000f7180000,0x00000000f7180000,0x00000000f8480000)
  to   space 19456K, 0% used [0x00000000f8480000,0x00000000f8480000,0x00000000f9780000)
 ParOldGen       total 349696K, used 349694K [0x00000000e0000000, 0x00000000f5580000, 0x00000000f5580000)
  object space 349696K, 99% used [0x00000000e0000000,0x00000000f557f988,0x00000000f5580000)
 Metaspace       used 63958K, committed 65088K, reserved 1114112K
  class space    used 6209K, committed 6720K, reserved 1048576K
}
Event: 831.021 GC heap after
{Heap after GC invocations=678 (full 547):
 PSYoungGen      total 48128K, used 28671K [0x00000000f5580000, 0x00000000f9900000, 0x0000000100000000)
  eden space 28672K, 99% used [0x00000000f5580000,0x00000000f717ff38,0x00000000f7180000)
  from space 19456K, 0% used [0x00000000f8480000,0x00000000f8480000,0x00000000f9780000)
  to   space 19456K, 0% used [0x00000000f7180000,0x00000000f7180000,0x00000000f8480000)
 ParOldGen       total 349696K, used 349694K [0x00000000e0000000, 0x00000000f5580000, 0x00000000f5580000)
  object space 349696K, 99% used [0x00000000e0000000,0x00000000f557f948,0x00000000f5580000)
 Metaspace       used 63958K, committed 65088K, reserved 1114112K
  class space    used 6209K, committed 6720K, reserved 1048576K
}
Event: 831.021 GC heap before
{Heap before GC invocations=679 (full 548):
 PSYoungGen      total 48128K, used 28672K [0x00000000f5580000, 0x00000000f9900000, 0x0000000100000000)
  eden space 28672K, 100% used [0x00000000f5580000,0x00000000f7180000,0x00000000f7180000)
  from space 19456K, 0% used [0x00000000f8480000,0x00000000f8480000,0x00000000f9780000)
  to   space 19456K, 0% used [0x00000000f7180000,0x00000000f7180000,0x00000000f8480000)
 ParOldGen       total 349696K, used 349694K [0x00000000e0000000, 0x00000000f5580000, 0x00000000f5580000)
  object space 349696K, 99% used [0x00000000e0000000,0x00000000f557f948,0x00000000f5580000)
 Metaspace       used 63958K, committed 65088K, reserved 1114112K
  class space    used 6209K, committed 6720K, reserved 1048576K
}
Event: 832.427 GC heap after
{Heap after GC invocations=679 (full 548):
 PSYoungGen      total 48128K, used 28672K [0x00000000f5580000, 0x00000000f9900000, 0x0000000100000000)
  eden space 28672K, 100% used [0x00000000f5580000,0x00000000f7180000,0x00000000f7180000)
  from space 19456K, 0% used [0x00000000f7180000,0x00000000f7180000,0x00000000f8480000)
  to   space 19456K, 0% used [0x00000000f8480000,0x00000000f8480000,0x00000000f9780000)
 ParOldGen       total 349696K, used 349694K [0x00000000e0000000, 0x00000000f5580000, 0x00000000f5580000)
  object space 349696K, 99% used [0x00000000e0000000,0x00000000f557f870,0x00000000f5580000)
 Metaspace       used 63958K, committed 65088K, reserved 1114112K
  class space    used 6209K, committed 6720K, reserved 1048576K
}
Event: 832.427 GC heap before
{Heap before GC invocations=680 (full 549):
 PSYoungGen      total 48128K, used 28672K [0x00000000f5580000, 0x00000000f9900000, 0x0000000100000000)
  eden space 28672K, 100% used [0x00000000f5580000,0x00000000f7180000,0x00000000f7180000)
  from space 19456K, 0% used [0x00000000f7180000,0x00000000f7180000,0x00000000f8480000)
  to   space 19456K, 0% used [0x00000000f8480000,0x00000000f8480000,0x00000000f9780000)
 ParOldGen       total 349696K, used 349694K [0x00000000e0000000, 0x00000000f5580000, 0x00000000f5580000)
  object space 349696K, 99% used [0x00000000e0000000,0x00000000f557f8e8,0x00000000f5580000)
 Metaspace       used 63958K, committed 65088K, reserved 1114112K
  class space    used 6209K, committed 6720K, reserved 1048576K
}
Event: 833.733 GC heap after
{Heap after GC invocations=680 (full 549):
 PSYoungGen      total 48128K, used 28672K [0x00000000f5580000, 0x00000000f9900000, 0x0000000100000000)
  eden space 28672K, 100% used [0x00000000f5580000,0x00000000f7180000,0x00000000f7180000)
  from space 19456K, 0% used [0x00000000f8480000,0x00000000f8480000,0x00000000f9780000)
  to   space 19456K, 0% used [0x00000000f7180000,0x00000000f7180000,0x00000000f8480000)
 ParOldGen       total 349696K, used 349694K [0x00000000e0000000, 0x00000000f5580000, 0x00000000f5580000)
  object space 349696K, 99% used [0x00000000e0000000,0x00000000f557f888,0x00000000f5580000)
 Metaspace       used 63958K, committed 65088K, reserved 1114112K
  class space    used 6209K, committed 6720K, reserved 1048576K
}
Event: 833.733 GC heap before
{Heap before GC invocations=681 (full 550):
 PSYoungGen      total 48128K, used 28672K [0x00000000f5580000, 0x00000000f9900000, 0x0000000100000000)
  eden space 28672K, 100% used [0x00000000f5580000,0x00000000f7180000,0x00000000f7180000)
  from space 19456K, 0% used [0x00000000f8480000,0x00000000f8480000,0x00000000f9780000)
  to   space 19456K, 0% used [0x00000000f7180000,0x00000000f7180000,0x00000000f8480000)
 ParOldGen       total 349696K, used 349694K [0x00000000e0000000, 0x00000000f5580000, 0x00000000f5580000)
  object space 349696K, 99% used [0x00000000e0000000,0x00000000f557f888,0x00000000f5580000)
 Metaspace       used 63958K, committed 65088K, reserved 1114112K
  class space    used 6209K, committed 6720K, reserved 1048576K
}
Event: 835.027 GC heap after
{Heap after GC invocations=681 (full 550):
 PSYoungGen      total 48128K, used 28672K [0x00000000f5580000, 0x00000000f9900000, 0x0000000100000000)
  eden space 28672K, 100% used [0x00000000f5580000,0x00000000f7180000,0x00000000f7180000)
  from space 19456K, 0% used [0x00000000f7180000,0x00000000f7180000,0x00000000f8480000)
  to   space 19456K, 0% used [0x00000000f8480000,0x00000000f8480000,0x00000000f9780000)
 ParOldGen       total 349696K, used 349694K [0x00000000e0000000, 0x00000000f5580000, 0x00000000f5580000)
  object space 349696K, 99% used [0x00000000e0000000,0x00000000f557f888,0x00000000f5580000)
 Metaspace       used 63958K, committed 65088K, reserved 1114112K
  class space    used 6209K, committed 6720K, reserved 1048576K
}

Dll operation events (9 events):
Event: 0.004 Loaded shared library /nix/store/gpxl5qgg8kicmcvivwmybwjlpf7wh20l-graalvm17-ce-22.3.0/lib/libjava.so
Event: 0.018 Loaded shared library /nix/store/gpxl5qgg8kicmcvivwmybwjlpf7wh20l-graalvm17-ce-22.3.0/lib/libjsvml.so
Event: 0.235 Loaded shared library /nix/store/gpxl5qgg8kicmcvivwmybwjlpf7wh20l-graalvm17-ce-22.3.0/lib/libnio.so
Event: 0.239 Loaded shared library /nix/store/gpxl5qgg8kicmcvivwmybwjlpf7wh20l-graalvm17-ce-22.3.0/lib/libzip.so
Event: 0.242 Loaded shared library /nix/store/gpxl5qgg8kicmcvivwmybwjlpf7wh20l-graalvm17-ce-22.3.0/lib/libjvmcicompiler.so
Event: 0.603 Loaded shared library /nix/store/gpxl5qgg8kicmcvivwmybwjlpf7wh20l-graalvm17-ce-22.3.0/lib/libjimage.so
Event: 1.133 Loaded shared library /nix/store/gpxl5qgg8kicmcvivwmybwjlpf7wh20l-graalvm17-ce-22.3.0/lib/libnet.so
Event: 4.296 Loaded shared library /home/runner/.cache/jdt-language-server/config/org.eclipse.equinox.launcher/org.eclipse.equinox.launcher.gtk.linux.x86_64_1.2.400.v20211117-0650/eclipse_11600.so
Event: 13.595 Loaded shared library /nix/store/gpxl5qgg8kicmcvivwmybwjlpf7wh20l-graalvm17-ce-22.3.0/lib/libextnet.so

Deoptimization events (20 events):
Event: 182.652 Thread 0x00007f5388007440 DEOPT PACKING pc=0x00007f53e88e12e0 sp=0x00007f53ad5fd8e0
Event: 182.652 Thread 0x00007f5388007440 DEOPT UNPACKING pc=0x00007f53e7505325 sp=0x00007f53ad5fcdb0 mode 0
Event: 182.653 Thread 0x00007f5388007440 DEOPT PACKING pc=0x00007f53e88e1260 sp=0x00007f53ad5fd8e0
Event: 182.653 Thread 0x00007f5388007440 DEOPT UNPACKING pc=0x00007f53e7505325 sp=0x00007f53ad5fcdb0 mode 0
Event: 182.653 Thread 0x00007f5388007440 DEOPT PACKING pc=0x00007f53e88e1260 sp=0x00007f53ad5fd960
Event: 182.653 Thread 0x00007f5388007440 DEOPT UNPACKING pc=0x00007f53e7505325 sp=0x00007f53ad5fce30 mode 0
Event: 182.653 Thread 0x00007f5388007440 DEOPT PACKING pc=0x00007f53e88e115a sp=0x00007f53ad5fd8e0
Event: 182.653 Thread 0x00007f5388007440 DEOPT UNPACKING pc=0x00007f53e7505325 sp=0x00007f53ad5fcdb0 mode 0
Event: 182.654 Thread 0x00007f5388007440 DEOPT PACKING pc=0x00007f53e88e1260 sp=0x00007f53ad5fd7a0
Event: 182.654 Thread 0x00007f5388007440 DEOPT UNPACKING pc=0x00007f53e7505325 sp=0x00007f53ad5fcc70 mode 0
Event: 182.697 Thread 0x00007f5388007440 DEOPT PACKING pc=0x00007f53e890c667 sp=0x00007f53ad5fcb20
Event: 182.697 Thread 0x00007f5388007440 DEOPT UNPACKING pc=0x00007f53e7505325 sp=0x00007f53ad5fbfc8 mode 0
Event: 184.216 Thread 0x00007f5388007440 DEOPT PACKING pc=0x00007f53e890c667 sp=0x00007f53ad5fc8b0
Event: 184.216 Thread 0x00007f5388007440 DEOPT UNPACKING pc=0x00007f53e7505325 sp=0x00007f53ad5fbd58 mode 0
Event: 187.544 Thread 0x00007f537010d3e0 DEOPT PACKING pc=0x00007f53e88e115a sp=0x00007f53e46fd530
Event: 187.544 Thread 0x00007f537010d3e0 DEOPT UNPACKING pc=0x00007f53e7505325 sp=0x00007f53e46fca00 mode 0
Event: 187.545 Thread 0x00007f537010d3e0 DEOPT PACKING pc=0x00007f53e88e12e0 sp=0x00007f53e46fda10
Event: 187.545 Thread 0x00007f537010d3e0 DEOPT UNPACKING pc=0x00007f53e7505325 sp=0x00007f53e46fcee0 mode 0
Event: 187.593 Thread 0x00007f540046af00 DEOPT PACKING pc=0x00007f53e8278c06 sp=0x00007f53ad3fcca0
Event: 187.593 Thread 0x00007f540046af00 DEOPT UNPACKING pc=0x00007f53e7505325 sp=0x00007f53ad3fc130 mode 0

Classes unloaded (20 events):
Event: 179.940 Thread 0x00007f54000a1730 Unloading class 0x0000000801129c00 'jdk/internal/reflect/GeneratedSerializationConstructorAccessor12'
Event: 179.940 Thread 0x00007f54000a1730 Unloading class 0x0000000801129800 'jdk/internal/reflect/GeneratedMethodAccessor12'
Event: 179.940 Thread 0x00007f54000a1730 Unloading class 0x0000000801129400 'jdk/internal/reflect/GeneratedMethodAccessor11'
Event: 179.940 Thread 0x00007f54000a1730 Unloading class 0x0000000801129000 'jdk/internal/reflect/GeneratedSerializationConstructorAccessor11'
Event: 179.940 Thread 0x00007f54000a1730 Unloading class 0x0000000801128c00 'jdk/internal/reflect/GeneratedSerializationConstructorAccessor10'
Event: 179.940 Thread 0x00007f54000a1730 Unloading class 0x0000000801128800 'jdk/internal/reflect/GeneratedSerializationConstructorAccessor9'
Event: 179.940 Thread 0x00007f54000a1730 Unloading class 0x0000000801128400 'jdk/internal/reflect/GeneratedSerializationConstructorAccessor8'
Event: 179.940 Thread 0x00007f54000a1730 Unloading class 0x0000000801128000 'jdk/internal/reflect/GeneratedConstructorAccessor37'
Event: 179.940 Thread 0x00007f54000a1730 Unloading class 0x000000080111c800 'jdk/internal/reflect/GeneratedSerializationConstructorAccessor7'
Event: 179.940 Thread 0x00007f54000a1730 Unloading class 0x000000080111c400 'jdk/internal/reflect/GeneratedSerializationConstructorAccessor6'
Event: 179.940 Thread 0x00007f54000a1730 Unloading class 0x000000080111c000 'jdk/internal/reflect/GeneratedSerializationConstructorAccessor5'
Event: 179.940 Thread 0x00007f54000a1730 Unloading class 0x0000000801115400 'jdk/internal/reflect/GeneratedSerializationConstructorAccessor4'
Event: 179.940 Thread 0x00007f54000a1730 Unloading class 0x00000008010ecc00 'jdk/internal/reflect/GeneratedMethodAccessor10'
Event: 179.941 Thread 0x00007f54000a1730 Unloading class 0x00000008010ec800 'jdk/internal/reflect/GeneratedMethodAccessor9'
Event: 179.941 Thread 0x00007f54000a1730 Unloading class 0x00000008010ec400 'jdk/internal/reflect/GeneratedMethodAccessor8'
Event: 179.941 Thread 0x00007f54000a1730 Unloading class 0x00000008010ec000 'jdk/internal/reflect/GeneratedMethodAccessor7'
Event: 179.941 Thread 0x00007f54000a1730 Unloading class 0x00000008010c8000 'jdk/internal/reflect/GeneratedSerializationConstructorAccessor3'
Event: 179.941 Thread 0x00007f54000a1730 Unloading class 0x0000000801092400 'jdk/internal/reflect/GeneratedSerializationConstructorAccessor2'
Event: 179.941 Thread 0x00007f54000a1730 Unloading class 0x0000000801092000 'jdk/internal/reflect/GeneratedSerializationConstructorAccessor1'
Event: 347.194 Thread 0x00007f54000a1730 Unloading class 0x0000000801280400 'jdk/internal/reflect/GeneratedConstructorAccessor46'

Classes redefined (0 events):
No events

Internal exceptions (20 events):
Event: 43.700 Thread 0x00007f536c0d6fc0 Implicit null exception at 0x00007f53ef0cf4e9 to 0x00007f53ef0cf69b
Event: 51.377 Thread 0x00007f5390001580 Exception <a 'java/lang/NoSuchMethodError'{0x00000000f5c81028}: 'java.lang.Object java.lang.invoke.DirectMethodHandle$Holder.invokeStatic(java.lang.Object, java.lang.Object, java.lang.Object, long)'> (0x00000000f5c81028) 
thrown [src/hotspot/share/interpreter/linkResolver.cpp, line 758]
Event: 51.383 Thread 0x00007f5390001580 Exception <a 'java/lang/NoSuchMethodError'{0x00000000f5c8ac08}: 'java.lang.Object java.lang.invoke.DirectMethodHandle$Holder.newInvokeSpecial(java.lang.Object, java.lang.Object, java.lang.Object, long)'> (0x00000000f5c8ac08) 
thrown [src/hotspot/share/interpreter/linkResolver.cpp, line 758]
Event: 51.385 Thread 0x00007f5390001580 Exception <a 'java/lang/NoSuchMethodError'{0x00000000f5c8f8d0}: 'java.lang.Object java.lang.invoke.DirectMethodHandle$Holder.invokeSpecial(java.lang.Object, java.lang.Object, java.lang.Object, java.lang.Object, long)'> (0x00000000f5c8f8d0) 
thrown [src/hotspot/share/interpreter/linkResolver.cpp, line 758]
Event: 51.386 Thread 0x00007f5390001580 Exception <a 'java/lang/NoSuchMethodError'{0x00000000f5c93d90}: 'java.lang.Object java.lang.invoke.Invokers$Holder.linkToTargetMethod(java.lang.Object, java.lang.Object, long, java.lang.Object)'> (0x00000000f5c93d90) 
thrown [src/hotspot/share/interpreter/linkResolver.cpp, line 758]
Event: 51.641 Thread 0x00007f5370116840 Exception <a 'java/lang/ArrayIndexOutOfBoundsException'{0x00000000f561c840}: Index 2292 out of bounds for length 2292> (0x00000000f561c840) 
thrown [src/hotspot/share/interpreter/interpreterRuntime.cpp, line 428]
Event: 52.105 Thread 0x00007f5370116840 Exception <a 'java/lang/ArrayIndexOutOfBoundsException'{0x00000000f63050d0}: Index 2292 out of bounds for length 2292> (0x00000000f63050d0) 
thrown [src/hotspot/share/interpreter/interpreterRuntime.cpp, line 428]
Event: 52.197 Thread 0x00007f5370116840 Exception <a 'java/lang/ArrayIndexOutOfBoundsException'{0x00000000f569d1f0}: Index 2292 out of bounds for length 2292> (0x00000000f569d1f0) 
thrown [src/hotspot/share/interpreter/interpreterRuntime.cpp, line 428]
Event: 52.197 Thread 0x00007f5370116840 Exception <a 'java/lang/ArrayIndexOutOfBoundsException'{0x00000000f569d510}: Index 2293 out of bounds for length 2292> (0x00000000f569d510) 
thrown [src/hotspot/share/interpreter/interpreterRuntime.cpp, line 428]
Event: 58.702 Thread 0x00007f537015b290 Exception <a 'java/io/FileNotFoundException'{0x00000000f6135018}> (0x00000000f6135018) 
thrown [src/hotspot/share/prims/jni.cpp, line 516]
Event: 59.438 Thread 0x00007f537015bf00 Exception <a 'java/lang/NoSuchMethodError'{0x00000000f6364c18}: 'java.lang.Object java.lang.invoke.DirectMethodHandle$Holder.invokeStatic(java.lang.Object, int, java.lang.Object, java.lang.Object, java.lang.Object, java.lang.Object)'> (0x00000000f6364c18) 
thrown [src/hotspot/share/interpreter/linkResolver.cpp, line 758]
Event: 59.439 Thread 0x00007f537015bf00 Exception <a 'java/lang/NoSuchMethodError'{0x00000000f639b6a0}: 'java.lang.Object java.lang.invoke.DirectMethodHandle$Holder.newInvokeSpecial(java.lang.Object, int, java.lang.Object, java.lang.Object, java.lang.Object)'> (0x00000000f639b6a0) 
thrown [src/hotspot/share/interpreter/linkResolver.cpp, line 758]
Event: 60.317 Thread 0x00007f537015bf00 Exception <a 'java/lang/NoSuchMethodError'{0x00000000f62befe8}: 'void java.lang.invoke.DirectMethodHandle$Holder.invokeSpecial(java.lang.Object, java.lang.Object, int)'> (0x00000000f62befe8) 
thrown [src/hotspot/share/interpreter/linkResolver.cpp, line 758]
Event: 61.727 Thread 0x00007f5370153d70 Exception <a 'java/lang/NoSuchMethodError'{0x00000000f67fb668}: 'int java.lang.invoke.DirectMethodHandle$Holder.invokeSpecialIFC(java.lang.Object, java.lang.Object, java.lang.Object, java.lang.Object)'> (0x00000000f67fb668) 
thrown [src/hotspot/share/interpreter/linkResolver.cpp, line 758]
Event: 160.596 Thread 0x00007f537010d3e0 Exception <a 'java/lang/ArrayIndexOutOfBoundsException'{0x00000000f7116180}> (0x00000000f7116180) 
thrown [src/hotspot/share/runtime/sharedRuntime.cpp, line 628]
Event: 164.121 Thread 0x00007f537010d3e0 Exception <a 'java/lang/ArrayIndexOutOfBoundsException'{0x00000000f7144418}> (0x00000000f7144418) 
thrown [src/hotspot/share/runtime/sharedRuntime.cpp, line 628]
Event: 164.122 Thread 0x00007f537010d3e0 Exception <a 'java/lang/ArrayIndexOutOfBoundsException'{0x00000000f7145b80}> (0x00000000f7145b80) 
thrown [src/hotspot/share/runtime/sharedRuntime.cpp, line 628]
Event: 164.122 Thread 0x00007f537010d3e0 Exception <a 'java/lang/ArrayIndexOutOfBoundsException'{0x00000000f7145ea0}> (0x00000000f7145ea0) 
thrown [src/hotspot/share/runtime/sharedRuntime.cpp, line 628]
Event: 811.608 Thread 0x00007f5394345080 Exception <a 'java/lang/OutOfMemoryError'{0x00000000e0010658}> (0x00000000e0010658) 
thrown [src/hotspot/share/gc/shared/memAllocator.cpp, line 136]
Event: 835.027 Thread 0x00007f54000b1d40 Exception <a 'java/lang/OutOfMemoryError'{0x00000000e0010928}> (0x00000000e0010928) 
thrown [src/hotspot/share/gc/shared/memAllocator.cpp, line 136]

VM Operations (20 events):
Event: 820.393 Executing VM operation: ParallelGCFailedAllocation
Event: 821.792 Executing VM operation: ParallelGCFailedAllocation done
Event: 821.793 Executing VM operation: ParallelGCFailedAllocation
Event: 823.224 Executing VM operation: ParallelGCFailedAllocation done
Event: 823.224 Executing VM operation: ParallelGCFailedAllocation
Event: 824.428 Executing VM operation: ParallelGCFailedAllocation done
Event: 824.428 Executing VM operation: ParallelGCFailedAllocation
Event: 825.825 Executing VM operation: ParallelGCFailedAllocation done
Event: 825.825 Executing VM operation: ParallelGCFailedAllocation
Event: 827.030 Executing VM operation: ParallelGCFailedAllocation done
Event: 827.031 Executing VM operation: ParallelGCFailedAllocation
Event: 828.438 Executing VM operation: ParallelGCFailedAllocation done
Event: 828.438 Executing VM operation: ParallelGCFailedAllocation
Event: 829.799 Executing VM operation: ParallelGCFailedAllocation done
Event: 829.800 Executing VM operation: ParallelGCFailedAllocation
Event: 831.021 Executing VM operation: ParallelGCFailedAllocation done
Event: 831.021 Executing VM operation: ParallelGCFailedAllocation
Event: 832.427 Executing VM operation: ParallelGCFailedAllocation done
Event: 832.427 Executing VM operation: ParallelGCFailedAllocation
Event: 835.027 Executing VM operation: ParallelGCFailedAllocation done

Events (20 events):
Event: 155.728 Protecting memory [0x00007f53e4000000,0x00007f53e4004000] with protection modes 0
Event: 159.027 Thread 0x00007f537010d3e0 Thread added: 0x00007f537010d3e0
Event: 159.028 Protecting memory [0x00007f53e4600000,0x00007f53e4604000] with protection modes 0
Event: 167.622 Thread 0x00007f537010d3e0 Thread exited: 0x00007f537010d3e0
Event: 184.292 Thread 0x00007f537010d3e0 Thread added: 0x00007f537010d3e0
Event: 184.300 Protecting memory [0x00007f53e4600000,0x00007f53e4604000] with protection modes 0
Event: 191.840 Thread 0x00007f5368010140 Thread added: 0x00007f5368010140
Event: 191.841 Protecting memory [0x00007f53ad100000,0x00007f53ad104000] with protection modes 0
Event: 265.017 Thread 0x00007f536c0d6fc0 Thread exited: 0x00007f536c0d6fc0
Event: 329.742 Thread 0x00007f53640021d0 Thread added: 0x00007f53640021d0
Event: 329.742 Protecting memory [0x00007f53acf00000,0x00007f53acf04000] with protection modes 0
Event: 360.316 loading class java/io/InterruptedIOException
Event: 362.709 loading class java/io/InterruptedIOException done
Event: 364.009 loading class javax/net/ssl/SSLException
Event: 387.637 loading class javax/net/ssl/SSLException done
Event: 387.637 loading class java/lang/AssertionError
Event: 387.637 loading class java/lang/AssertionError done
Event: 400.909 Thread 0x00007f5390458d80 Thread exited: 0x00007f5390458d80
Event: 427.123 Thread 0x00007f5354001dd0 Thread exited: 0x00007f5354001dd0
Event: 442.926 Thread 0x00007f5390459da0 Thread exited: 0x00007f5390459da0


Dynamic libraries:
e0000000-f4400000 rw-p 00000000 00:00 0 
f4400000-f9900000 rw-p 00000000 00:00 0 
f9900000-100000000 ---p 00000000 00:00 0 
800000000-800449000 rw-p 00001000 00:10cf 707969865                      /nix/store/gpxl5qgg8kicmcvivwmybwjlpf7wh20l-graalvm17-ce-22.3.0/lib/server/classes.jsa
800449000-800bc8000 r--p 0044a000 00:10cf 707969865                      /nix/store/gpxl5qgg8kicmcvivwmybwjlpf7wh20l-graalvm17-ce-22.3.0/lib/server/classes.jsa
800bc8000-800c00000 ---p 00000000 00:00 0 
800c00000-800c10000 rw-p 00000000 00:00 0 
800c10000-800c30000 rw-p 00000000 00:00 0 
800c30000-800cb0000 rw-p 00000000 00:00 0 
800cb0000-800cf0000 rw-p 00000000 00:00 0 
800cf0000-800db0000 rw-p 00000000 00:00 0 
800db0000-800df0000 rw-p 00000000 00:00 0 
800df0000-800f30000 rw-p 00000000 00:00 0 
800f30000-800fb0000 rw-p 00000000 00:00 0 
800fb0000-800ff0000 rw-p 00000000 00:00 0 
800ff0000-801290000 rw-p 00000000 00:00 0 
801290000-840c00000 ---p 00000000 00:00 0 
55f2210e6000-55f2210e7000 r-xp 00000000 00:10cf 672029940                /nix/store/gpxl5qgg8kicmcvivwmybwjlpf7wh20l-graalvm17-ce-22.3.0/bin/.java-wrapped
55f2210e8000-55f2210e9000 r--p 00001000 00:10cf 672029940                /nix/store/gpxl5qgg8kicmcvivwmybwjlpf7wh20l-graalvm17-ce-22.3.0/bin/.java-wrapped
55f2210e9000-55f2210ea000 rw-p 00002000 00:10cf 672029940                /nix/store/gpxl5qgg8kicmcvivwmybwjlpf7wh20l-graalvm17-ce-22.3.0/bin/.java-wrapped
55f2210ea000-55f2210eb000 rw-p 00004000 00:10cf 672029940                /nix/store/gpxl5qgg8kicmcvivwmybwjlpf7wh20l-graalvm17-ce-22.3.0/bin/.java-wrapped
55f2210eb000-55f2210ec000 rw-p 00005000 00:10cf 672029940                /nix/store/gpxl5qgg8kicmcvivwmybwjlpf7wh20l-graalvm17-ce-22.3.0/bin/.java-wrapped
55f22243d000-55f222485000 rw-p 00000000 00:00 0                          [heap]
7f5324000000-7f5324043000 rw-p 00000000 00:00 0 
7f5324043000-7f5328000000 ---p 00000000 00:00 0 
7f532b800000-7f532b9b0000 rw-p 00000000 00:00 0 
7f532b9b0000-7f532c000000 ---p 00000000 00:00 0 
7f532c000000-7f532c021000 rw-p 00000000 00:00 0 
7f532c021000-7f5330000000 ---p 00000000 00:00 0 
7f5330000000-7f5330021000 rw-p 00000000 00:00 0 
7f5330021000-7f5334000000 ---p 00000000 00:00 0 
7f5334000000-7f5334049000 rw-p 00000000 00:00 0 
7f5334049000-7f5338000000 ---p 00000000 00:00 0 
7f5338000000-7f5338075000 rw-p 00000000 00:00 0 
7f5338075000-7f533c000000 ---p 00000000 00:00 0 
7f533c000000-7f533c048000 rw-p 00000000 00:00 0 
7f533c048000-7f5340000000 ---p 00000000 00:00 0 
7f5340000000-7f53400bf000 rw-p 00000000 00:00 0 
7f53400bf000-7f5344000000 ---p 00000000 00:00 0 
7f5344000000-7f5344021000 rw-p 00000000 00:00 0 
7f5344021000-7f5348000000 ---p 00000000 00:00 0 
7f5348000000-7f5348021000 rw-p 00000000 00:00 0 
7f5348021000-7f534c000000 ---p 00000000 00:00 0 
7f534c000000-7f534c021000 rw-p 00000000 00:00 0 
7f534c021000-7f5350000000 ---p 00000000 00:00 0 
7f5350000000-7f5350021000 rw-p 00000000 00:00 0 
7f5350021000-7f5354000000 ---p 00000000 00:00 0 
7f5354000000-7f5354021000 rw-p 00000000 00:00 0 
7f5354021000-7f5358000000 ---p 00000000 00:00 0 
7f5358400000-7f53586f0000 rw-p 00000000 00:00 0 
7f53586f0000-7f5358750000 rw-p 00000000 00:00 0 
7f5358750000-7f5358800000 ---p 00000000 00:00 0 
7f5358800000-7f5358bf0000 rw-p 00000000 00:00 0 
7f5358bf0000-7f5359400000 rw-p 00000000 00:00 0 
7f535a4b3000-7f5364000000 r--s 00000000 00:10cf 707804677                /nix/store/gpxl5qgg8kicmcvivwmybwjlpf7wh20l-graalvm17-ce-22.3.0/lib/modules
7f5364000000-7f536403e000 rw-p 00000000 00:00 0 
7f536403e000-7f5368000000 ---p 00000000 00:00 0 
7f5368000000-7f536813a000 rw-p 00000000 00:00 0 
7f536813a000-7f536c000000 ---p 00000000 00:00 0 
7f536c000000-7f536c10f000 rw-p 00000000 00:00 0 
7f536c10f000-7f5370000000 ---p 00000000 00:00 0 
7f5370000000-7f5370165000 rw-p 00000000 00:00 0 
7f5370165000-7f5374000000 ---p 00000000 00:00 0 
7f5374000000-7f5374021000 rw-p 00000000 00:00 0 
7f5374021000-7f5378000000 ---p 00000000 00:00 0 
7f5378000000-7f5378021000 rw-p 00000000 00:00 0 
7f5378021000-7f537c000000 ---p 00000000 00:00 0 
7f537c000000-7f537c32e000 rw-p 00000000 00:00 0 
7f537c32e000-7f5380000000 ---p 00000000 00:00 0 
7f5380000000-7f5380058000 rw-p 00000000 00:00 0 
7f5380058000-7f5384000000 ---p 00000000 00:00 0 
7f5384000000-7f5384021000 rw-p 00000000 00:00 0 
7f5384021000-7f5388000000 ---p 00000000 00:00 0 
7f5388000000-7f538805b000 rw-p 00000000 00:00 0 
7f538805b000-7f538c000000 ---p 00000000 00:00 0 
7f538c000000-7f538c021000 rw-p 00000000 00:00 0 
7f538c021000-7f5390000000 ---p 00000000 00:00 0 
7f5390000000-7f5390511000 rw-p 00000000 00:00 0 
7f5390511000-7f5394000000 ---p 00000000 00:00 0 
7f5394000000-7f53948fb000 rw-p 00000000 00:00 0 
7f53948fb000-7f5398000000 ---p 00000000 00:00 0 
7f5398000000-7f5398026000 rw-p 00000000 00:00 0 
7f5398026000-7f539c000000 ---p 00000000 00:00 0 
7f539c000000-7f539c021000 rw-p 00000000 00:00 0 
7f539c021000-7f53a0000000 ---p 00000000 00:00 0 
7f53a0000000-7f53a0021000 rw-p 00000000 00:00 0 
7f53a0021000-7f53a4000000 ---p 00000000 00:00 0 
7f53a4000000-7f53a4021000 rw-p 00000000 00:00 0 
7f53a4021000-7f53a8000000 ---p 00000000 00:00 0 
7f53a8000000-7f53a8170000 rw-p 00000000 00:00 0 
7f53a8170000-7f53a81f0000 rw-p 00000000 00:00 0 
7f53a81f0000-7f53a84f0000 rw-p 00000000 00:00 0 
7f53a84f0000-7f53a85f0000 rw-p 00000000 00:00 0 
7f53a85f0000-7f53a87f0000 rw-p 00000000 00:00 0 
7f53a87f0000-7f53a88f0000 rw-p 00000000 00:00 0 
7f53a88f0000-7f53a8970000 rw-p 00000000 00:00 0 
7f53a8970000-7f53a89f0000 rw-p 00000000 00:00 0 
7f53a89f0000-7f53a8af0000 rw-p 00000000 00:00 0 
7f53a8af0000-7f53a8bf0000 rw-p 00000000 00:00 0 
7f53a8bf0000-7f53a8cf0000 rw-p 00000000 00:00 0 
7f53a8cf0000-7f53a8df0000 rw-p 00000000 00:00 0 
7f53a8df0000-7f53a8ff0000 rw-p 00000000 00:00 0 
7f53a8ff0000-7f53a90f0000 rw-p 00000000 00:00 0 
7f53a90f0000-7f53a9770000 rw-p 00000000 00:00 0 
7f53a9770000-7f53a97f0000 rw-p 00000000 00:00 0 
7f53a97f0000-7f53a98f0000 rw-p 00000000 00:00 0 
7f53a98f0000-7f53a99f0000 rw-p 00000000 00:00 0 
7f53a99f0000-7f53a9f10000 rw-p 00000000 00:00 0 
7f53a9f10000-7f53a9f30000 rw-p 00000000 00:00 0 
7f53a9f30000-7f53a9f70000 rw-p 00000000 00:00 0 
7f53a9f70000-7f53aa000000 rw-p 00000000 00:00 0 
7f53aa200000-7f53aa210000 r-xp 00000000 00:fd2 390                       /home/runner/.cache/jdt-language-server/config/org.eclipse.equinox.launcher/org.eclipse.equinox.launcher.gtk.linux.x86_64_1.2.400.v20211117-0650/eclipse_11600.so
7f53aa210000-7f53aa40f000 ---p 00010000 00:fd2 390                       /home/runner/.cache/jdt-language-server/config/org.eclipse.equinox.launcher/org.eclipse.equinox.launcher.gtk.linux.x86_64_1.2.400.v20211117-0650/eclipse_11600.so
7f53aa40f000-7f53aa410000 r--p 0000f000 00:fd2 390                       /home/runner/.cache/jdt-language-server/config/org.eclipse.equinox.launcher/org.eclipse.equinox.launcher.gtk.linux.x86_64_1.2.400.v20211117-0650/eclipse_11600.so
7f53aa410000-7f53aa411000 rw-p 00010000 00:fd2 390                       /home/runner/.cache/jdt-language-server/config/org.eclipse.equinox.launcher/org.eclipse.equinox.launcher.gtk.linux.x86_64_1.2.400.v20211117-0650/eclipse_11600.so
7f53ab500000-7f53ab600000 ---p 00000000 00:00 0 
7f53ab600000-7f53abbaf000 r--p 01122000 00:10cf 707802136                /nix/store/gpxl5qgg8kicmcvivwmybwjlpf7wh20l-graalvm17-ce-22.3.0/lib/libjvmcicompiler.so
7f53abbaf000-7f53abd00000 r--p 00000000 00:00 0 
7f53abd00000-7f53abd3d000 rw-p 00000000 00:00 0 
7f53abd3d000-7f53ac25d000 rw-p 0185f000 00:10cf 707802136                /nix/store/gpxl5qgg8kicmcvivwmybwjlpf7wh20l-graalvm17-ce-22.3.0/lib/libjvmcicompiler.so
7f53ac25d000-7f53ac644000 r--p 01d7f000 00:10cf 707802136                /nix/store/gpxl5qgg8kicmcvivwmybwjlpf7wh20l-graalvm17-ce-22.3.0/lib/libjvmcicompiler.so
7f53ac700000-7f53ac704000 ---p 00000000 00:00 0 
7f53ac704000-7f53ac800000 rw-p 00000000 00:00 0 
7f53ac900000-7f53ac904000 ---p 00000000 00:00 0 
7f53ac904000-7f53aca00000 rw-p 00000000 00:00 0 
7f53acb00000-7f53acb04000 ---p 00000000 00:00 0 
7f53acb04000-7f53acc00000 rw-p 00000000 00:00 0 
7f53acc00000-7f53acc04000 ---p 00000000 00:00 0 
7f53acc04000-7f53acd00000 rw-p 00000000 00:00 0 
7f53acd00000-7f53acd04000 ---p 00000000 00:00 0 
7f53acd04000-7f53ace00000 rw-p 00000000 00:00 0 
7f53acf00000-7f53acf04000 ---p 00000000 00:00 0 
7f53acf04000-7f53ad000000 rw-p 00000000 00:00 0 
7f53ad000000-7f53ad004000 ---p 00000000 00:00 0 
7f53ad004000-7f53ad100000 rw-p 00000000 00:00 0 
7f53ad100000-7f53ad104000 ---p 00000000 00:00 0 
7f53ad104000-7f53ad200000 rw-p 00000000 00:00 0 
7f53ad300000-7f53ad304000 ---p 00000000 00:00 0 
7f53ad304000-7f53ad400000 rw-p 00000000 00:00 0 
7f53ad500000-7f53ad504000 ---p 00000000 00:00 0 
7f53ad504000-7f53ad600000 rw-p 00000000 00:00 0 
7f53ad600000-7f53ad604000 ---p 00000000 00:00 0 
7f53ad604000-7f53ad700000 rw-p 00000000 00:00 0 
7f53ad700000-7f53ad704000 ---p 00000000 00:00 0 
7f53ad704000-7f53ad800000 rw-p 00000000 00:00 0 
7f53ad900000-7f53ad904000 ---p 00000000 00:00 0 
7f53ad904000-7f53ada00000 rw-p 00000000 00:00 0 
7f53ada00000-7f53ada04000 ---p 00000000 00:00 0 
7f53ada04000-7f53adb00000 rw-p 00000000 00:00 0 
7f53adb00000-7f53adb04000 ---p 00000000 00:00 0 
7f53adb04000-7f53adc00000 rw-p 00000000 00:00 0 
7f53adc00000-7f53afd6a000 r-xp 00000000 00:10cf 707802136                /nix/store/gpxl5qgg8kicmcvivwmybwjlpf7wh20l-graalvm17-ce-22.3.0/lib/libjvmcicompiler.so
7f53afd6a000-7f53aff69000 ---p 0216a000 00:10cf 707802136                /nix/store/gpxl5qgg8kicmcvivwmybwjlpf7wh20l-graalvm17-ce-22.3.0/lib/libjvmcicompiler.so
7f53aff69000-7f53aff6a000 r--p 02169000 00:10cf 707802136                /nix/store/gpxl5qgg8kicmcvivwmybwjlpf7wh20l-graalvm17-ce-22.3.0/lib/libjvmcicompiler.so
7f53aff6a000-7f53aff6c000 rw-p 0216a000 00:10cf 707802136                /nix/store/gpxl5qgg8kicmcvivwmybwjlpf7wh20l-graalvm17-ce-22.3.0/lib/libjvmcicompiler.so
7f53aff6c000-7f53aff6d000 rw-p 00000000 00:00 0 
7f53aff6d000-7f53aff72000 rw-p 023c3000 00:10cf 707802136                /nix/store/gpxl5qgg8kicmcvivwmybwjlpf7wh20l-graalvm17-ce-22.3.0/lib/libjvmcicompiler.so
7f53b0000000-7f53b0021000 rw-p 00000000 00:00 0 
7f53b0021000-7f53b4000000 ---p 00000000 00:00 0 
7f53b4000000-7f53b4021000 rw-p 00000000 00:00 0 
7f53b4021000-7f53b8000000 ---p 00000000 00:00 0 
7f53b8000000-7f53b8021000 rw-p 00000000 00:00 0 
7f53b8021000-7f53bc000000 ---p 00000000 00:00 0 
7f53bc000000-7f53bc021000 rw-p 00000000 00:00 0 
7f53bc021000-7f53c0000000 ---p 00000000 00:00 0 
7f53c0000000-7f53c00d9000 rw-p 00000000 00:00 0 
7f53c00d9000-7f53c4000000 ---p 00000000 00:00 0 
7f53c4000000-7f53c4bb3000 rw-p 00000000 00:00 0 
7f53c4bb3000-7f53c8000000 ---p 00000000 00:00 0 
7f53c8000000-7f53c8021000 rw-p 00000000 00:00 0 
7f53c8021000-7f53cc000000 ---p 00000000 00:00 0 
7f53cc000000-7f53cc021000 rw-p 00000000 00:00 0 
7f53cc021000-7f53d0000000 ---p 00000000 00:00 0 
7f53d0000000-7f53d0021000 rw-p 00000000 00:00 0 
7f53d0021000-7f53d4000000 ---p 00000000 00:00 0 
7f53d4000000-7f53d4021000 rw-p 00000000 00:00 0 
7f53d4021000-7f53d8000000 ---p 00000000 00:00 0 
7f53d8000000-7f53d8021000 rw-p 00000000 00:00 0 
7f53d8021000-7f53dc000000 ---p 00000000 00:00 0 
7f53dc000000-7f53dc021000 rw-p 00000000 00:00 0 
7f53dc021000-7f53e0000000 ---p 00000000 00:00 0 
7f53e0000000-7f53e0124000 rw-p 00000000 00:00 0 
7f53e0124000-7f53e4000000 ---p 00000000 00:00 0 
7f53e4000000-7f53e4004000 ---p 00000000 00:00 0 
7f53e4004000-7f53e4100000 rw-p 00000000 00:00 0 
7f53e4200000-7f53e4204000 ---p 00000000 00:00 0 
7f53e4204000-7f53e4300000 rw-p 00000000 00:00 0 
7f53e4300000-7f53e4304000 ---p 00000000 00:00 0 
7f53e4304000-7f53e4400000 rw-p 00000000 00:00 0 
7f53e4400000-7f53e4404000 ---p 00000000 00:00 0 
7f53e4404000-7f53e4500000 rw-p 00000000 00:00 0 
7f53e4500000-7f53e4504000 ---p 00000000 00:00 0 
7f53e4504000-7f53e4600000 rw-p 00000000 00:00 0 
7f53e4600000-7f53e4604000 ---p 00000000 00:00 0 
7f53e4604000-7f53e4700000 rw-p 00000000 00:00 0 
7f53e4800000-7f53e4804000 ---p 00000000 00:00 0 
7f53e4804000-7f53e4900000 rw-p 00000000 00:00 0 
7f53e4a00000-7f53e4a04000 ---p 00000000 00:00 0 
7f53e4a04000-7f53e4b00000 rw-p 00000000 00:00 0 
7f53e4c00000-7f53e4c04000 ---p 00000000 00:00 0 
7f53e4c04000-7f53e4d00000 rw-p 00000000 00:00 0 
7f53e4d00000-7f53e4d04000 ---p 00000000 00:00 0 
7f53e4d04000-7f53e4e00000 rw-p 00000000 00:00 0 
7f53e4e00000-7f53e4e04000 ---p 00000000 00:00 0 
7f53e4e04000-7f53e4f00000 rw-p 00000000 00:00 0 
7f53e4f00000-7f53e4f04000 ---p 00000000 00:00 0 
7f53e4f04000-7f53e5000000 rw-p 00000000 00:00 0 
7f53e5000000-7f53e5004000 ---p 00000000 00:00 0 
7f53e5004000-7f53e5100000 rw-p 00000000 00:00 0 
7f53e5d68000-7f53e6200000 rw-p 00000000 00:00 0 
7f53e62fe000-7f53e62ff000 ---p 00000000 00:00 0 
7f53e62ff000-7f53e6400000 rw-p 00000000 00:00 0 
7f53e6400000-7f53e6404000 ---p 00000000 00:00 0 
7f53e6404000-7f53e6500000 rw-p 00000000 00:00 0 
7f53e6500000-7f53e6504000 ---p 00000000 00:00 0 
7f53e6504000-7f53e6600000 rw-p 00000000 00:00 0 
7f53e6600000-7f53e6604000 ---p 00000000 00:00 0 
7f53e6604000-7f53e6700000 rw-p 00000000 00:00 0 
7f53e6700000-7f53e6704000 ---p 00000000 00:00 0 
7f53e6704000-7f53e6900000 rw-p 00000000 00:00 0 
7f53e6900000-7f53e6904000 ---p 00000000 00:00 0 
7f53e6904000-7f53e6b00000 rw-p 00000000 00:00 0 
7f53e6b00000-7f53e6b04000 ---p 00000000 00:00 0 
7f53e6b04000-7f53e6ff0000 rw-p 00000000 00:00 0 
7f53e6ff0000-7f53e72f0000 rw-p 00000000 00:00 0 
7f53e72f0000-7f53e7400000 rw-p 00000000 00:00 0 
7f53e745c000-7f53e7460000 ---p 00000000 00:00 0 
7f53e7460000-7f53e747e000 rw-p 00000000 00:00 0 
7f53e747e000-7f53e7493000 r-xp 00000000 00:10cf 707804666                /nix/store/gpxl5qgg8kicmcvivwmybwjlpf7wh20l-graalvm17-ce-22.3.0/lib/libnet.so
7f53e7493000-7f53e7494000 ---p 00015000 00:10cf 707804666                /nix/store/gpxl5qgg8kicmcvivwmybwjlpf7wh20l-graalvm17-ce-22.3.0/lib/libnet.so
7f53e7494000-7f53e7495000 r--p 00015000 00:10cf 707804666                /nix/store/gpxl5qgg8kicmcvivwmybwjlpf7wh20l-graalvm17-ce-22.3.0/lib/libnet.so
7f53e7495000-7f53e7496000 rw-p 00016000 00:10cf 707804666                /nix/store/gpxl5qgg8kicmcvivwmybwjlpf7wh20l-graalvm17-ce-22.3.0/lib/libnet.so
7f53e7496000-7f53e7499000 rw-p 0001b000 00:10cf 707804666                /nix/store/gpxl5qgg8kicmcvivwmybwjlpf7wh20l-graalvm17-ce-22.3.0/lib/libnet.so
7f53e7499000-7f53e74ac000 r-xp 00000000 00:10cf 707804667                /nix/store/gpxl5qgg8kicmcvivwmybwjlpf7wh20l-graalvm17-ce-22.3.0/lib/libnio.so
7f53e74ac000-7f53e74ad000 r--p 00012000 00:10cf 707804667                /nix/store/gpxl5qgg8kicmcvivwmybwjlpf7wh20l-graalvm17-ce-22.3.0/lib/libnio.so
7f53e74ad000-7f53e74ae000 rw-p 00013000 00:10cf 707804667                /nix/store/gpxl5qgg8kicmcvivwmybwjlpf7wh20l-graalvm17-ce-22.3.0/lib/libnio.so
7f53e74ae000-7f53e74b3000 rw-p 00019000 00:10cf 707804667                /nix/store/gpxl5qgg8kicmcvivwmybwjlpf7wh20l-graalvm17-ce-22.3.0/lib/libnio.so
7f53e74b3000-7f53e7723000 rwxp 00000000 00:00 0 
7f53e7723000-7f53e7a42000 ---p 00000000 00:00 0 
7f53e7a42000-7f53e8c72000 rwxp 00000000 00:00 0 
7f53e8c72000-7f53eef7a000 ---p 00000000 00:00 0 
7f53eef7a000-7f53ef28a000 rwxp 00000000 00:00 0 
7f53ef28a000-7f53f64b3000 ---p 00000000 00:00 0 
7f53f64b3000-7f5400000000 r--s 00000000 00:10cf 707804677                /nix/store/gpxl5qgg8kicmcvivwmybwjlpf7wh20l-graalvm17-ce-22.3.0/lib/modules
7f5400000000-7f540063b000 rw-p 00000000 00:00 0 
7f540063b000-7f5404000000 ---p 00000000 00:00 0 
7f5404005000-7f5404007000 r-xp 00000000 00:10cf 707802113                /nix/store/gpxl5qgg8kicmcvivwmybwjlpf7wh20l-graalvm17-ce-22.3.0/lib/libextnet.so
7f5404007000-7f5404008000 r--p 00001000 00:10cf 707802113                /nix/store/gpxl5qgg8kicmcvivwmybwjlpf7wh20l-graalvm17-ce-22.3.0/lib/libextnet.so
7f5404008000-7f5404009000 rw-p 00002000 00:10cf 707802113                /nix/store/gpxl5qgg8kicmcvivwmybwjlpf7wh20l-graalvm17-ce-22.3.0/lib/libextnet.so
7f5404009000-7f540400a000 rw-p 00004000 00:10cf 707802113                /nix/store/gpxl5qgg8kicmcvivwmybwjlpf7wh20l-graalvm17-ce-22.3.0/lib/libextnet.so
7f540400a000-7f5404011000 r-xp 00000000 00:10cf 707804676                /nix/store/gpxl5qgg8kicmcvivwmybwjlpf7wh20l-graalvm17-ce-22.3.0/lib/libzip.so
7f5404011000-7f5404012000 ---p 00007000 00:10cf 707804676                /nix/store/gpxl5qgg8kicmcvivwmybwjlpf7wh20l-graalvm17-ce-22.3.0/lib/libzip.so
7f5404012000-7f5404013000 r--p 00007000 00:10cf 707804676                /nix/store/gpxl5qgg8kicmcvivwmybwjlpf7wh20l-graalvm17-ce-22.3.0/lib/libzip.so
7f5404013000-7f5404014000 rw-p 00008000 00:10cf 707804676                /nix/store/gpxl5qgg8kicmcvivwmybwjlpf7wh20l-graalvm17-ce-22.3.0/lib/libzip.so
7f5404014000-7f5404016000 rw-p 0000b000 00:10cf 707804676                /nix/store/gpxl5qgg8kicmcvivwmybwjlpf7wh20l-graalvm17-ce-22.3.0/lib/libzip.so
7f5404016000-7f540401a000 ---p 00000000 00:00 0 
7f540401a000-7f5404116000 rw-p 00000000 00:00 0 
7f5404116000-7f540411a000 ---p 00000000 00:00 0 
7f540411a000-7f5404216000 rw-p 00000000 00:00 0 
7f5404216000-7f54044fc000 r--p 00000000 00:142b 28444448                 /usr/lib/locale/locale-archive
7f54044fc000-7f5404500000 ---p 00000000 00:00 0 
7f5404500000-7f54045fc000 rw-p 00000000 00:00 0 
7f54045fc000-7f5404600000 ---p 00000000 00:00 0 
7f5404600000-7f54046fc000 rw-p 00000000 00:00 0 
7f54046fc000-7f54046fd000 ---p 00000000 00:00 0 
7f54046fd000-7f54047fe000 rw-p 00000000 00:00 0 
7f54047fe000-7f54048cc000 r-xp 00000000 00:10cf 707802132                /nix/store/gpxl5qgg8kicmcvivwmybwjlpf7wh20l-graalvm17-ce-22.3.0/lib/libjsvml.so
7f54048cc000-7f54048cd000 r--p 000cd000 00:10cf 707802132                /nix/store/gpxl5qgg8kicmcvivwmybwjlpf7wh20l-graalvm17-ce-22.3.0/lib/libjsvml.so
7f54048cd000-7f54048ce000 rw-p 000ce000 00:10cf 707802132                /nix/store/gpxl5qgg8kicmcvivwmybwjlpf7wh20l-graalvm17-ce-22.3.0/lib/libjsvml.so
7f54048ce000-7f54061a6000 rw-p 00000000 00:00 0 
7f54061a6000-7f54061a7000 ---p 00000000 00:00 0 
7f54061a7000-7f540634a000 rw-p 00000000 00:00 0 
7f540634a000-7f5406375000 rw-p 00000000 00:00 0 
7f5406375000-7f54063a8000 ---p 00000000 00:00 0 
7f54063a8000-7f54063b0000 rw-p 00000000 00:00 0 
7f54063b0000-7f5406494000 ---p 00000000 00:00 0 
7f5406494000-7f54064b9000 rw-p 00000000 00:00 0 
7f54064b9000-7f540657f000 ---p 00000000 00:00 0 
7f540657f000-7f5406584000 rw-p 00000000 00:00 0 
7f5406584000-7f540658b000 ---p 00000000 00:00 0 
7f540658b000-7f54065af000 r-xp 00000000 00:10cf 707802124                /nix/store/gpxl5qgg8kicmcvivwmybwjlpf7wh20l-graalvm17-ce-22.3.0/lib/libjava.so
7f54065af000-7f54065b0000 ---p 00024000 00:10cf 707802124                /nix/store/gpxl5qgg8kicmcvivwmybwjlpf7wh20l-graalvm17-ce-22.3.0/lib/libjava.so
7f54065b0000-7f54065b1000 r--p 00024000 00:10cf 707802124                /nix/store/gpxl5qgg8kicmcvivwmybwjlpf7wh20l-graalvm17-ce-22.3.0/lib/libjava.so
7f54065b1000-7f54065b2000 rw-p 00025000 00:10cf 707802124                /nix/store/gpxl5qgg8kicmcvivwmybwjlpf7wh20l-graalvm17-ce-22.3.0/lib/libjava.so
7f54065b2000-7f54065b3000 rw-p 00000000 00:00 0 
7f54065b3000-7f54065ba000 rw-p 0002f000 00:10cf 707802124                /nix/store/gpxl5qgg8kicmcvivwmybwjlpf7wh20l-graalvm17-ce-22.3.0/lib/libjava.so
7f54065ba000-7f54065c2000 rw-s 00000000 00:1426 385                      /tmp/hsperfdata_runner/29
7f54065c2000-7f54065c3000 ---p 00000000 00:00 0 
7f54065c3000-7f54065c4000 r--p 00000000 00:00 0 
7f54065c4000-7f54065c5000 rwxp 00000000 00:00 0 
7f54065c5000-7f54065e0000 r-xp 00000000 00:10cf 707802128                /nix/store/gpxl5qgg8kicmcvivwmybwjlpf7wh20l-graalvm17-ce-22.3.0/lib/libjimage.so
7f54065e0000-7f54065e1000 ---p 0001b000 00:10cf 707802128                /nix/store/gpxl5qgg8kicmcvivwmybwjlpf7wh20l-graalvm17-ce-22.3.0/lib/libjimage.so
7f54065e1000-7f54065e3000 r--p 0001b000 00:10cf 707802128                /nix/store/gpxl5qgg8kicmcvivwmybwjlpf7wh20l-graalvm17-ce-22.3.0/lib/libjimage.so
7f54065e3000-7f54065e4000 rw-p 0001d000 00:10cf 707802128                /nix/store/gpxl5qgg8kicmcvivwmybwjlpf7wh20l-graalvm17-ce-22.3.0/lib/libjimage.so
7f54065e4000-7f54065e5000 rw-p 00024000 00:10cf 707802128                /nix/store/gpxl5qgg8kicmcvivwmybwjlpf7wh20l-graalvm17-ce-22.3.0/lib/libjimage.so
7f54065e5000-7f54065e9000 ---p 00000000 00:00 0 
7f54065e9000-7f54066e5000 rw-p 00000000 00:00 0 
7f54066e5000-7f54066f3000 r--p 00000000 00:10cf 600592023                /nix/store/4nlgxhb09sdr51nc9hdm8az5b08vzkgx-glibc-2.35-163/lib/libm.so.6
7f54066f3000-7f5406766000 r-xp 0000e000 00:10cf 600592023                /nix/store/4nlgxhb09sdr51nc9hdm8az5b08vzkgx-glibc-2.35-163/lib/libm.so.6
7f5406766000-7f54067c3000 r--p 00081000 00:10cf 600592023                /nix/store/4nlgxhb09sdr51nc9hdm8az5b08vzkgx-glibc-2.35-163/lib/libm.so.6
7f54067c3000-7f54067c4000 r--p 000dd000 00:10cf 600592023                /nix/store/4nlgxhb09sdr51nc9hdm8az5b08vzkgx-glibc-2.35-163/lib/libm.so.6
7f54067c4000-7f54067c5000 rw-p 000de000 00:10cf 600592023                /nix/store/4nlgxhb09sdr51nc9hdm8az5b08vzkgx-glibc-2.35-163/lib/libm.so.6
7f54067c5000-7f54067c6000 r--p 00000000 00:10cf 600592042                /nix/store/4nlgxhb09sdr51nc9hdm8az5b08vzkgx-glibc-2.35-163/lib/librt.so.1
7f54067c6000-7f54067c7000 r-xp 00001000 00:10cf 600592042                /nix/store/4nlgxhb09sdr51nc9hdm8az5b08vzkgx-glibc-2.35-163/lib/librt.so.1
7f54067c7000-7f54067c8000 r--p 00002000 00:10cf 600592042                /nix/store/4nlgxhb09sdr51nc9hdm8az5b08vzkgx-glibc-2.35-163/lib/librt.so.1
7f54067c8000-7f54067c9000 r--p 00002000 00:10cf 600592042                /nix/store/4nlgxhb09sdr51nc9hdm8az5b08vzkgx-glibc-2.35-163/lib/librt.so.1
7f54067c9000-7f54067ca000 rw-p 00003000 00:10cf 600592042                /nix/store/4nlgxhb09sdr51nc9hdm8az5b08vzkgx-glibc-2.35-163/lib/librt.so.1
7f54067ca000-7f54078dd000 r-xp 00000000 00:10cf 707972962                /nix/store/gpxl5qgg8kicmcvivwmybwjlpf7wh20l-graalvm17-ce-22.3.0/lib/server/libjvm.so
7f54078dd000-7f54078de000 ---p 01113000 00:10cf 707972962                /nix/store/gpxl5qgg8kicmcvivwmybwjlpf7wh20l-graalvm17-ce-22.3.0/lib/server/libjvm.so
7f54078de000-7f5407993000 r--p 01113000 00:10cf 707972962                /nix/store/gpxl5qgg8kicmcvivwmybwjlpf7wh20l-graalvm17-ce-22.3.0/lib/server/libjvm.so
7f5407993000-7f54079c7000 rw-p 011c8000 00:10cf 707972962                /nix/store/gpxl5qgg8kicmcvivwmybwjlpf7wh20l-graalvm17-ce-22.3.0/lib/server/libjvm.so
7f54079c7000-7f5407a23000 rw-p 00000000 00:00 0 
7f5407a23000-7f5407a4b000 r--p 00000000 00:10cf 600592014                /nix/store/4nlgxhb09sdr51nc9hdm8az5b08vzkgx-glibc-2.35-163/lib/libc.so.6
7f5407a4b000-7f5407bc1000 r-xp 00028000 00:10cf 600592014                /nix/store/4nlgxhb09sdr51nc9hdm8az5b08vzkgx-glibc-2.35-163/lib/libc.so.6
7f5407bc1000-7f5407c19000 r--p 0019e000 00:10cf 600592014                /nix/store/4nlgxhb09sdr51nc9hdm8az5b08vzkgx-glibc-2.35-163/lib/libc.so.6
7f5407c19000-7f5407c1d000 r--p 001f6000 00:10cf 600592014                /nix/store/4nlgxhb09sdr51nc9hdm8az5b08vzkgx-glibc-2.35-163/lib/libc.so.6
7f5407c1d000-7f5407c1f000 rw-p 001fa000 00:10cf 600592014                /nix/store/4nlgxhb09sdr51nc9hdm8az5b08vzkgx-glibc-2.35-163/lib/libc.so.6
7f5407c1f000-7f5407c2e000 rw-p 00000000 00:00 0 
7f5407c2e000-7f5407c2f000 r--p 00000000 00:10cf 600592019                /nix/store/4nlgxhb09sdr51nc9hdm8az5b08vzkgx-glibc-2.35-163/lib/libdl.so.2
7f5407c2f000-7f5407c30000 r-xp 00001000 00:10cf 600592019                /nix/store/4nlgxhb09sdr51nc9hdm8az5b08vzkgx-glibc-2.35-163/lib/libdl.so.2
7f5407c30000-7f5407c31000 r--p 00002000 00:10cf 600592019                /nix/store/4nlgxhb09sdr51nc9hdm8az5b08vzkgx-glibc-2.35-163/lib/libdl.so.2
7f5407c31000-7f5407c32000 r--p 00002000 00:10cf 600592019                /nix/store/4nlgxhb09sdr51nc9hdm8az5b08vzkgx-glibc-2.35-163/lib/libdl.so.2
7f5407c32000-7f5407c33000 rw-p 00003000 00:10cf 600592019                /nix/store/4nlgxhb09sdr51nc9hdm8az5b08vzkgx-glibc-2.35-163/lib/libdl.so.2
7f5407c33000-7f5407c34000 r--p 00000000 00:10cf 600592038                /nix/store/4nlgxhb09sdr51nc9hdm8az5b08vzkgx-glibc-2.35-163/lib/libpthread.so.0
7f5407c34000-7f5407c35000 r-xp 00001000 00:10cf 600592038                /nix/store/4nlgxhb09sdr51nc9hdm8az5b08vzkgx-glibc-2.35-163/lib/libpthread.so.0
7f5407c35000-7f5407c36000 r--p 00002000 00:10cf 600592038                /nix/store/4nlgxhb09sdr51nc9hdm8az5b08vzkgx-glibc-2.35-163/lib/libpthread.so.0
7f5407c36000-7f5407c37000 r--p 00002000 00:10cf 600592038                /nix/store/4nlgxhb09sdr51nc9hdm8az5b08vzkgx-glibc-2.35-163/lib/libpthread.so.0
7f5407c37000-7f5407c38000 rw-p 00003000 00:10cf 600592038                /nix/store/4nlgxhb09sdr51nc9hdm8az5b08vzkgx-glibc-2.35-163/lib/libpthread.so.0
7f5407c38000-7f5407c46000 r-xp 00000000 00:10cf 707802129                /nix/store/gpxl5qgg8kicmcvivwmybwjlpf7wh20l-graalvm17-ce-22.3.0/lib/libjli.so
7f5407c46000-7f5407c47000 ---p 0000e000 00:10cf 707802129                /nix/store/gpxl5qgg8kicmcvivwmybwjlpf7wh20l-graalvm17-ce-22.3.0/lib/libjli.so
7f5407c47000-7f5407c48000 r--p 0000e000 00:10cf 707802129                /nix/store/gpxl5qgg8kicmcvivwmybwjlpf7wh20l-graalvm17-ce-22.3.0/lib/libjli.so
7f5407c48000-7f5407c49000 rw-p 0000f000 00:10cf 707802129                /nix/store/gpxl5qgg8kicmcvivwmybwjlpf7wh20l-graalvm17-ce-22.3.0/lib/libjli.so
7f5407c49000-7f5407c4a000 rw-p 00012000 00:10cf 707802129                /nix/store/gpxl5qgg8kicmcvivwmybwjlpf7wh20l-graalvm17-ce-22.3.0/lib/libjli.so
7f5407c4a000-7f5407c4d000 r--p 00000000 00:10cf 678822167                /nix/store/026hln0aq1hyshaxsdvhg0kmcm6yf45r-zlib-1.2.13/lib/libz.so.1.2.13
7f5407c4d000-7f5407c5f000 r-xp 00003000 00:10cf 678822167                /nix/store/026hln0aq1hyshaxsdvhg0kmcm6yf45r-zlib-1.2.13/lib/libz.so.1.2.13
7f5407c5f000-7f5407c66000 r--p 00015000 00:10cf 678822167                /nix/store/026hln0aq1hyshaxsdvhg0kmcm6yf45r-zlib-1.2.13/lib/libz.so.1.2.13
7f5407c66000-7f5407c67000 r--p 0001b000 00:10cf 678822167                /nix/store/026hln0aq1hyshaxsdvhg0kmcm6yf45r-zlib-1.2.13/lib/libz.so.1.2.13
7f5407c67000-7f5407c68000 rw-p 0001c000 00:10cf 678822167                /nix/store/026hln0aq1hyshaxsdvhg0kmcm6yf45r-zlib-1.2.13/lib/libz.so.1.2.13
7f5407c68000-7f5407c6a000 rw-p 00000000 00:00 0 
7f5407c6a000-7f5407c6c000 r--p 00000000 00:10cf 600592008                /nix/store/4nlgxhb09sdr51nc9hdm8az5b08vzkgx-glibc-2.35-163/lib/ld-linux-x86-64.so.2
7f5407c6c000-7f5407c93000 r-xp 00002000 00:10cf 600592008                /nix/store/4nlgxhb09sdr51nc9hdm8az5b08vzkgx-glibc-2.35-163/lib/ld-linux-x86-64.so.2
7f5407c93000-7f5407c9f000 r--p 00029000 00:10cf 600592008                /nix/store/4nlgxhb09sdr51nc9hdm8az5b08vzkgx-glibc-2.35-163/lib/ld-linux-x86-64.so.2
7f5407c9f000-7f5407ca1000 r--p 00034000 00:10cf 600592008                /nix/store/4nlgxhb09sdr51nc9hdm8az5b08vzkgx-glibc-2.35-163/lib/ld-linux-x86-64.so.2
7f5407ca1000-7f5407ca3000 rw-p 00036000 00:10cf 600592008                /nix/store/4nlgxhb09sdr51nc9hdm8az5b08vzkgx-glibc-2.35-163/lib/ld-linux-x86-64.so.2
7ffe0e756000-7ffe0e77a000 rw-p 00000000 00:00 0                          [stack]
7ffe0e7e7000-7ffe0e7eb000 r--p 00000000 00:00 0                          [vvar]
7ffe0e7eb000-7ffe0e7ed000 r-xp 00000000 00:00 0                          [vdso]
ffffffffff600000-ffffffffff601000 --xp 00000000 00:00 0                  [vsyscall]


VM Arguments:
jvm_args: -XX:ThreadPriorityPolicy=1 -XX:+UnlockExperimentalVMOptions -XX:+EnableJVMCIProduct -XX:JVMCIThreadsPerNativeLibraryRuntime=1 -XX:-UnlockExperimentalVMOptions -Declipse.application=org.eclipse.jdt.ls.core.id1 -Dosgi.bundles.defaultStartLevel=4 -Declipse.product=org.eclipse.jdt.ls.core.product -Dlog.level=ALL -Xverify:none -XX:+UseParallelGC -XX:GCTimeRatio=4 -XX:AdaptiveSizePolicyWeight=90 -Dsun.zip.disableMemoryMapping=true -Xmx512m -Xms100m 
java_command: /nix/store/a7s9klvriqi68xz3qjc0qyfl5h86xc16-jdt-language-server-1.9.0/share/java/plugins/org.eclipse.equinox.launcher_1.6.400.v20210924-0641.jar --add-modules=ALL-SYSTEM --add-opens java.base/java.util=ALL-UNNAMED --add-opens java.base/java.lang=ALL-UNNAMED -configuration /home/runner/.cache/jdt-language-server/config -data /home/runner/.cache/jdt-language-server/data/home/runner/CraftyDarkgreyJavadocsCreator
java_class_path (initial): /nix/store/a7s9klvriqi68xz3qjc0qyfl5h86xc16-jdt-language-server-1.9.0/share/java/plugins/org.eclipse.equinox.launcher_1.6.400.v20210924-0641.jar
Launcher Type: SUN_STANDARD

[Global flags]
    uintx AdaptiveSizePolicyWeight                 = 90                                        {product} {command line}
     intx CICompilerCount                          = 2                                         {product} {ergonomic}
     bool EnableJVMCIProduct                       = true                                {JVMCI product} {jimage}
    uintx GCTimeRatio                              = 4                                         {product} {command line}
   size_t InitialHeapSize                          = 104857600                                 {product} {command line}
     uint JVMCIThreadsPerNativeLibraryRuntime      = 1                                   {JVMCI product} {jimage}
   size_t MaxHeapSize                              = 536870912                                 {product} {command line}
   size_t MaxNewSize                               = 178782208                                 {product} {ergonomic}
   size_t MinHeapDeltaBytes                        = 524288                                    {product} {ergonomic}
   size_t MinHeapSize                              = 104857600                                 {product} {command line}
   size_t NewSize                                  = 34603008                                  {product} {ergonomic}
    uintx NonNMethodCodeHeapSize                   = 5826188                                {pd product} {ergonomic}
    uintx NonProfiledCodeHeapSize                  = 122916026                              {pd product} {ergonomic}
   size_t OldSize                                  = 70254592                                  {product} {ergonomic}
    uintx ProfiledCodeHeapSize                     = 122916026                              {pd product} {ergonomic}
    uintx ReservedCodeCacheSize                    = 251658240                              {pd product} {ergonomic}
     bool SegmentedCodeCache                       = true                                      {product} {ergonomic}
   size_t SoftMaxHeapSize                          = 536870912                              {manageable} {ergonomic}
     intx ThreadPriorityPolicy                     = 1                                         {product} {jimage}
     bool UseCompressedClassPointers               = true                           {product lp64_product} {ergonomic}
     bool UseCompressedOops                        = true                           {product lp64_product} {ergonomic}
     bool UseParallelGC                            = true                                      {product} {command line}

Logging:
Log output configuration:
 #0: stdout all=warning uptime,level,tags
 #1: stderr all=off uptime,level,tags

Environment Variables:
JAVA_HOME=/nix/store/gpxl5qgg8kicmcvivwmybwjlpf7wh20l-graalvm17-ce-22.3.0
PATH=/nix/store/1d6ian3r8kdzspw8hacjhl3xkp40g1lj-binutils-wrapper-2.39/bin:/nix/store/dq0xwmsk1g0i2ayg6pb7y87na2knzylh-gcc-wrapper-11.3.0/bin:/nix/store/bap4d0lpcrhpwmpb8ayjcgkmvfj62lnq-bash-interactive-5.1-p16/bin:/nix/store/pr5n59mb4jzmfx6kanwxly0l07p861fg-patchelf-0.15.0/bin:/nix/store/1gf2flfqnpqbr1b4p4qz2f72y42bs56r-gcc-11.3.0/bin:/nix/store/57xv61c5zi8pphjbcwxxjlgc34p61ic9-glibc-2.35-163-bin/bin:/nix/store/a7gvj343m05j2s32xcnwr35v31ynlypr-coreutils-9.1/bin:/nix/store/039g378vc3pc3dvi9dzdlrd0i4q93qwf-binutils-2.39/bin:/nix/store/gpxl5qgg8kicmcvivwmybwjlpf7wh20l-graalvm17-ce-22.3.0/bin:/nix/store/6z9ag3ihc8mq2hzsw48lhbznvzny65nz-apache-maven-3.8.6/bin:/nix/store/a7s9klvriqi68xz3qjc0qyfl5h86xc16-jdt-language-server-1.9.0/bin:/nix/store/48ifl2w60a3zp7yskbpnvn8jp9jdsb7k-java-debug/bin:/nix/store/mydc6f4k2z73xlcz7ilif3v2lcaiqvza-findutils-4.9.0/bin:/nix/store/j9p3g8472iijd50vhdprx0nmk2fqn5gv-diffutils-3.8/bin:/nix/store/89zs7rms6x00xfq4dq6m7mjnhkr8a6r4-gnused-4.8/bin:/nix/store/86bp03jkmsl6f92w0yzg4s59g5mhxwmy-gnugrep-3.7/bin:/nix/store/hwcdqw4jrjnd37wxqgsd47hd0j8bnj09-gawk-5.1.1/bin:/nix/store/cfbhw8r8ags41vwqaz47r583d0p4h4a1-gnutar-1.34/bin:/nix/store/p3m1ndl1lapwrlh698bnb5lvvxh67378-gzip-1.12/bin:/nix/store/a8mhcagrsly7c7mpjrpsnaahk4aax056-bzip2-1.0.8-bin/bin:/nix/store/mblgz65m3zv9x548a3d5m96fj2pbwr09-gnumake-4.3/bin:/nix/store/dsd5gz46hdbdk2rfdimqddhq6m8m8fqs-bash-5.1-p16/bin:/nix/store/v7ljksji50mg3w61dykaa3n3y79n6nil-patch-2.7.6/bin:/nix/store/zlcnmqq14jz5x9439jf937mvayyl63da-xz-5.2.7-bin/bin:/nix/store/y6aj732zm9m87c82fpvf103a1xb22blp-file-5.43/bin:/nix/store/v9py4f18ka9m81fl2nrgwim187awj8wb-nix-2.18.0pre20230808_c0e6466/bin:/nix/store/i4kzir3m7mrisxmf5xvlnkw01x4qaqr4-prybar-elisp-0.0.0-e0d9a52/bin:/nix/store/lwwivxf6h7x3cvxp9zv8sj0mv7dak99r-prybar-lua-0.0.0-e0d9a52/bin:/nix/store/gxj28g1cg4hq3qanmjv07156h800qr58-prybar-python3-0.0.0-e0d9a52/bin:/nix/store/hshkjnxrgidigf8x75vg6lqng2xlx9i3-prybar-sqlite-0.0.0-e0d9a52/bin:/nix/store/c4w01bpjgyy5ixmwdk8m1pw87zq4sl
LD_LIBRARY_PATH=/nix/store/a4pff549sk2idnkpzk5nsfps3mdkdnvm-cups-2.4.2-lib/lib:/nix/store/72mqxxhh3cy5yifh92wh2yb8cl2hikyy-cairo-1.16.0/lib:/nix/store/2k366jrbsra97gjfxwvrhvixjfxdach5-glib-2.74.1/lib:/nix/store/2j2znigd8ak37rlwh9khz0ry3clqlw1l-gtk+3-3.24.34/lib:/nix/store/hisqvx32cd57apbpcsnkpx6k3549wql1-libglvnd-1.4.0/lib:/nix/store/p36pgcv991mq5srvg765b78yqpxvk3qs-mesa-21.3.3-drivers/lib:/nix/store/mav4251if1ahjq5vkpwycyyvnmy459c4-pulseaudio-14.2/lib
DISPLAY=:0
LANG=en_US.UTF-8

Signal Handlers:
   SIGSEGV: crash_handler in libjvm.so, mask=11100100010111111101111111111110, flags=SA_RESTART|SA_SIGINFO
    SIGBUS: crash_handler in libjvm.so, mask=11100100010111111101111111111110, flags=SA_RESTART|SA_SIGINFO
    SIGFPE: crash_handler in libjvm.so, mask=11100100010111111101111111111110, flags=SA_RESTART|SA_SIGINFO
   SIGPIPE: IsolateEnterStub_IgnoreSIGPIPEStartupHook_noopSignalHandler_8f19bff2f35b5f630d83b364d6b2339320d4ec70_216e8361c6bc87a8f89f58cc10d3b2fd4415bf87 in libjvmcicompiler.so, mask=00000000000000000000000000000000, flags=SA_RESTART
  *** Handler was modified!
  *** Expected: javaSignalHandler in libjvm.so, mask=11100100110111111111111111111110, flags=SA_RESTART|SA_SIGINFO
   SIGXFSZ: javaSignalHandler in libjvm.so, mask=11100100010111111101111111111110, flags=SA_RESTART|SA_SIGINFO
    SIGILL: crash_handler in libjvm.so, mask=11100100010111111101111111111110, flags=SA_RESTART|SA_SIGINFO
   SIGUSR2: SR_handler in libjvm.so, mask=00000000000000000000000000000000, flags=SA_RESTART|SA_SIGINFO
    SIGHUP: UserHandler in libjvm.so, mask=11100100010111111101111111111110, flags=SA_RESTART|SA_SIGINFO
    SIGINT: UserHandler in libjvm.so, mask=11100100010111111101111111111110, flags=SA_RESTART|SA_SIGINFO
   SIGTERM: UserHandler in libjvm.so, mask=11100100010111111101111111111110, flags=SA_RESTART|SA_SIGINFO
   SIGQUIT: UserHandler in libjvm.so, mask=11100100010111111101111111111110, flags=SA_RESTART|SA_SIGINFO
  *** Handler was modified!
  *** Expected: javaSignalHandler in libjvm.so, mask=11100100110111111111111111111110, flags=SA_RESTART|SA_SIGINFO
   SIGTRAP: crash_handler in libjvm.so, mask=11100100010111111101111111111110, flags=SA_RESTART|SA_SIGINFO


---------------  S Y S T E M  ---------------

OS:
DISTRIB_ID=Ubuntu
DISTRIB_RELEASE=20.04
DISTRIB_CODENAME=focal
DISTRIB_DESCRIPTION="Ubuntu 20.04.2 LTS"
uname: Linux 6.2.0-1017-gcp #19~22.04.1-Ubuntu SMP Fri Oct 13 15:33:25 UTC 2023 x86_64
OS uptime: 0 days 16:19 hours
libc: glibc 2.35 NPTL 2.35 
rlimit (soft/hard): STACK 8192k/infinity , CORE infinity/infinity , NPROC infinity/infinity , NOFILE 5242/5242 , AS infinity/infinity , CPU infinity/infinity , DATA infinity/infinity , FSIZE infinity/infinity , MEMLOCK 8192k/8192k
load average: 22.52 21.54 22.01

/proc/meminfo:
MemTotal:       65835928 kB
MemFree:        24734920 kB
MemAvailable:   33547284 kB
Buffers:          483768 kB
Cached:          7509380 kB
SwapCached:            0 kB
Active:          4193748 kB
Inactive:       33981900 kB
Active(anon):      19788 kB
Inactive(anon): 29780128 kB
Active(file):    4173960 kB
Inactive(file):  4201772 kB
Unevictable:       28852 kB
Mlocked:           28852 kB
SwapTotal:             0 kB
SwapFree:              0 kB
Zswap:                 0 kB
Zswapped:              0 kB
Dirty:              5928 kB
Writeback:             8 kB
AnonPages:      28243936 kB
Mapped:          1311272 kB
Shmem:             49004 kB
KReclaimable:    1344540 kB
Slab:            1996088 kB
SReclaimable:    1344540 kB
SUnreclaim:       651548 kB
KernelStack:      184736 kB
PageTables:       346336 kB
SecPageTables:         0 kB
NFS_Unstable:          0 kB
Bounce:                0 kB
WritebackTmp:          0 kB
CommitLimit:    32917964 kB
Committed_AS:   74643020 kB
VmallocTotal:   34359738367 kB
VmallocUsed:      216076 kB
VmallocChunk:          0 kB
Percpu:            34976 kB
HardwareCorrupted:     0 kB
AnonHugePages:   5451776 kB
ShmemHugePages:        0 kB
ShmemPmdMapped:        0 kB
FileHugePages:         0 kB
FilePmdMapped:         0 kB
HugePages_Total:       0
HugePages_Free:        0
HugePages_Rsvd:        0
HugePages_Surp:        0
Hugepagesize:       2048 kB
Hugetlb:               0 kB
DirectMap4k:     1557304 kB
DirectMap2M:    64499712 kB
DirectMap1G:     3145728 kB

/sys/kernel/mm/transparent_hugepage/enabled: always [madvise] never
/sys/kernel/mm/transparent_hugepage/defrag (defrag/compaction efforts parameter): always defer defer+madvise [madvise] never

Process Memory:
Virtual Size: 5195864K (peak: 5276476K)
Resident Set Size: 753548K (peak: 790516K) (anon: 556452K, file: 197096K, shmem: 0K)
Swapped out: 0K
C-Heap outstanding allocations: 44841K, retained: 15178K
glibc malloc tunables: (default)

/proc/sys/kernel/threads-max (system-wide limit on the number of threads): 514277
/proc/sys/vm/max_map_count (maximum number of memory map areas a process may have): 65530
/proc/sys/kernel/pid_max (system-wide limit on number of process identifiers): 4194304

container (cgroup) information:
container_type: cgroupv2
cpu_cpuset_cpus: not supported
cpu_memory_nodes: not supported
active_processor_count: 1
cpu_quota: 50000
cpu_period: 100000
cpu_shares: no shares
memory_limit_in_bytes: 1048576 k
memory_and_swap_limit_in_bytes: unlimited
memory_soft_limit_in_bytes: 524288 k
memory_usage_in_bytes: 662280 k
memory_max_usage_in_bytes: not supported
maximum number of tasks: not supported
current number of tasks: not supported

KVM virtualization detected
Steal ticks since vm start: 661
Steal ticks percentage since vm start:  0.001

CPU: total 8 (initial active 1) (8 cores per cpu, 2 threads per core) family 23 model 49 stepping 0 microcode 0xffffffff, cx8, cmov, fxsr, ht, mmx, 3dnowpref, sse, sse2, sse3, ssse3, sse4a, sse4.1, sse4.2, popcnt, lzcnt, tsc, tscinvbit, avx, avx2, aes, clmul, bmi1, bmi2, adx, sha, fma, vzeroupper, clflush, clflushopt, hv
CPU Model and flags from /proc/cpuinfo:
model name	: AMD EPYC 7B12
flags		: fpu vme de pse tsc msr pae mce cx8 apic sep mtrr pge mca cmov pat pse36 clflush mmx fxsr sse sse2 ht syscall nx mmxext fxsr_opt pdpe1gb rdtscp lm constant_tsc rep_good nopl nonstop_tsc cpuid extd_apicid tsc_known_freq pni pclmulqdq ssse3 fma cx16 sse4_1 sse4_2 movbe popcnt aes xsave avx f16c rdrand hypervisor lahf_lm cmp_legacy cr8_legacy abm sse4a misalignsse 3dnowprefetch osvw topoext ssbd ibrs ibpb stibp vmmcall fsgsbase tsc_adjust bmi1 avx2 smep bmi2 rdseed adx smap clflushopt clwb sha_ni xsaveopt xsavec xgetbv1 clzero xsaveerptr arat npt nrip_save umip rdpid

Online cpus: 0-7
Offline cpus: 
BIOS frequency limitation: <Not Available>
Frequency switch latency (ns): <Not Available>
Available cpu frequencies: <Not Available>
Current governor: <Not Available>
Core performance/turbo boost: <Not Available>

Memory: 4k page, physical 1048576k(386288k free), swap 0k(0k free)
Page Sizes: 4k

vm_info: OpenJDK 64-Bit Server VM (17.0.5+8-jvmci-22.3-b08) for linux-amd64 JRE (17.0.5+8-jvmci-22.3-b08), built on Oct 19 2022 09:01:27 by "buildslave" with gcc 10.3.0

END.
