#
# A fatal error has been detected by the Java Runtime Environment:
#
#  Internal Error (jvmciRuntime.cpp:1609), pid=22, tid=40
#  fatal error: Fatal exception in JVMCI: Error calling jdk.vm.ci.services.Services.serializeSavedProperties
#
# JRE version: OpenJDK Runtime Environment GraalVM CE 22.3.0 (17.0.5+8) (build 17.0.5+8-jvmci-22.3-b08)
# Java VM: OpenJDK 64-Bit Server VM GraalVM CE 22.3.0 (17.0.5+8-jvmci-22.3-b08, mixed mode, sharing, tiered, jvmci, jvmci compiler, compressed oops, compressed class ptrs, parallel gc, linux-amd64)
# Problematic frame:
# V  [libjvm.so+0x972714]  JVMCIRuntime::fatal_exception(JVMCIEnv*, char const*)+0x74
#
# Core dump will be written. Default location: Core dumps may be processed with "/usr/share/apport/apport -p%p -s%s -c%c -d%d -P%P -u%u -g%g -- %E" (or dumping to /home/runner/CraftyDarkgreyJavadocsCreator/core.22)
#
# If you would like to submit a bug report, please visit:
#   https://github.com/oracle/graal/issues
#

---------------  S U M M A R Y ------------

Command Line: -XX:ThreadPriorityPolicy=1 -XX:+UnlockExperimentalVMOptions -XX:+EnableJVMCIProduct -XX:JVMCIThreadsPerNativeLibraryRuntime=1 -XX:-UnlockExperimentalVMOptions -Declipse.application=org.eclipse.jdt.ls.core.id1 -Dosgi.bundles.defaultStartLevel=4 -Declipse.product=org.eclipse.jdt.ls.core.product -Dlog.level=ALL -Xverify:none -XX:+UseParallelGC -XX:GCTimeRatio=4 -XX:AdaptiveSizePolicyWeight=90 -Dsun.zip.disableMemoryMapping=true -Xmx512m -Xms100m /nix/store/a7s9klvriqi68xz3qjc0qyfl5h86xc16-jdt-language-server-1.9.0/share/java/plugins/org.eclipse.equinox.launcher_1.6.400.v20210924-0641.jar --add-modules=ALL-SYSTEM --add-opens java.base/java.util=ALL-UNNAMED --add-opens java.base/java.lang=ALL-UNNAMED -configuration /home/runner/.cache/jdt-language-server/config -data /home/runner/.cache/jdt-language-server/data/home/runner/CraftyDarkgreyJavadocsCreator

Host: Intel(R) Xeon(R) CPU @ 2.20GHz, 8 cores, 1G, Ubuntu 20.04.2 LTS
Time: Tue Oct 24 06:38:58 2023 UTC elapsed time: 616.053186 seconds (0d 0h 10m 16s)

---------------  T H R E A D  ---------------

Current thread (0x00007f5d640b1c70):  JavaThread "JVMCI-native CompilerThread0" daemon [_thread_in_vm, id=40, stack(0x00007f5d48d18000,0x00007f5d48f18000)]


Current CompileTask:
JVMCI-native: 616053 9336       4       java.util.AbstractCollection::isEmpty (13 bytes)

Stack: [0x00007f5d48d18000,0x00007f5d48f18000],  sp=0x00007f5d48f16380,  free space=2040k
Native frames: (J=compiled Java code, j=interpreted, Vv=VM code, C=native code)
V  [libjvm.so+0x972714]  JVMCIRuntime::fatal_exception(JVMCIEnv*, char const*)+0x74
V  [libjvm.so+0x93e2fe]  JVMCIEnv::copy_saved_properties()+0x14e
V  [libjvm.so+0x9732a9]  JVMCIRuntime::initialize(JVMCIEnv*)+0xb19
V  [libjvm.so+0x9738a2]  JVMCIRuntime::get_HotSpotJVMCIRuntime(JVMCIEnv*)+0x12
V  [libjvm.so+0x9749f2]  JVMCIRuntime::compile_method(JVMCIEnv*, JVMCICompiler*, methodHandle const&, int)+0xd2
V  [libjvm.so+0x5b0d20]  CompileBroker::invoke_compiler_on_method(CompileTask*)+0x1470
V  [libjvm.so+0x5b12e8]  CompileBroker::compiler_thread_loop()+0x528
V  [libjvm.so+0xd82460]  JavaThread::thread_main_inner()+0xd0
V  [libjvm.so+0xd85a40]  Thread::call_run()+0xc0
V  [libjvm.so+0xbdb1e1]  thread_native_entry(Thread*)+0xe1

Register to memory mapping:

RAX=0x00007f5d689cd000 points into unknown readable memory: 0x0000000000000058 | 58 00 00 00 00 00 00 00
RBX=0x00007f5d69ac8398: <offset 0x0000000000ef5398> in /nix/store/gpxl5qgg8kicmcvivwmybwjlpf7wh20l-graalvm17-ce-22.3.0/lib/server/libjvm.so at 0x00007f5d68bd3000
RCX=0x00007f5d69a801e8: <offset 0x0000000000ead1e8> in /nix/store/gpxl5qgg8kicmcvivwmybwjlpf7wh20l-graalvm17-ce-22.3.0/lib/server/libjvm.so at 0x00007f5d68bd3000
RDX=0x0000000000000649 is an unknown value
RSP=0x00007f5d48f16380 is pointing into the stack for thread: 0x00007f5d640b1c70
RBP=0x00007f5d48f163a0 is pointing into the stack for thread: 0x00007f5d640b1c70
RSI=0x00007f5d69ac8c48: <offset 0x0000000000ef5c48> in /nix/store/gpxl5qgg8kicmcvivwmybwjlpf7wh20l-graalvm17-ce-22.3.0/lib/server/libjvm.so at 0x00007f5d68bd3000
RDI=0x00000000e0000000 is an oop: [B 
{0x00000000e0000000} - klass: {type array byte}
 - length: 57
R8 =0x00007f5d69ac8398: <offset 0x0000000000ef5398> in /nix/store/gpxl5qgg8kicmcvivwmybwjlpf7wh20l-graalvm17-ce-22.3.0/lib/server/libjvm.so at 0x00007f5d68bd3000
R9 =0x00007f5d48f16330 is pointing into the stack for thread: 0x00007f5d640b1c70
R10=0x00007f5d48f17948 is pointing into the stack for thread: 0x00007f5d640b1c70
R11=0x0000000000000293 is an unknown value
R12=0x0 is NULL
R13=0x00007f5d640b1c70 is a thread
R14=0x00007f5d64000b80 points into unknown readable memory: 0x00007f5d69cf9a38 | 38 9a cf 69 5d 7f 00 00
R15=0x00007f5d69e07e40: <offset 0x0000000001234e40> in /nix/store/gpxl5qgg8kicmcvivwmybwjlpf7wh20l-graalvm17-ce-22.3.0/lib/server/libjvm.so at 0x00007f5d68bd3000


Registers:
RAX=0x00007f5d689cd000, RBX=0x00007f5d69ac8398, RCX=0x00007f5d69a801e8, RDX=0x0000000000000649
RSP=0x00007f5d48f16380, RBP=0x00007f5d48f163a0, RSI=0x00007f5d69ac8c48, RDI=0x00000000e0000000
R8 =0x00007f5d69ac8398, R9 =0x00007f5d48f16330, R10=0x00007f5d48f17948, R11=0x0000000000000293
R12=0x0000000000000000, R13=0x00007f5d640b1c70, R14=0x00007f5d64000b80, R15=0x00007f5d69e07e40
RIP=0x00007f5d69545714, EFLAGS=0x0000000000010206, CSGSFS=0x002b000000000033, ERR=0x0000000000000006
  TRAPNO=0x000000000000000e

Top of Stack: (sp=0x00007f5d48f16380)
0x00007f5d48f16380:   00007f5d48f16940 00007f5d640b1c70
0x00007f5d48f16390:   00007f5d6835e8c8 0000000800c40dc8
0x00007f5d48f163a0:   00007f5d48f16500 00007f5d695112fe
0x00007f5d48f163b0:   00007f5d48f163e0 00007f5d48f16440 

Instructions: (pc=0x00007f5d69545714)
0x00007f5d69545614:   30 e8 f6 cf e8 ff 4c 89 e7 e8 2e 48 d1 ff 84 db
0x00007f5d69545624:   75 2a 4d 85 ed 74 04 4d 8b 6d 00 48 83 c4 08 44
0x00007f5d69545634:   89 f9 4c 89 f2 4c 89 ee 5b 4c 89 e7 41 5c 41 5d
0x00007f5d69545644:   41 5e 41 5f 5d e9 e2 47 d1 ff 66 90 48 83 c4 08
0x00007f5d69545654:   5b 41 5c 41 5d 41 5e 41 5f 5d c3 90 31 d2 be 08
0x00007f5d69545664:   00 00 00 4c 89 ff e8 b1 78 a3 ff 49 89 c5 e9 37
0x00007f5d69545674:   ff ff ff 66 0f 1f 84 00 00 00 00 00 48 8b 7a 08
0x00007f5d69545684:   e9 6d ff ff ff 0f 1f 80 00 00 00 00 e8 5b 48 0a
0x00007f5d69545694:   00 84 c0 75 89 e9 6a ff ff ff 66 90 55 48 89 e5
0x00007f5d695456a4:   41 56 41 55 41 54 49 89 fc 53 48 89 f3 66 48 8d
0x00007f5d695456b4:   3d 27 5e 85 00 66 66 48 e8 df 43 8d ff 4c 8b 28
0x00007f5d695456c4:   8b 05 be 72 8a 00 85 c0 75 14 ba 01 00 00 00 48
0x00007f5d695456d4:   8d 0d ae 72 8a 00 f0 0f b1 11 85 c0 74 4e be c8
0x00007f5d695456e4:   00 00 00 4c 89 ef e8 01 0b 41 00 48 8d 05 12 ac
0x00007f5d695456f4:   85 00 49 89 d8 48 8d 0d e8 aa 53 00 ba 49 06 00
0x00007f5d69545704:   00 48 8d 35 3c 35 58 00 bf 00 00 00 e0 48 8b 00
0x00007f5d69545714:   c6 00 58 31 c0 e8 e2 91 c6 ff 5b 41 5c 41 5d 41
0x00007f5d69545724:   5e 5d e9 55 34 26 00 0f 1f 44 00 00 48 8d 05 81
0x00007f5d69545734:   a3 8b 00 48 89 df 4c 8b 30 e8 9e 43 8d ff 48 89
0x00007f5d69545744:   de 48 89 c2 49 8b 06 4c 89 f7 ff 50 08 4c 89 f7
0x00007f5d69545754:   e8 a7 5c 27 00 4d 85 e4 74 12 be 01 00 00 00 4c
0x00007f5d69545764:   89 e7 e8 35 43 fc ff eb 82 0f 1f 00 be 01 00 00
0x00007f5d69545774:   00 4c 89 ef e8 d3 fd ff ff e9 6d ff ff ff 66 66
0x00007f5d69545784:   2e 0f 1f 84 00 00 00 00 00 0f 1f 00 55 48 89 e5
0x00007f5d69545794:   41 57 41 56 41 55 41 54 53 48 81 ec 08 02 00 00
0x00007f5d695457a4:   64 48 8b 04 25 28 00 00 00 48 89 45 c8 8b 07 83
0x00007f5d695457b4:   f8 02 0f 84 11 04 00 00 4c 8b 6f 18 49 89 ff 49
0x00007f5d695457c4:   89 f4 4d 85 ed 74 14 4c 89 ef e8 5d 57 22 00 41
0x00007f5d695457d4:   8b 07 83 f8 02 0f 84 19 04 00 00 48 8d 1d 9a 06
0x00007f5d695457e4:   8a 00 4c 8d 35 0b 3c 58 00 eb 38 90 48 85 d2 7f
0x00007f5d695457f4:   0d 48 8d 05 b4 c0 85 00 48 83 38 00 7e 0e 41 8b
0x00007f5d69545804:   77 2c 4c 89 f7 31 c0 e8 a0 b2 f7 ff 49 8b 7f 18 


Stack slot to memory mapping:
stack at sp + 0 slots: 0x00007f5d48f16940 is pointing into the stack for thread: 0x00007f5d640b1c70
stack at sp + 1 slots: 0x00007f5d640b1c70 is a thread
stack at sp + 2 slots: 0x00007f5d6835e8c8 points into unknown readable memory: 0x65730018e552ffff | ff ff 52 e5 18 00 73 65
stack at sp + 3 slots: 0x0000000800c40dc8 is a pointer to class: 
jdk.vm.ci.services.Services {0x0000000800c40dc8}
 - instance size:     2
 - klass size:        65
 - access:            public final synchronized 
 - state:             fully_initialized
 - name:              'jdk/vm/ci/services/Services'
 - super:             'java/lang/Object'
 - sub:               
 - arrays:            NULL
 - methods:           Array<T>(0x00007f5d4983c5e8)
 - method ordering:   Array<T>(0x0000000800928960)
 - default_methods:   Array<T>(0x0000000000000000)
 - local interfaces:  Array<T>(0x00000008005ce810)
 - trans. interfaces: Array<T>(0x00000008005ce810)
 - constants:         constant pool [427] {0x00007f5d4983b6c8} for 'jdk/vm/ci/services/Services' cache=0x00007f5d4983d8b8
 - class loader data:  loader data: 0x00007f5d64027ce0 of 'bootstrap'
 - source file:       'Services.java'
 - class annotations:       Array<T>(0x0000000000000000)
 - class type annotations:  Array<T>(0x0000000000000000)
 - field annotations:       Array<T>(0x0000000000000000)
 - field type annotations:  Array<T>(0x0000000000000000)
 - inner classes:     Array<T>(0x00007f5d4983d888)
 - nest members:     Array<T>(0x00007f5d4983d8a8)
 - permitted subclasses:     Array<T>(0x00000008005ce7a0)
 - java mirror:       a 'java/lang/Class'{0x00000000e017e768} = 'jdk/vm/ci/services/Services'
 - vtable length      5  (start addr: 0x0000000800c40f98)
 - itable length      2 (start addr: 0x0000000800c40fc0)
 - ---- static fields (3 words):
 - public static final 'IS_BUILDING_NATIVE_IMAGE' 'Z' @128 
 - public static final 'IS_IN_NATIVE_IMAGE' 'Z' @129 
 - private static volatile 'savedProperties' 'Ljava/util/Map;' @112 
 - static final 'JVMCI_ENABLED' 'Z' @130 
 - private static final 'servicesCache' 'Ljava/util/Map;' @116 
 - private static final 'MAX_UNICODE_IN_UTF8_LENGTH' 'I' @120 
 - private static final 'MAX_UTF8_PROPERTY_STRING_LENGTH' 'I' @124 
 - ---- non-static fields (0 words):
 - non-static oop maps: 
stack at sp + 4 slots: 0x00007f5d48f16500 is pointing into the stack for thread: 0x00007f5d640b1c70
stack at sp + 5 slots: 0x00007f5d695112fe: <offset 0x000000000093e2fe> in /nix/store/gpxl5qgg8kicmcvivwmybwjlpf7wh20l-graalvm17-ce-22.3.0/lib/server/libjvm.so at 0x00007f5d68bd3000
stack at sp + 6 slots: 0x00007f5d48f163e0 is pointing into the stack for thread: 0x00007f5d640b1c70
stack at sp + 7 slots: 0x00007f5d48f16440 is pointing into the stack for thread: 0x00007f5d640b1c70


---------------  P R O C E S S  ---------------

Threads class SMR info:
_java_thread_list=0x00007f5cac000b70, length=25, elements={
0x00007f5d64025f80, 0x00007f5d640a5f20, 0x00007f5d640a7360, 0x00007f5d640adae0,
0x00007f5d640aee90, 0x00007f5d640b0280, 0x00007f5d640b1c70, 0x00007f5d640b3180,
0x00007f5d640b41e0, 0x00007f5d640d7880, 0x00007f5d6411f790, 0x00007f5d64322f70,
0x00007f5d64356960, 0x00007f5d64358b40, 0x00007f5d641ece70, 0x00007f5cf8016e40,
0x00007f5cf82c1270, 0x00007f5ce80010d0, 0x00007f5cf84a5780, 0x00007f5cf866e1f0,
0x00007f5d642de6d0, 0x00007f5d644aa340, 0x00007f5cc4002210, 0x00007f5cd0415330,
0x00007f5cec154ab0
}

Java Threads: ( => current thread )
  0x00007f5d64025f80 JavaThread "main" [_thread_blocked, id=31, stack(0x00007f5d689ee000,0x00007f5d68aee000)]
  0x00007f5d640a5f20 JavaThread "Reference Handler" daemon [_thread_blocked, id=34, stack(0x00007f5d495fe000,0x00007f5d496fe000)]
  0x00007f5d640a7360 JavaThread "Finalizer" daemon [_thread_blocked, id=35, stack(0x00007f5d494fe000,0x00007f5d495fe000)]
  0x00007f5d640adae0 JavaThread "Signal Dispatcher" daemon [_thread_blocked, id=37, stack(0x00007f5d49118000,0x00007f5d49218000)]
  0x00007f5d640aee90 JavaThread "Service Thread" daemon [_thread_blocked, id=38, stack(0x00007f5d49018000,0x00007f5d49118000)]
  0x00007f5d640b0280 JavaThread "Monitor Deflation Thread" daemon [_thread_blocked, id=39, stack(0x00007f5d48f18000,0x00007f5d49018000)]
=>0x00007f5d640b1c70 JavaThread "JVMCI-native CompilerThread0" daemon [_thread_in_vm, id=40, stack(0x00007f5d48d18000,0x00007f5d48f18000)]
  0x00007f5d640b3180 JavaThread "C1 CompilerThread0" daemon [_thread_blocked, id=41, stack(0x00007f5d48b18000,0x00007f5d48d18000)]
  0x00007f5d640b41e0 JavaThread "Sweeper thread" daemon [_thread_blocked, id=42, stack(0x00007f5d48a18000,0x00007f5d48b18000)]
  0x00007f5d640d7880 JavaThread "Common-Cleaner" daemon [_thread_blocked, id=43, stack(0x00007f5d48918000,0x00007f5d48a18000)]
  0x00007f5d6411f790 JavaThread "Notification Thread" daemon [_thread_blocked, id=44, stack(0x00007f5d48818000,0x00007f5d48918000)]
  0x00007f5d64322f70 JavaThread "Active Thread: Equinox Container: 3352169d-f6bc-4e0e-8c1d-fd50c95117bd" [_thread_blocked, id=63, stack(0x00007f5d48500000,0x00007f5d48600000)]
  0x00007f5d64356960 JavaThread "Framework Event Dispatcher: Equinox Container: 3352169d-f6bc-4e0e-8c1d-fd50c95117bd" daemon [_thread_blocked, id=64, stack(0x00007f5d48300000,0x00007f5d48400000)]
  0x00007f5d64358b40 JavaThread "Start Level: Equinox Container: 3352169d-f6bc-4e0e-8c1d-fd50c95117bd" daemon [_thread_blocked, id=65, stack(0x00007f5d48100000,0x00007f5d48200000)]
  0x00007f5d641ece70 JavaThread "Refresh Thread: Equinox Container: 3352169d-f6bc-4e0e-8c1d-fd50c95117bd" daemon [_thread_blocked, id=73, stack(0x00007f5d10900000,0x00007f5d10a00000)]
  0x00007f5cf8016e40 JavaThread "SCR Component Actor" daemon [_thread_blocked, id=74, stack(0x00007f5d10700000,0x00007f5d10800000)]
  0x00007f5cf82c1270 JavaThread "Worker-JM" [_thread_blocked, id=82, stack(0x00007f5d10300000,0x00007f5d10400000)]
  0x00007f5ce80010d0 JavaThread "Worker-1" [_thread_blocked, id=84, stack(0x00007f5d0ff00000,0x00007f5d10000000)]
  0x00007f5cf84a5780 JavaThread "Java indexing" daemon [_thread_blocked, id=91, stack(0x00007f5d0fd00000,0x00007f5d0fe00000)]
  0x00007f5cf866e1f0 JavaThread "Bundle File Closer" daemon [_thread_blocked, id=92, stack(0x00007f5d0fb00000,0x00007f5d0fc00000)]
  0x00007f5d642de6d0 JavaThread "pool-3-thread-1" [_thread_blocked, id=100, stack(0x00007f5d0f700000,0x00007f5d0f800000)]
  0x00007f5d644aa340 JavaThread "pool-2-thread-1" [_thread_in_native, id=101, stack(0x00007f5d10500000,0x00007f5d10600000)]
  0x00007f5cc4002210 JavaThread "Worker-6" [_thread_blocked, id=125, stack(0x00007f5d0ef00000,0x00007f5d0f000000)]
  0x00007f5cd0415330 JavaThread "Okio Watchdog" daemon [_thread_blocked, id=178, stack(0x00007f5d0fe00000,0x00007f5d0ff00000)]
  0x00007f5cec154ab0 JavaThread "Thread-3" [_thread_blocked, id=204, stack(0x00007f5d0fc00000,0x00007f5d0fd00000)]

Other Threads:
  0x00007f5d640a1660 VMThread "VM Thread" [stack: 0x00007f5d49700000,0x00007f5d49800000] [id=33] _threads_hazard_ptr=0x00007f5cac000b70
  0x00007f5d64121130 WatcherThread [stack: 0x00007f5d48718000,0x00007f5d48818000] [id=45]
  0x00007f5d6403d880 GCTaskThread "GC Thread#0" [stack: 0x00007f5d685b1000,0x00007f5d686b1000] [id=32]

Threads with active compile tasks:
JVMCI-native CompilerThread0   616113 9336       4       java.util.AbstractCollection::isEmpty (13 bytes)

VM state: synchronizing (normal execution)

VM Mutex/Monitor currently owned by a thread:  ([mutex/lock_event])
[0x00007f5d64023130] Threads_lock - owner thread: 0x00007f5d640a1660
[0x00007f5d640238e0] Heap_lock - owner thread: 0x00007f5ce80010d0

OutOfMemory and StackOverflow Exception counts:
OutOfMemoryError java_heap_errors=8
LinkageErrors=63

Heap address: 0x00000000e0000000, size: 512 MB, Compressed Oops mode: 32-bit

CDS archive(s) mapped at: [0x0000000800000000-0x0000000800bc8000-0x0000000800bc8000), size 12353536, SharedBaseAddress: 0x0000000800000000, ArchiveRelocationMode: 0.
Compressed class space mapped at: 0x0000000800c00000-0x0000000840c00000, reserved size: 1073741824
Narrow klass base: 0x0000000800000000, Narrow klass shift: 0, Narrow klass range: 0x100000000

GC Precious Log:
 CPUs: 8 total, 1 available
 Memory: 1024M
 Large Page Support: Disabled
 NUMA Support: Disabled
 Compressed Oops: Enabled (32-bit)
 Alignments: Space 512K, Generation 512K, Heap 2M
 Heap Min Capacity: 100M
 Heap Initial Capacity: 100M
 Heap Max Capacity: 512M
 Pre-touch: Disabled
 Parallel Workers: 1

Heap:
 PSYoungGen      total 56832K, used 41983K [0x00000000f5580000, 0x00000000f9d00000, 0x0000000100000000)
  eden space 41984K, 99% used [0x00000000f5580000,0x00000000f7e7fff8,0x00000000f7e80000)
  from space 14848K, 0% used [0x00000000f7e80000,0x00000000f7e80000,0x00000000f8d00000)
  to   space 14848K, 0% used [0x00000000f8d00000,0x00000000f8d00000,0x00000000f9b80000)
 ParOldGen       total 349696K, used 349695K [0x00000000e0000000, 0x00000000f5580000, 0x00000000f5580000)
  object space 349696K, 99% used [0x00000000e0000000,0x00000000f557fff8,0x00000000f5580000)
 Metaspace       used 61114K, committed 62336K, reserved 1105920K
  class space    used 6003K, committed 6464K, reserved 1048576K

Card table byte_map: [0x00007f5d686b1000,0x00007f5d687b2000] _byte_map_base: 0x00007f5d67fb1000

Marking Bits: (ParMarkBitMap*) 0x00007f5d69e014c0
 Begin Bits: [0x00007f5d4a4b3000, 0x00007f5d4acb3000)
 End Bits:   [0x00007f5d4acb3000, 0x00007f5d4b4b3000)

Polling page: 0x00007f5d689cb000

Metaspace:

Usage:
  Non-class:     53.82 MB used.
      Class:      5.86 MB used.
       Both:     59.68 MB used.

Virtual space:
  Non-class space:       56.00 MB reserved,      54.56 MB ( 97%) committed,  7 nodes.
      Class space:        1.00 GB reserved,       6.31 MB ( <1%) committed,  1 nodes.
             Both:        1.05 GB reserved,      60.88 MB (  6%) committed. 

Chunk freelists:
   Non-Class:  1.51 MB
       Class:  1.79 MB
        Both:  3.30 MB

MaxMetaspaceSize: unlimited
CompressedClassSpaceSize: 1.00 GB
Initial GC threshold: 21.00 MB
Current GC threshold: 101.50 MB
CDS: on
MetaspaceReclaimPolicy: balanced
 - commit_granule_bytes: 65536.
 - commit_granule_words: 8192.
 - virtual_space_node_default_size: 1048576.
 - enlarge_chunks_in_place: 1.
 - new_chunks_are_fully_committed: 0.
 - uncommit_free_chunks: 1.
 - use_allocation_guard: 0.
 - handle_deallocations: 1.


Internal statistics:

num_allocs_failed_limit: 6.
num_arena_births: 488.
num_arena_deaths: 150.
num_vsnodes_births: 8.
num_vsnodes_deaths: 0.
num_space_committed: 973.
num_space_uncommitted: 0.
num_chunks_returned_to_freelist: 211.
num_chunks_taken_from_freelist: 2879.
num_chunk_merges: 87.
num_chunk_splits: 1874.
num_chunks_enlarged: 1171.
num_purges: 12.
num_inconsistent_stats: 0.

CodeHeap 'non-profiled nmethods': size=120036Kb used=2532Kb max_used=2532Kb free=117503Kb
 bounds [0x00007f5d52f7a000, 0x00007f5d531fa000, 0x00007f5d5a4b3000]
CodeHeap 'profiled nmethods': size=120032Kb used=14831Kb max_used=16752Kb free=105200Kb
 bounds [0x00007f5d4ba42000, 0x00007f5d4caa2000, 0x00007f5d52f7a000]
CodeHeap 'non-nmethods': size=5692Kb used=1377Kb max_used=1397Kb free=4314Kb
 bounds [0x00007f5d4b4b3000, 0x00007f5d4b723000, 0x00007f5d4ba42000]
 total_blobs=7634 nmethods=6921 adapters=626
 compilation: enabled
              stopped_count=0, restarted_count=0
 full_count=0

JVMCI Events (20 events):
Event: 94.809 Thread 0x00007f5d640b1c70 destroyed JavaVM[1]@0x00007f5d1169e340 for JVMCI runtime 0
Event: 94.809 Thread 0x00007f5d640b1c70 compacted oop handles in JVMCI runtime 0 from 85 to 85
Event: 94.809 Thread 0x00007f5d640b1c70 releasing handles for JVMCI runtime 0: oop handles=85, metadata handles={total=1152, live=994, blocks=36}
Event: 94.809 Thread 0x00007f5d640b1c70 detached from JVMCI runtime 0
Event: 484.596 Thread 0x00007f5d640b1c70 attached to JVMCI runtime 0
Event: 484.599 Thread 0x00007f5d640b1c70 created JavaVM[2]@0x00007f5d0e99e340 for JVMCI runtime 0
Event: 489.196 Thread 0x00007f5d640b1c70 initializing JVMCI runtime 0
Event: 489.196 Thread 0x00007f5d640b1c70 done waiting for JavaVM references initialization in JVMCI runtime 0
Event: 524.194 Thread 0x00007f5d640b1c70 initialized JVMCI runtime 0
Event: 531.514 Thread 0x00007f5d640b1c70 detaching from JVMCI runtime 0: releasing idle compiler thread (0 other threads still attached)
Event: 531.514 Thread 0x00007f5d640b1c70 shutting down HotSpotJVMCIRuntime for JVMCI runtime 0
Event: 531.514 Thread 0x00007f5d640b1c70 shut down JVMCI runtime 0
Event: 531.516 Thread 0x00007f5d640b1c70 destroyed JavaVM[2]@0x00007f5d0e99e340 for JVMCI runtime 0
Event: 531.516 Thread 0x00007f5d640b1c70 compacted oop handles in JVMCI runtime 0 from 42 to 42
Event: 531.516 Thread 0x00007f5d640b1c70 releasing handles for JVMCI runtime 0: oop handles=42, metadata handles={total=87, live=76, blocks=36}
Event: 531.516 Thread 0x00007f5d640b1c70 detached from JVMCI runtime 0
Event: 607.107 Thread 0x00007f5d640b1c70 attached to JVMCI runtime 0
Event: 607.111 Thread 0x00007f5d640b1c70 created JavaVM[3]@0x00007f5d0e99e340 for JVMCI runtime 0
Event: 611.612 Thread 0x00007f5d640b1c70 initializing JVMCI runtime 0
Event: 611.612 Thread 0x00007f5d640b1c70 done waiting for JavaVM references initialization in JVMCI runtime 0

Compilation events (20 events):
Event: 93.601 Thread 0x00007f5d640b1c70 nmethod 9281 0x00007f5d531f0790 code [0x00007f5d531f0920, 0x00007f5d531f0ac0]
Event: 93.601 Thread 0x00007f5d640b1c70 9282       4       java.nio.DirectByteBufferR::slice (74 bytes)
Event: 93.672 Thread 0x00007f5d640b1c70 nmethod 9282 0x00007f5d531f0c90 code [0x00007f5d531f0e20, 0x00007f5d531f0fc0]
Event: 93.673 Thread 0x00007f5d640b1c70 9290       4       java.util.Collections$EmptySet::iterator (4 bytes)
Event: 93.674 Thread 0x00007f5d640b1c70 nmethod 9290 0x00007f5d531f1190 code [0x00007f5d531f1300, 0x00007f5d531f1348]
Event: 93.674 Thread 0x00007f5d640b1c70 9280       4       java.util.stream.AbstractPipeline::spliterator (116 bytes)
Event: 93.680 Thread 0x00007f5d640b1c70 nmethod 9280 0x00007f5d531f1490 code [0x00007f5d531f1620, 0x00007f5d531f1858]
Event: 93.680 Thread 0x00007f5d640b1c70 9278       4       org.eclipse.jdt.core.Signature::appendTypeSignature (9 bytes)
Event: 93.776 Thread 0x00007f5d640b1c70 nmethod 9278 0x00007f5d531f1a10 code [0x00007f5d531f1c20, 0x00007f5d531f2058]
Event: 93.776 Thread 0x00007f5d640b1c70 9279       4       org.eclipse.jdt.core.Signature::appendTypeSignature (513 bytes)
Event: 93.786 Thread 0x00007f5d640b1c70 nmethod 9279 0x00007f5d531f2510 code [0x00007f5d531f2740, 0x00007f5d531f2c18]
Event: 241.240 Thread 0x00007f5d640b3180 9332       3       java.util.concurrent.Executors$RunnableAdapter::call (14 bytes)
Event: 241.240 Thread 0x00007f5d640b3180 nmethod 9332 0x00007f5d4c151a10 code [0x00007f5d4c151bc0, 0x00007f5d4c151f00]
Event: 455.380 Thread 0x00007f5d640b3180 9333       3       java.util.concurrent.ThreadPoolExecutor::runStateAtLeast (11 bytes)
Event: 455.380 Thread 0x00007f5d640b3180 nmethod 9333 0x00007f5d4c129710 code [0x00007f5d4c1298a0, 0x00007f5d4c1299f0]
Event: 484.596 Thread 0x00007f5d640b1c70 9334       4       jdk.internal.misc.Unsafe::weakCompareAndSetInt (11 bytes)
Event: 495.718 Thread 0x00007f5d640b3180 9335       3       java.util.concurrent.locks.LockSupport::setBlocker (12 bytes)
Event: 500.291 Thread 0x00007f5d640b3180 nmethod 9335 0x00007f5d4c17a010 code [0x00007f5d4c17a1c0, 0x00007f5d4c17a2e0]
Event: 528.679 Thread 0x00007f5d640b1c70 nmethod 9334 0x00007f5d531f3090 code [0x00007f5d531f3200, 0x00007f5d531f3250]
Event: 607.107 Thread 0x00007f5d640b1c70 9336       4       java.util.AbstractCollection::isEmpty (13 bytes)

GC Heap History (20 events):
Event: 593.386 GC heap before
{Heap before GC invocations=294 (full 169):
 PSYoungGen      total 56832K, used 41983K [0x00000000f5580000, 0x00000000f9d00000, 0x0000000100000000)
  eden space 41984K, 99% used [0x00000000f5580000,0x00000000f7e7fff8,0x00000000f7e80000)
  from space 14848K, 0% used [0x00000000f7e80000,0x00000000f7e80000,0x00000000f8d00000)
  to   space 14848K, 0% used [0x00000000f8d00000,0x00000000f8d00000,0x00000000f9b80000)
 ParOldGen       total 349696K, used 349695K [0x00000000e0000000, 0x00000000f5580000, 0x00000000f5580000)
  object space 349696K, 99% used [0x00000000e0000000,0x00000000f557fff8,0x00000000f5580000)
 Metaspace       used 61114K, committed 62336K, reserved 1105920K
  class space    used 6003K, committed 6464K, reserved 1048576K
}
Event: 595.717 GC heap after
{Heap after GC invocations=294 (full 169):
 PSYoungGen      total 56832K, used 41983K [0x00000000f5580000, 0x00000000f9d00000, 0x0000000100000000)
  eden space 41984K, 99% used [0x00000000f5580000,0x00000000f7e7fff8,0x00000000f7e80000)
  from space 14848K, 0% used [0x00000000f8d00000,0x00000000f8d00000,0x00000000f9b80000)
  to   space 14848K, 0% used [0x00000000f7e80000,0x00000000f7e80000,0x00000000f8d00000)
 ParOldGen       total 349696K, used 349695K [0x00000000e0000000, 0x00000000f5580000, 0x00000000f5580000)
  object space 349696K, 99% used [0x00000000e0000000,0x00000000f557fff8,0x00000000f5580000)
 Metaspace       used 61114K, committed 62336K, reserved 1105920K
  class space    used 6003K, committed 6464K, reserved 1048576K
}
Event: 595.717 GC heap before
{Heap before GC invocations=295 (full 170):
 PSYoungGen      total 56832K, used 41983K [0x00000000f5580000, 0x00000000f9d00000, 0x0000000100000000)
  eden space 41984K, 99% used [0x00000000f5580000,0x00000000f7e7fff8,0x00000000f7e80000)
  from space 14848K, 0% used [0x00000000f8d00000,0x00000000f8d00000,0x00000000f9b80000)
  to   space 14848K, 0% used [0x00000000f7e80000,0x00000000f7e80000,0x00000000f8d00000)
 ParOldGen       total 349696K, used 349695K [0x00000000e0000000, 0x00000000f5580000, 0x00000000f5580000)
  object space 349696K, 99% used [0x00000000e0000000,0x00000000f557fff8,0x00000000f5580000)
 Metaspace       used 61114K, committed 62336K, reserved 1105920K
  class space    used 6003K, committed 6464K, reserved 1048576K
}
Event: 597.910 GC heap after
{Heap after GC invocations=295 (full 170):
 PSYoungGen      total 56832K, used 41983K [0x00000000f5580000, 0x00000000f9d00000, 0x0000000100000000)
  eden space 41984K, 99% used [0x00000000f5580000,0x00000000f7e7fff8,0x00000000f7e80000)
  from space 14848K, 0% used [0x00000000f7e80000,0x00000000f7e80000,0x00000000f8d00000)
  to   space 14848K, 0% used [0x00000000f8d00000,0x00000000f8d00000,0x00000000f9b80000)
 ParOldGen       total 349696K, used 349695K [0x00000000e0000000, 0x00000000f5580000, 0x00000000f5580000)
  object space 349696K, 99% used [0x00000000e0000000,0x00000000f557fff8,0x00000000f5580000)
 Metaspace       used 61114K, committed 62336K, reserved 1105920K
  class space    used 6003K, committed 6464K, reserved 1048576K
}
Event: 597.911 GC heap before
{Heap before GC invocations=296 (full 171):
 PSYoungGen      total 56832K, used 41983K [0x00000000f5580000, 0x00000000f9d00000, 0x0000000100000000)
  eden space 41984K, 99% used [0x00000000f5580000,0x00000000f7e7fff8,0x00000000f7e80000)
  from space 14848K, 0% used [0x00000000f7e80000,0x00000000f7e80000,0x00000000f8d00000)
  to   space 14848K, 0% used [0x00000000f8d00000,0x00000000f8d00000,0x00000000f9b80000)
 ParOldGen       total 349696K, used 349695K [0x00000000e0000000, 0x00000000f5580000, 0x00000000f5580000)
  object space 349696K, 99% used [0x00000000e0000000,0x00000000f557fff8,0x00000000f5580000)
 Metaspace       used 61114K, committed 62336K, reserved 1105920K
  class space    used 6003K, committed 6464K, reserved 1048576K
}
Event: 600.194 GC heap after
{Heap after GC invocations=296 (full 171):
 PSYoungGen      total 56832K, used 41983K [0x00000000f5580000, 0x00000000f9d00000, 0x0000000100000000)
  eden space 41984K, 99% used [0x00000000f5580000,0x00000000f7e7fff8,0x00000000f7e80000)
  from space 14848K, 0% used [0x00000000f8d00000,0x00000000f8d00000,0x00000000f9b80000)
  to   space 14848K, 0% used [0x00000000f7e80000,0x00000000f7e80000,0x00000000f8d00000)
 ParOldGen       total 349696K, used 349695K [0x00000000e0000000, 0x00000000f5580000, 0x00000000f5580000)
  object space 349696K, 99% used [0x00000000e0000000,0x00000000f557ffc8,0x00000000f5580000)
 Metaspace       used 61114K, committed 62336K, reserved 1105920K
  class space    used 6003K, committed 6464K, reserved 1048576K
}
Event: 600.194 GC heap before
{Heap before GC invocations=297 (full 172):
 PSYoungGen      total 56832K, used 41983K [0x00000000f5580000, 0x00000000f9d00000, 0x0000000100000000)
  eden space 41984K, 99% used [0x00000000f5580000,0x00000000f7e7fff8,0x00000000f7e80000)
  from space 14848K, 0% used [0x00000000f8d00000,0x00000000f8d00000,0x00000000f9b80000)
  to   space 14848K, 0% used [0x00000000f7e80000,0x00000000f7e80000,0x00000000f8d00000)
 ParOldGen       total 349696K, used 349695K [0x00000000e0000000, 0x00000000f5580000, 0x00000000f5580000)
  object space 349696K, 99% used [0x00000000e0000000,0x00000000f557fff8,0x00000000f5580000)
 Metaspace       used 61114K, committed 62336K, reserved 1105920K
  class space    used 6003K, committed 6464K, reserved 1048576K
}
Event: 602.610 GC heap after
{Heap after GC invocations=297 (full 172):
 PSYoungGen      total 56832K, used 41983K [0x00000000f5580000, 0x00000000f9d00000, 0x0000000100000000)
  eden space 41984K, 99% used [0x00000000f5580000,0x00000000f7e7ffe0,0x00000000f7e80000)
  from space 14848K, 0% used [0x00000000f7e80000,0x00000000f7e80000,0x00000000f8d00000)
  to   space 14848K, 0% used [0x00000000f8d00000,0x00000000f8d00000,0x00000000f9b80000)
 ParOldGen       total 349696K, used 349695K [0x00000000e0000000, 0x00000000f5580000, 0x00000000f5580000)
  object space 349696K, 99% used [0x00000000e0000000,0x00000000f557fff8,0x00000000f5580000)
 Metaspace       used 61114K, committed 62336K, reserved 1105920K
  class space    used 6003K, committed 6464K, reserved 1048576K
}
Event: 602.611 GC heap before
{Heap before GC invocations=298 (full 173):
 PSYoungGen      total 56832K, used 41984K [0x00000000f5580000, 0x00000000f9d00000, 0x0000000100000000)
  eden space 41984K, 100% used [0x00000000f5580000,0x00000000f7e80000,0x00000000f7e80000)
  from space 14848K, 0% used [0x00000000f7e80000,0x00000000f7e80000,0x00000000f8d00000)
  to   space 14848K, 0% used [0x00000000f8d00000,0x00000000f8d00000,0x00000000f9b80000)
 ParOldGen       total 349696K, used 349695K [0x00000000e0000000, 0x00000000f5580000, 0x00000000f5580000)
  object space 349696K, 99% used [0x00000000e0000000,0x00000000f557fff8,0x00000000f5580000)
 Metaspace       used 61114K, committed 62336K, reserved 1105920K
  class space    used 6003K, committed 6464K, reserved 1048576K
}
Event: 604.880 GC heap after
{Heap after GC invocations=298 (full 173):
 PSYoungGen      total 56832K, used 41983K [0x00000000f5580000, 0x00000000f9d00000, 0x0000000100000000)
  eden space 41984K, 99% used [0x00000000f5580000,0x00000000f7e7ffe0,0x00000000f7e80000)
  from space 14848K, 0% used [0x00000000f8d00000,0x00000000f8d00000,0x00000000f9b80000)
  to   space 14848K, 0% used [0x00000000f7e80000,0x00000000f7e80000,0x00000000f8d00000)
 ParOldGen       total 349696K, used 349695K [0x00000000e0000000, 0x00000000f5580000, 0x00000000f5580000)
  object space 349696K, 99% used [0x00000000e0000000,0x00000000f557fff8,0x00000000f5580000)
 Metaspace       used 61114K, committed 62336K, reserved 1105920K
  class space    used 6003K, committed 6464K, reserved 1048576K
}
Event: 604.880 GC heap before
{Heap before GC invocations=299 (full 174):
 PSYoungGen      total 56832K, used 41983K [0x00000000f5580000, 0x00000000f9d00000, 0x0000000100000000)
  eden space 41984K, 99% used [0x00000000f5580000,0x00000000f7e7ffe0,0x00000000f7e80000)
  from space 14848K, 0% used [0x00000000f8d00000,0x00000000f8d00000,0x00000000f9b80000)
  to   space 14848K, 0% used [0x00000000f7e80000,0x00000000f7e80000,0x00000000f8d00000)
 ParOldGen       total 349696K, used 349695K [0x00000000e0000000, 0x00000000f5580000, 0x00000000f5580000)
  object space 349696K, 99% used [0x00000000e0000000,0x00000000f557fff8,0x00000000f5580000)
 Metaspace       used 61114K, committed 62336K, reserved 1105920K
  class space    used 6003K, committed 6464K, reserved 1048576K
}
Event: 607.105 GC heap after
{Heap after GC invocations=299 (full 174):
 PSYoungGen      total 56832K, used 41983K [0x00000000f5580000, 0x00000000f9d00000, 0x0000000100000000)
  eden space 41984K, 99% used [0x00000000f5580000,0x00000000f7e7ffe0,0x00000000f7e80000)
  from space 14848K, 0% used [0x00000000f7e80000,0x00000000f7e80000,0x00000000f8d00000)
  to   space 14848K, 0% used [0x00000000f8d00000,0x00000000f8d00000,0x00000000f9b80000)
 ParOldGen       total 349696K, used 349695K [0x00000000e0000000, 0x00000000f5580000, 0x00000000f5580000)
  object space 349696K, 99% used [0x00000000e0000000,0x00000000f557fff8,0x00000000f5580000)
 Metaspace       used 61114K, committed 62336K, reserved 1105920K
  class space    used 6003K, committed 6464K, reserved 1048576K
}
Event: 607.111 GC heap before
{Heap before GC invocations=300 (full 175):
 PSYoungGen      total 56832K, used 41983K [0x00000000f5580000, 0x00000000f9d00000, 0x0000000100000000)
  eden space 41984K, 99% used [0x00000000f5580000,0x00000000f7e7ffe0,0x00000000f7e80000)
  from space 14848K, 0% used [0x00000000f7e80000,0x00000000f7e80000,0x00000000f8d00000)
  to   space 14848K, 0% used [0x00000000f8d00000,0x00000000f8d00000,0x00000000f9b80000)
 ParOldGen       total 349696K, used 349695K [0x00000000e0000000, 0x00000000f5580000, 0x00000000f5580000)
  object space 349696K, 99% used [0x00000000e0000000,0x00000000f557fff8,0x00000000f5580000)
 Metaspace       used 61114K, committed 62336K, reserved 1105920K
  class space    used 6003K, committed 6464K, reserved 1048576K
}
Event: 609.327 GC heap after
{Heap after GC invocations=300 (full 175):
 PSYoungGen      total 56832K, used 41983K [0x00000000f5580000, 0x00000000f9d00000, 0x0000000100000000)
  eden space 41984K, 99% used [0x00000000f5580000,0x00000000f7e7ffe0,0x00000000f7e80000)
  from space 14848K, 0% used [0x00000000f8d00000,0x00000000f8d00000,0x00000000f9b80000)
  to   space 14848K, 0% used [0x00000000f7e80000,0x00000000f7e80000,0x00000000f8d00000)
 ParOldGen       total 349696K, used 349695K [0x00000000e0000000, 0x00000000f5580000, 0x00000000f5580000)
  object space 349696K, 99% used [0x00000000e0000000,0x00000000f557fff8,0x00000000f5580000)
 Metaspace       used 61114K, committed 62336K, reserved 1105920K
  class space    used 6003K, committed 6464K, reserved 1048576K
}
Event: 609.327 GC heap before
{Heap before GC invocations=301 (full 176):
 PSYoungGen      total 56832K, used 41983K [0x00000000f5580000, 0x00000000f9d00000, 0x0000000100000000)
  eden space 41984K, 99% used [0x00000000f5580000,0x00000000f7e7ffe0,0x00000000f7e80000)
  from space 14848K, 0% used [0x00000000f8d00000,0x00000000f8d00000,0x00000000f9b80000)
  to   space 14848K, 0% used [0x00000000f7e80000,0x00000000f7e80000,0x00000000f8d00000)
 ParOldGen       total 349696K, used 349695K [0x00000000e0000000, 0x00000000f5580000, 0x00000000f5580000)
  object space 349696K, 99% used [0x00000000e0000000,0x00000000f557fff8,0x00000000f5580000)
 Metaspace       used 61114K, committed 62336K, reserved 1105920K
  class space    used 6003K, committed 6464K, reserved 1048576K
}
Event: 611.612 GC heap after
{Heap after GC invocations=301 (full 176):
 PSYoungGen      total 56832K, used 41983K [0x00000000f5580000, 0x00000000f9d00000, 0x0000000100000000)
  eden space 41984K, 99% used [0x00000000f5580000,0x00000000f7e7ffe0,0x00000000f7e80000)
  from space 14848K, 0% used [0x00000000f7e80000,0x00000000f7e80000,0x00000000f8d00000)
  to   space 14848K, 0% used [0x00000000f8d00000,0x00000000f8d00000,0x00000000f9b80000)
 ParOldGen       total 349696K, used 349695K [0x00000000e0000000, 0x00000000f5580000, 0x00000000f5580000)
  object space 349696K, 99% used [0x00000000e0000000,0x00000000f557fff8,0x00000000f5580000)
 Metaspace       used 61114K, committed 62336K, reserved 1105920K
  class space    used 6003K, committed 6464K, reserved 1048576K
}
Event: 611.614 GC heap before
{Heap before GC invocations=302 (full 177):
 PSYoungGen      total 56832K, used 41983K [0x00000000f5580000, 0x00000000f9d00000, 0x0000000100000000)
  eden space 41984K, 99% used [0x00000000f5580000,0x00000000f7e7fff8,0x00000000f7e80000)
  from space 14848K, 0% used [0x00000000f7e80000,0x00000000f7e80000,0x00000000f8d00000)
  to   space 14848K, 0% used [0x00000000f8d00000,0x00000000f8d00000,0x00000000f9b80000)
 ParOldGen       total 349696K, used 349695K [0x00000000e0000000, 0x00000000f5580000, 0x00000000f5580000)
  object space 349696K, 99% used [0x00000000e0000000,0x00000000f557fff8,0x00000000f5580000)
 Metaspace       used 61114K, committed 62336K, reserved 1105920K
  class space    used 6003K, committed 6464K, reserved 1048576K
}
Event: 613.614 GC heap after
{Heap after GC invocations=302 (full 177):
 PSYoungGen      total 56832K, used 41983K [0x00000000f5580000, 0x00000000f9d00000, 0x0000000100000000)
  eden space 41984K, 99% used [0x00000000f5580000,0x00000000f7e7fff8,0x00000000f7e80000)
  from space 14848K, 0% used [0x00000000f8d00000,0x00000000f8d00000,0x00000000f9b80000)
  to   space 14848K, 0% used [0x00000000f7e80000,0x00000000f7e80000,0x00000000f8d00000)
 ParOldGen       total 349696K, used 349695K [0x00000000e0000000, 0x00000000f5580000, 0x00000000f5580000)
  object space 349696K, 99% used [0x00000000e0000000,0x00000000f557fff8,0x00000000f5580000)
 Metaspace       used 61114K, committed 62336K, reserved 1105920K
  class space    used 6003K, committed 6464K, reserved 1048576K
}
Event: 613.614 GC heap before
{Heap before GC invocations=303 (full 178):
 PSYoungGen      total 56832K, used 41983K [0x00000000f5580000, 0x00000000f9d00000, 0x0000000100000000)
  eden space 41984K, 99% used [0x00000000f5580000,0x00000000f7e7fff8,0x00000000f7e80000)
  from space 14848K, 0% used [0x00000000f8d00000,0x00000000f8d00000,0x00000000f9b80000)
  to   space 14848K, 0% used [0x00000000f7e80000,0x00000000f7e80000,0x00000000f8d00000)
 ParOldGen       total 349696K, used 349695K [0x00000000e0000000, 0x00000000f5580000, 0x00000000f5580000)
  object space 349696K, 99% used [0x00000000e0000000,0x00000000f557fff8,0x00000000f5580000)
 Metaspace       used 61114K, committed 62336K, reserved 1105920K
  class space    used 6003K, committed 6464K, reserved 1048576K
}
Event: 615.994 GC heap after
{Heap after GC invocations=303 (full 178):
 PSYoungGen      total 56832K, used 41983K [0x00000000f5580000, 0x00000000f9d00000, 0x0000000100000000)
  eden space 41984K, 99% used [0x00000000f5580000,0x00000000f7e7fff8,0x00000000f7e80000)
  from space 14848K, 0% used [0x00000000f7e80000,0x00000000f7e80000,0x00000000f8d00000)
  to   space 14848K, 0% used [0x00000000f8d00000,0x00000000f8d00000,0x00000000f9b80000)
 ParOldGen       total 349696K, used 349695K [0x00000000e0000000, 0x00000000f5580000, 0x00000000f5580000)
  object space 349696K, 99% used [0x00000000e0000000,0x00000000f557fff8,0x00000000f5580000)
 Metaspace       used 61114K, committed 62336K, reserved 1105920K
  class space    used 6003K, committed 6464K, reserved 1048576K
}

Dll operation events (9 events):
Event: 0.081 Loaded shared library /nix/store/gpxl5qgg8kicmcvivwmybwjlpf7wh20l-graalvm17-ce-22.3.0/lib/libjava.so
Event: 0.098 Loaded shared library /nix/store/gpxl5qgg8kicmcvivwmybwjlpf7wh20l-graalvm17-ce-22.3.0/lib/libjsvml.so
Event: 0.584 Loaded shared library /nix/store/gpxl5qgg8kicmcvivwmybwjlpf7wh20l-graalvm17-ce-22.3.0/lib/libnio.so
Event: 0.592 Loaded shared library /nix/store/gpxl5qgg8kicmcvivwmybwjlpf7wh20l-graalvm17-ce-22.3.0/lib/libjvmcicompiler.so
Event: 0.616 Loaded shared library /nix/store/gpxl5qgg8kicmcvivwmybwjlpf7wh20l-graalvm17-ce-22.3.0/lib/libzip.so
Event: 1.381 Loaded shared library /nix/store/gpxl5qgg8kicmcvivwmybwjlpf7wh20l-graalvm17-ce-22.3.0/lib/libjimage.so
Event: 2.389 Loaded shared library /nix/store/gpxl5qgg8kicmcvivwmybwjlpf7wh20l-graalvm17-ce-22.3.0/lib/libnet.so
Event: 6.996 Loaded shared library /home/runner/.cache/jdt-language-server/config/org.eclipse.equinox.launcher/org.eclipse.equinox.launcher.gtk.linux.x86_64_1.2.400.v20211117-0650/eclipse_11600.so
Event: 19.475 Loaded shared library /nix/store/gpxl5qgg8kicmcvivwmybwjlpf7wh20l-graalvm17-ce-22.3.0/lib/libextnet.so

Deoptimization events (20 events):
Event: 93.386 Thread 0x00007f5cf84a5780 DEOPT PACKING pc=0x00007f5d4c156975 sp=0x00007f5d0fdfe530
Event: 93.386 Thread 0x00007f5cf84a5780 DEOPT UNPACKING pc=0x00007f5d4b505325 sp=0x00007f5d0fdfda20 mode 0
Event: 93.392 Thread 0x00007f5cf84a5780 DEOPT PACKING pc=0x00007f5d4c156975 sp=0x00007f5d0fdfe530
Event: 93.392 Thread 0x00007f5cf84a5780 DEOPT UNPACKING pc=0x00007f5d4b505325 sp=0x00007f5d0fdfda20 mode 0
Event: 571.808 Thread 0x00007f5cf84a5780 Uncommon trap: trap_request=0xffffff8f fr.pc=0x00007f5d531ee448 relative=0x0000000000001208
Event: 571.808 Thread 0x00007f5cf84a5780 Uncommon trap: reason=constraint action=none pc=0x00007f5d531ee448 method=org.eclipse.jdt.internal.core.index.DiskIndex.copyQueryResults(Lorg/eclipse/jdt/internal/compiler/util/HashtableOfObject;I)V @ 123 jvmci
Event: 571.808 Thread 0x00007f5cf84a5780 DEOPT PACKING pc=0x00007f5d531ee448 sp=0x00007f5d0fdfe530
Event: 571.809 Thread 0x00007f5cf84a5780 DEOPT UNPACKING pc=0x00007f5d4b505325 sp=0x00007f5d0fdfda28 mode 3
Event: 587.112 Thread 0x00007f5cf84a5780 Uncommon trap: trap_request=0xffffff8f fr.pc=0x00007f5d531e5a14 relative=0x0000000000000274
Event: 587.112 Thread 0x00007f5cf84a5780 Uncommon trap: reason=constraint action=none pc=0x00007f5d531e5a14 method=org.eclipse.jdt.internal.core.index.DiskIndex$IntList.add(I)V @ 0 jvmci
Event: 591.016 Thread 0x00007f5cf84a5780 DEOPT PACKING pc=0x00007f5d531e5a14 sp=0x00007f5d0fdfe500
Event: 591.016 Thread 0x00007f5cf84a5780 DEOPT UNPACKING pc=0x00007f5d4b505325 sp=0x00007f5d0fdfd9a0 mode 3
Event: 607.105 Thread 0x00007f5cf84a5780 Uncommon trap: trap_request=0xffffff8f fr.pc=0x00007f5d531ee448 relative=0x0000000000001208
Event: 607.105 Thread 0x00007f5cf84a5780 Uncommon trap: reason=constraint action=none pc=0x00007f5d531ee448 method=org.eclipse.jdt.internal.core.index.DiskIndex.copyQueryResults(Lorg/eclipse/jdt/internal/compiler/util/HashtableOfObject;I)V @ 123 jvmci
Event: 607.105 Thread 0x00007f5cf84a5780 DEOPT PACKING pc=0x00007f5d531ee448 sp=0x00007f5d0fdfe530
Event: 607.105 Thread 0x00007f5cf84a5780 DEOPT UNPACKING pc=0x00007f5d4b505325 sp=0x00007f5d0fdfda28 mode 3
Event: 611.612 Thread 0x00007f5cf84a5780 Uncommon trap: trap_request=0xffffff8f fr.pc=0x00007f5d531e5a14 relative=0x0000000000000274
Event: 611.612 Thread 0x00007f5cf84a5780 Uncommon trap: reason=constraint action=none pc=0x00007f5d531e5a14 method=org.eclipse.jdt.internal.core.index.DiskIndex$IntList.add(I)V @ 0 jvmci
Event: 611.612 Thread 0x00007f5cf84a5780 DEOPT PACKING pc=0x00007f5d531e5a14 sp=0x00007f5d0fdfe500
Event: 611.612 Thread 0x00007f5cf84a5780 DEOPT UNPACKING pc=0x00007f5d4b505325 sp=0x00007f5d0fdfd9b0 mode 3

Classes unloaded (20 events):
Event: 196.750 Thread 0x00007f5d640a1660 Unloading class 0x0000000801124800 'jdk/internal/reflect/GeneratedSerializationConstructorAccessor9'
Event: 196.750 Thread 0x00007f5d640a1660 Unloading class 0x0000000801124400 'jdk/internal/reflect/GeneratedSerializationConstructorAccessor8'
Event: 196.750 Thread 0x00007f5d640a1660 Unloading class 0x000000080111c000 'jdk/internal/reflect/GeneratedSerializationConstructorAccessor7'
Event: 196.750 Thread 0x00007f5d640a1660 Unloading class 0x0000000801119c00 'jdk/internal/reflect/GeneratedSerializationConstructorAccessor6'
Event: 196.750 Thread 0x00007f5d640a1660 Unloading class 0x0000000801119800 'jdk/internal/reflect/GeneratedSerializationConstructorAccessor5'
Event: 196.750 Thread 0x00007f5d640a1660 Unloading class 0x0000000801119400 'jdk/internal/reflect/GeneratedSerializationConstructorAccessor4'
Event: 196.750 Thread 0x00007f5d640a1660 Unloading class 0x0000000801108c00 'jdk/internal/reflect/GeneratedConstructorAccessor36'
Event: 196.750 Thread 0x00007f5d640a1660 Unloading class 0x00000008010c8000 'jdk/internal/reflect/GeneratedSerializationConstructorAccessor3'
Event: 196.750 Thread 0x00007f5d640a1660 Unloading class 0x000000080109a400 'jdk/internal/reflect/GeneratedSerializationConstructorAccessor2'
Event: 196.750 Thread 0x00007f5d640a1660 Unloading class 0x000000080109a000 'jdk/internal/reflect/GeneratedSerializationConstructorAccessor1'
Event: 196.750 Thread 0x00007f5d640a1660 Unloading class 0x0000000800f09000 'jdk/internal/reflect/GeneratedConstructorAccessor14'
Event: 196.750 Thread 0x00007f5d640a1660 Unloading class 0x0000000800f08800 'jdk/internal/reflect/GeneratedConstructorAccessor12'
Event: 196.750 Thread 0x00007f5d640a1660 Unloading class 0x0000000800f08400 'jdk/internal/reflect/GeneratedConstructorAccessor11'
Event: 196.750 Thread 0x00007f5d640a1660 Unloading class 0x0000000800f08000 'jdk/internal/reflect/GeneratedConstructorAccessor10'
Event: 209.341 Thread 0x00007f5d640a1660 Unloading class 0x0000000801124000 'jdk/internal/reflect/GeneratedConstructorAccessor37'
Event: 209.341 Thread 0x00007f5d640a1660 Unloading class 0x00000008010f0c00 'jdk/internal/reflect/GeneratedMethodAccessor10'
Event: 209.341 Thread 0x00007f5d640a1660 Unloading class 0x00000008010f0800 'jdk/internal/reflect/GeneratedMethodAccessor9'
Event: 209.341 Thread 0x00007f5d640a1660 Unloading class 0x00000008010f0400 'jdk/internal/reflect/GeneratedMethodAccessor8'
Event: 209.341 Thread 0x00007f5d640a1660 Unloading class 0x00000008010f0000 'jdk/internal/reflect/GeneratedMethodAccessor7'
Event: 222.791 Thread 0x00007f5d640a1660 Unloading class 0x0000000801240400 'jdk/internal/reflect/GeneratedConstructorAccessor40'

Classes redefined (0 events):
No events

Internal exceptions (20 events):
Event: 56.999 Thread 0x00007f5cd0000ff0 Exception <a 'java/lang/NoSuchMethodError'{0x00000000f55e5138}: 'java.lang.Object java.lang.invoke.DirectMethodHandle$Holder.newInvokeSpecial(java.lang.Object, java.lang.Object, int, java.lang.Object, java.lang.Object)'> (0x00000000f55e5138) 
thrown [src/hotspot/share/interpreter/linkResolver.cpp, line 758]
Event: 57.073 Thread 0x00007f5cd0000ff0 Exception <a 'java/lang/NoSuchMethodError'{0x00000000f55ebb10}: 'java.lang.Object java.lang.invoke.DirectMethodHandle$Holder.invokeSpecial(java.lang.Object, java.lang.Object, java.lang.Object, int, java.lang.Object, java.lang.Object)'> (0x00000000f55ebb10) 
thrown [src/hotspot/share/interpreter/linkResolver.cpp, line 758]
Event: 57.381 Thread 0x00007f5cd0000ff0 Exception <a 'java/lang/NoSuchMethodError'{0x00000000f59dfe68}: 'java.lang.Object java.lang.invoke.DirectMethodHandle$Holder.newInvokeSpecial(java.lang.Object, java.lang.Object, java.lang.Object, int, java.lang.Object)'> (0x00000000f59dfe68) 
thrown [src/hotspot/share/interpreter/linkResolver.cpp, line 758]
Event: 57.385 Thread 0x00007f5cd0000ff0 Exception <a 'java/lang/NoSuchMethodError'{0x00000000f5a55be8}: 'java.lang.Object java.lang.invoke.DirectMethodHandle$Holder.invokeSpecial(java.lang.Object, java.lang.Object, java.lang.Object, java.lang.Object, int, java.lang.Object)'> (0x00000000f5a55be8) 
thrown [src/hotspot/share/interpreter/linkResolver.cpp, line 758]
Event: 57.385 Thread 0x00007f5cd0000ff0 Exception <a 'java/lang/NoSuchMethodError'{0x00000000f5a59b50}: 'java.lang.Object java.lang.invoke.Invokers$Holder.linkToTargetMethod(java.lang.Object, java.lang.Object, int, java.lang.Object, java.lang.Object)'> (0x00000000f5a59b50) 
thrown [src/hotspot/share/interpreter/linkResolver.cpp, line 758]
Event: 59.582 Thread 0x00007f5cec154ab0 Implicit null exception at 0x00007f5d53167ba2 to 0x00007f5d53167f32
Event: 60.402 Thread 0x00007f5cec154ab0 Implicit null exception at 0x00007f5d530cfee9 to 0x00007f5d530d009b
Event: 67.712 Thread 0x00007f5cec154ab0 Exception <a 'java/lang/NoSuchMethodError'{0x00000000f5809a38}: 'void java.lang.invoke.DirectMethodHandle$Holder.invokeSpecial(java.lang.Object, java.lang.Object, int)'> (0x00000000f5809a38) 
thrown [src/hotspot/share/interpreter/linkResolver.cpp, line 758]
Event: 484.596 Thread 0x00007f5cc8003de0 Exception <a 'java/lang/OutOfMemoryError'{0x00000000e0012058}> (0x00000000e0012058) 
thrown [src/hotspot/share/gc/shared/memAllocator.cpp, line 136]
Event: 571.808 Thread 0x00007f5cf84a5780 Exception <a 'java/lang/OutOfMemoryError'{0x00000000e0012328}> (0x00000000e0012328) 
thrown [src/hotspot/share/gc/shared/memAllocator.cpp, line 138]
Event: 571.808 Thread 0x00007f5cf84a5780 Implicit null exception at 0x00007f5d531edeae to 0x00007f5d531ee42d
Event: 587.112 Thread 0x00007f5cf84a5780 Exception <a 'java/lang/OutOfMemoryError'{0x00000000e0012058}> (0x00000000e0012058) 
thrown [src/hotspot/share/gc/shared/memAllocator.cpp, line 138]
Event: 587.112 Thread 0x00007f5cf84a5780 Implicit null exception at 0x00007f5d531e596d to 0x00007f5d531e59f9
Event: 591.016 Thread 0x00007f5d642de6d0 Exception <a 'java/lang/OutOfMemoryError'{0x00000000e0012378}> (0x00000000e0012378) 
thrown [src/hotspot/share/gc/shared/memAllocator.cpp, line 136]
Event: 597.910 Thread 0x00007f5d642de6d0 Exception <a 'java/lang/OutOfMemoryError'{0x00000000e0012378}> (0x00000000e0012378) 
thrown [src/hotspot/share/gc/shared/memAllocator.cpp, line 136]
Event: 607.105 Thread 0x00007f5cf84a5780 Exception <a 'java/lang/OutOfMemoryError'{0x00000000e0012058}> (0x00000000e0012058) 
thrown [src/hotspot/share/gc/shared/memAllocator.cpp, line 138]
Event: 607.105 Thread 0x00007f5cf84a5780 Implicit null exception at 0x00007f5d531edeae to 0x00007f5d531ee42d
Event: 611.612 Thread 0x00007f5cf84a5780 Exception <a 'java/lang/OutOfMemoryError'{0x00000000e0012058}> (0x00000000e0012058) 
thrown [src/hotspot/share/gc/shared/memAllocator.cpp, line 138]
Event: 611.612 Thread 0x00007f5cf84a5780 Implicit null exception at 0x00007f5d531e596d to 0x00007f5d531e59f9
Event: 615.996 Thread 0x00007f5d640b1c70 Exception <a 'java/lang/OutOfMemoryError'{0x00000000e0012378}> (0x00000000e0012378) 
thrown [src/hotspot/share/gc/shared/memAllocator.cpp, line 136]

VM Operations (20 events):
Event: 580.689 Executing VM operation: ParallelGCFailedAllocation
Event: 582.794 Executing VM operation: ParallelGCFailedAllocation done
Event: 582.794 Executing VM operation: ParallelGCFailedAllocation
Event: 587.112 Executing VM operation: ParallelGCFailedAllocation done
Event: 587.112 Executing VM operation: ParallelGCFailedAllocation
Event: 591.016 Executing VM operation: ParallelGCFailedAllocation done
Event: 591.016 Executing VM operation: ParallelGCFailedAllocation
Event: 593.386 Executing VM operation: ParallelGCFailedAllocation done
Event: 593.386 Executing VM operation: ParallelGCFailedAllocation
Event: 597.910 Executing VM operation: ParallelGCFailedAllocation done
Event: 597.911 Executing VM operation: ParallelGCFailedAllocation
Event: 600.194 Executing VM operation: ParallelGCFailedAllocation done
Event: 600.194 Executing VM operation: ParallelGCFailedAllocation
Event: 602.610 Executing VM operation: ParallelGCFailedAllocation done
Event: 602.610 Executing VM operation: ParallelGCFailedAllocation
Event: 607.105 Executing VM operation: ParallelGCFailedAllocation done
Event: 607.106 Executing VM operation: ParallelGCFailedAllocation
Event: 611.612 Executing VM operation: ParallelGCFailedAllocation done
Event: 611.612 Executing VM operation: ParallelGCFailedAllocation
Event: 615.994 Executing VM operation: ParallelGCFailedAllocation done

Events (20 events):
Event: 70.954 Thread 0x00007f5d640b41e0 flushing nmethod 0x00007f5d4c997610
Event: 70.955 Thread 0x00007f5d640b41e0 flushing nmethod 0x00007f5d4c99d910
Event: 70.955 Thread 0x00007f5d640b41e0 flushing nmethod 0x00007f5d4c99dd90
Event: 70.955 Thread 0x00007f5d640b41e0 flushing nmethod 0x00007f5d4c99ec10
Event: 70.955 Thread 0x00007f5d640b41e0 flushing nmethod 0x00007f5d4ca28e90
Event: 70.955 Thread 0x00007f5d640b41e0 flushing nmethod 0x00007f5d4ca29310
Event: 70.955 Thread 0x00007f5d640b41e0 flushing nmethod 0x00007f5d4ca6a790
Event: 70.955 Thread 0x00007f5d640b41e0 flushing nmethod 0x00007f5d4ca75010
Event: 70.955 Thread 0x00007f5d640b41e0 flushing nmethod 0x00007f5d4ca75790
Event: 70.955 Thread 0x00007f5d640b41e0 flushing nmethod 0x00007f5d4ca76590
Event: 70.955 Thread 0x00007f5d640b41e0 flushing nmethod 0x00007f5d4ca77f90
Event: 106.581 Thread 0x00007f5cc8005230 Thread exited: 0x00007f5cc8005230
Event: 129.588 Thread 0x00007f5cd8001130 Thread exited: 0x00007f5cd8001130
Event: 140.978 Thread 0x00007f5cc4000ff0 Thread exited: 0x00007f5cc4000ff0
Event: 150.731 Thread 0x00007f5cd0000ff0 Thread exited: 0x00007f5cd0000ff0
Event: 150.731 Thread 0x00007f5cf8324f30 Thread exited: 0x00007f5cf8324f30
Event: 162.489 Thread 0x00007f5cdc000ff0 Thread exited: 0x00007f5cdc000ff0
Event: 455.380 Thread 0x00007f5cd0346fe0 Thread exited: 0x00007f5cd0346fe0
Event: 489.196 Thread 0x00007f5cc8003de0 Thread exited: 0x00007f5cc8003de0
Event: 504.518 Thread 0x00007f5cd0342d70 Thread exited: 0x00007f5cd0342d70


Dynamic libraries:
e0000000-f3280000 rw-p 00000000 00:00 0 
f3280000-f9d00000 rw-p 00000000 00:00 0 
f9d00000-100000000 ---p 00000000 00:00 0 
800000000-800449000 rw-p 00001000 00:4b6 707969865                       /nix/store/gpxl5qgg8kicmcvivwmybwjlpf7wh20l-graalvm17-ce-22.3.0/lib/server/classes.jsa
800449000-800bc8000 r--p 0044a000 00:4b6 707969865                       /nix/store/gpxl5qgg8kicmcvivwmybwjlpf7wh20l-graalvm17-ce-22.3.0/lib/server/classes.jsa
800bc8000-800c00000 ---p 00000000 00:00 0 
800c00000-800c10000 rw-p 00000000 00:00 0 
800c10000-800c30000 rw-p 00000000 00:00 0 
800c30000-800cb0000 rw-p 00000000 00:00 0 
800cb0000-800cf0000 rw-p 00000000 00:00 0 
800cf0000-800db0000 rw-p 00000000 00:00 0 
800db0000-800df0000 rw-p 00000000 00:00 0 
800df0000-800f30000 rw-p 00000000 00:00 0 
800f30000-800fb0000 rw-p 00000000 00:00 0 
800fb0000-800ff0000 rw-p 00000000 00:00 0 
800ff0000-801250000 rw-p 00000000 00:00 0 
801250000-840c00000 ---p 00000000 00:00 0 
55cef70ee000-55cef70ef000 r-xp 00000000 00:4b6 672029940                 /nix/store/gpxl5qgg8kicmcvivwmybwjlpf7wh20l-graalvm17-ce-22.3.0/bin/.java-wrapped
55cef70f0000-55cef70f1000 r--p 00001000 00:4b6 672029940                 /nix/store/gpxl5qgg8kicmcvivwmybwjlpf7wh20l-graalvm17-ce-22.3.0/bin/.java-wrapped
55cef70f1000-55cef70f2000 rw-p 00002000 00:4b6 672029940                 /nix/store/gpxl5qgg8kicmcvivwmybwjlpf7wh20l-graalvm17-ce-22.3.0/bin/.java-wrapped
55cef70f2000-55cef70f3000 rw-p 00004000 00:4b6 672029940                 /nix/store/gpxl5qgg8kicmcvivwmybwjlpf7wh20l-graalvm17-ce-22.3.0/bin/.java-wrapped
55cef70f3000-55cef70f4000 rw-p 00005000 00:4b6 672029940                 /nix/store/gpxl5qgg8kicmcvivwmybwjlpf7wh20l-graalvm17-ce-22.3.0/bin/.java-wrapped
55cef7de1000-55cef7e29000 rw-p 00000000 00:00 0                          [heap]
7f5c9c000000-7f5c9c021000 rw-p 00000000 00:00 0 
7f5c9c021000-7f5ca0000000 ---p 00000000 00:00 0 
7f5ca0000000-7f5ca0261000 rw-p 00000000 00:00 0 
7f5ca0261000-7f5ca4000000 ---p 00000000 00:00 0 
7f5ca4000000-7f5ca4021000 rw-p 00000000 00:00 0 
7f5ca4021000-7f5ca8000000 ---p 00000000 00:00 0 
7f5ca8000000-7f5ca8021000 rw-p 00000000 00:00 0 
7f5ca8021000-7f5cac000000 ---p 00000000 00:00 0 
7f5cac000000-7f5cac021000 rw-p 00000000 00:00 0 
7f5cac021000-7f5cb0000000 ---p 00000000 00:00 0 
7f5cb24b3000-7f5cbc000000 r--s 00000000 00:4b6 707804677                 /nix/store/gpxl5qgg8kicmcvivwmybwjlpf7wh20l-graalvm17-ce-22.3.0/lib/modules
7f5cbc000000-7f5cbc055000 rw-p 00000000 00:00 0 
7f5cbc055000-7f5cc0000000 ---p 00000000 00:00 0 
7f5cc0000000-7f5cc0043000 rw-p 00000000 00:00 0 
7f5cc0043000-7f5cc4000000 ---p 00000000 00:00 0 
7f5cc4000000-7f5cc4023000 rw-p 00000000 00:00 0 
7f5cc4023000-7f5cc8000000 ---p 00000000 00:00 0 
7f5cc8000000-7f5cc8021000 rw-p 00000000 00:00 0 
7f5cc8021000-7f5ccc000000 ---p 00000000 00:00 0 
7f5ccc000000-7f5ccc021000 rw-p 00000000 00:00 0 
7f5ccc021000-7f5cd0000000 ---p 00000000 00:00 0 
7f5cd0000000-7f5cd0515000 rw-p 00000000 00:00 0 
7f5cd0515000-7f5cd4000000 ---p 00000000 00:00 0 
7f5cd4000000-7f5cd4021000 rw-p 00000000 00:00 0 
7f5cd4021000-7f5cd8000000 ---p 00000000 00:00 0 
7f5cd8000000-7f5cd80ec000 rw-p 00000000 00:00 0 
7f5cd80ec000-7f5cdc000000 ---p 00000000 00:00 0 
7f5cdc000000-7f5cdc329000 rw-p 00000000 00:00 0 
7f5cdc329000-7f5ce0000000 ---p 00000000 00:00 0 
7f5ce0000000-7f5ce006d000 rw-p 00000000 00:00 0 
7f5ce006d000-7f5ce4000000 ---p 00000000 00:00 0 
7f5ce4000000-7f5ce4021000 rw-p 00000000 00:00 0 
7f5ce4021000-7f5ce8000000 ---p 00000000 00:00 0 
7f5ce8000000-7f5ce8042000 rw-p 00000000 00:00 0 
7f5ce8042000-7f5cec000000 ---p 00000000 00:00 0 
7f5cec000000-7f5cec1b3000 rw-p 00000000 00:00 0 
7f5cec1b3000-7f5cf0000000 ---p 00000000 00:00 0 
7f5cf0000000-7f5cf0021000 rw-p 00000000 00:00 0 
7f5cf0021000-7f5cf4000000 ---p 00000000 00:00 0 
7f5cf4000000-7f5cf43e0000 rw-p 00000000 00:00 0 
7f5cf43e0000-7f5cf4400000 ---p 00000000 00:00 0 
7f5cf4400000-7f5cf46b0000 rw-p 00000000 00:00 0 
7f5cf46b0000-7f5cf4800000 ---p 00000000 00:00 0 
7f5cf4800000-7f5cf4970000 rw-p 00000000 00:00 0 
7f5cf4970000-7f5cf49f0000 rw-p 00000000 00:00 0 
7f5cf49f0000-7f5cf4bb0000 rw-p 00000000 00:00 0 
7f5cf4bb0000-7f5cf4bf0000 rw-p 00000000 00:00 0 
7f5cf4bf0000-7f5cf4cd0000 rw-p 00000000 00:00 0 
7f5cf4cd0000-7f5cf4ff0000 rw-p 00000000 00:00 0 
7f5cf4ff0000-7f5cf50f0000 rw-p 00000000 00:00 0 
7f5cf50f0000-7f5cf51f0000 rw-p 00000000 00:00 0 
7f5cf51f0000-7f5cf5800000 rw-p 00000000 00:00 0 
7f5cf5c00000-7f5cf5cf0000 rw-p 00000000 00:00 0 
7f5cf5cf0000-7f5cf5eb0000 rw-p 00000000 00:00 0 
7f5cf5eb0000-7f5cf5ef0000 rw-p 00000000 00:00 0 
7f5cf5ef0000-7f5cf60f0000 rw-p 00000000 00:00 0 
7f5cf60f0000-7f5cf61f0000 rw-p 00000000 00:00 0 
7f5cf61f0000-7f5cf6400000 rw-p 00000000 00:00 0 
7f5cf6800000-7f5cf68f0000 rw-p 00000000 00:00 0 
7f5cf68f0000-7f5cf69f0000 rw-p 00000000 00:00 0 
7f5cf69f0000-7f5cf6fb0000 rw-p 00000000 00:00 0 
7f5cf6fb0000-7f5cf7000000 rw-p 00000000 00:00 0 
7f5cf7400000-7f5cf74f0000 rw-p 00000000 00:00 0 
7f5cf74f0000-7f5cf75f0000 rw-p 00000000 00:00 0 
7f5cf75f0000-7f5cf7af0000 rw-p 00000000 00:00 0 
7f5cf7af0000-7f5cf7c00000 rw-p 00000000 00:00 0 
7f5cf8000000-7f5cf88dc000 rw-p 00000000 00:00 0 
7f5cf88dc000-7f5cfc000000 ---p 00000000 00:00 0 
7f5cfc000000-7f5cfc027000 rw-p 00000000 00:00 0 
7f5cfc027000-7f5d00000000 ---p 00000000 00:00 0 
7f5d00000000-7f5d00021000 rw-p 00000000 00:00 0 
7f5d00021000-7f5d04000000 ---p 00000000 00:00 0 
7f5d04000000-7f5d04021000 rw-p 00000000 00:00 0 
7f5d04021000-7f5d08000000 ---p 00000000 00:00 0 
7f5d08000000-7f5d08021000 rw-p 00000000 00:00 0 
7f5d08021000-7f5d0c000000 ---p 00000000 00:00 0 
7f5d0ca00000-7f5d0ca10000 r-xp 00000000 00:302 390                       /home/runner/.cache/jdt-language-server/config/org.eclipse.equinox.launcher/org.eclipse.equinox.launcher.gtk.linux.x86_64_1.2.400.v20211117-0650/eclipse_11600.so
7f5d0ca10000-7f5d0cc0f000 ---p 00010000 00:302 390                       /home/runner/.cache/jdt-language-server/config/org.eclipse.equinox.launcher/org.eclipse.equinox.launcher.gtk.linux.x86_64_1.2.400.v20211117-0650/eclipse_11600.so
7f5d0cc0f000-7f5d0cc10000 r--p 0000f000 00:302 390                       /home/runner/.cache/jdt-language-server/config/org.eclipse.equinox.launcher/org.eclipse.equinox.launcher.gtk.linux.x86_64_1.2.400.v20211117-0650/eclipse_11600.so
7f5d0cc10000-7f5d0cc11000 rw-p 00010000 00:302 390                       /home/runner/.cache/jdt-language-server/config/org.eclipse.equinox.launcher/org.eclipse.equinox.launcher.gtk.linux.x86_64_1.2.400.v20211117-0650/eclipse_11600.so
7f5d0dd00000-7f5d0de00000 ---p 00000000 00:00 0 
7f5d0de00000-7f5d0e3af000 r--p 01122000 00:4b6 707802136                 /nix/store/gpxl5qgg8kicmcvivwmybwjlpf7wh20l-graalvm17-ce-22.3.0/lib/libjvmcicompiler.so
7f5d0e3af000-7f5d0e500000 r--p 00000000 00:00 0 
7f5d0e500000-7f5d0e53d000 rw-p 00000000 00:00 0 
7f5d0e53d000-7f5d0ea5d000 rw-p 0185f000 00:4b6 707802136                 /nix/store/gpxl5qgg8kicmcvivwmybwjlpf7wh20l-graalvm17-ce-22.3.0/lib/libjvmcicompiler.so
7f5d0ea5d000-7f5d0ee44000 r--p 01d7f000 00:4b6 707802136                 /nix/store/gpxl5qgg8kicmcvivwmybwjlpf7wh20l-graalvm17-ce-22.3.0/lib/libjvmcicompiler.so
7f5d0ef00000-7f5d0ef04000 ---p 00000000 00:00 0 
7f5d0ef04000-7f5d0f000000 rw-p 00000000 00:00 0 
7f5d0f100000-7f5d0f104000 ---p 00000000 00:00 0 
7f5d0f104000-7f5d0f200000 rw-p 00000000 00:00 0 
7f5d0f300000-7f5d0f304000 ---p 00000000 00:00 0 
7f5d0f304000-7f5d0f400000 rw-p 00000000 00:00 0 
7f5d0f500000-7f5d0f504000 ---p 00000000 00:00 0 
7f5d0f504000-7f5d0f600000 rw-p 00000000 00:00 0 
7f5d0f600000-7f5d0f604000 ---p 00000000 00:00 0 
7f5d0f604000-7f5d0f700000 rw-p 00000000 00:00 0 
7f5d0f700000-7f5d0f704000 ---p 00000000 00:00 0 
7f5d0f704000-7f5d0f800000 rw-p 00000000 00:00 0 
7f5d0f900000-7f5d0f904000 ---p 00000000 00:00 0 
7f5d0f904000-7f5d0fa00000 rw-p 00000000 00:00 0 
7f5d0fb00000-7f5d0fb04000 ---p 00000000 00:00 0 
7f5d0fb04000-7f5d0fc00000 rw-p 00000000 00:00 0 
7f5d0fc00000-7f5d0fc04000 ---p 00000000 00:00 0 
7f5d0fc04000-7f5d0fd00000 rw-p 00000000 00:00 0 
7f5d0fd00000-7f5d0fd04000 ---p 00000000 00:00 0 
7f5d0fd04000-7f5d0fe00000 rw-p 00000000 00:00 0 
7f5d0fe00000-7f5d0fe04000 ---p 00000000 00:00 0 
7f5d0fe04000-7f5d0ff00000 rw-p 00000000 00:00 0 
7f5d0ff00000-7f5d0ff04000 ---p 00000000 00:00 0 
7f5d0ff04000-7f5d10000000 rw-p 00000000 00:00 0 
7f5d10000000-7f5d10004000 ---p 00000000 00:00 0 
7f5d10004000-7f5d10100000 rw-p 00000000 00:00 0 
7f5d10100000-7f5d10104000 ---p 00000000 00:00 0 
7f5d10104000-7f5d10200000 rw-p 00000000 00:00 0 
7f5d10200000-7f5d10204000 ---p 00000000 00:00 0 
7f5d10204000-7f5d10300000 rw-p 00000000 00:00 0 
7f5d10300000-7f5d10304000 ---p 00000000 00:00 0 
7f5d10304000-7f5d10400000 rw-p 00000000 00:00 0 
7f5d10500000-7f5d10504000 ---p 00000000 00:00 0 
7f5d10504000-7f5d10600000 rw-p 00000000 00:00 0 
7f5d10700000-7f5d10704000 ---p 00000000 00:00 0 
7f5d10704000-7f5d10800000 rw-p 00000000 00:00 0 
7f5d10900000-7f5d10904000 ---p 00000000 00:00 0 
7f5d10904000-7f5d10a00000 rw-p 00000000 00:00 0 
7f5d11668000-7f5d11b00000 rw-p 00000000 00:00 0 
7f5d11c00000-7f5d13d6a000 r-xp 00000000 00:4b6 707802136                 /nix/store/gpxl5qgg8kicmcvivwmybwjlpf7wh20l-graalvm17-ce-22.3.0/lib/libjvmcicompiler.so
7f5d13d6a000-7f5d13f69000 ---p 0216a000 00:4b6 707802136                 /nix/store/gpxl5qgg8kicmcvivwmybwjlpf7wh20l-graalvm17-ce-22.3.0/lib/libjvmcicompiler.so
7f5d13f69000-7f5d13f6a000 r--p 02169000 00:4b6 707802136                 /nix/store/gpxl5qgg8kicmcvivwmybwjlpf7wh20l-graalvm17-ce-22.3.0/lib/libjvmcicompiler.so
7f5d13f6a000-7f5d13f6c000 rw-p 0216a000 00:4b6 707802136                 /nix/store/gpxl5qgg8kicmcvivwmybwjlpf7wh20l-graalvm17-ce-22.3.0/lib/libjvmcicompiler.so
7f5d13f6c000-7f5d13f6d000 rw-p 00000000 00:00 0 
7f5d13f6d000-7f5d13f72000 rw-p 023c3000 00:4b6 707802136                 /nix/store/gpxl5qgg8kicmcvivwmybwjlpf7wh20l-graalvm17-ce-22.3.0/lib/libjvmcicompiler.so
7f5d14000000-7f5d14021000 rw-p 00000000 00:00 0 
7f5d14021000-7f5d18000000 ---p 00000000 00:00 0 
7f5d18000000-7f5d18021000 rw-p 00000000 00:00 0 
7f5d18021000-7f5d1c000000 ---p 00000000 00:00 0 
7f5d1c000000-7f5d1c021000 rw-p 00000000 00:00 0 
7f5d1c021000-7f5d20000000 ---p 00000000 00:00 0 
7f5d20000000-7f5d20021000 rw-p 00000000 00:00 0 
7f5d20021000-7f5d24000000 ---p 00000000 00:00 0 
7f5d24000000-7f5d240c8000 rw-p 00000000 00:00 0 
7f5d240c8000-7f5d28000000 ---p 00000000 00:00 0 
7f5d28000000-7f5d28c35000 rw-p 00000000 00:00 0 
7f5d28c35000-7f5d2c000000 ---p 00000000 00:00 0 
7f5d2c000000-7f5d2c021000 rw-p 00000000 00:00 0 
7f5d2c021000-7f5d30000000 ---p 00000000 00:00 0 
7f5d30000000-7f5d30021000 rw-p 00000000 00:00 0 
7f5d30021000-7f5d34000000 ---p 00000000 00:00 0 
7f5d34000000-7f5d34021000 rw-p 00000000 00:00 0 
7f5d34021000-7f5d38000000 ---p 00000000 00:00 0 
7f5d38000000-7f5d38021000 rw-p 00000000 00:00 0 
7f5d38021000-7f5d3c000000 ---p 00000000 00:00 0 
7f5d3c000000-7f5d3c021000 rw-p 00000000 00:00 0 
7f5d3c021000-7f5d40000000 ---p 00000000 00:00 0 
7f5d40000000-7f5d40021000 rw-p 00000000 00:00 0 
7f5d40021000-7f5d44000000 ---p 00000000 00:00 0 
7f5d44000000-7f5d4405b000 rw-p 00000000 00:00 0 
7f5d4405b000-7f5d48000000 ---p 00000000 00:00 0 
7f5d48100000-7f5d48104000 ---p 00000000 00:00 0 
7f5d48104000-7f5d48200000 rw-p 00000000 00:00 0 
7f5d48300000-7f5d48304000 ---p 00000000 00:00 0 
7f5d48304000-7f5d48400000 rw-p 00000000 00:00 0 
7f5d48500000-7f5d48504000 ---p 00000000 00:00 0 
7f5d48504000-7f5d48600000 rw-p 00000000 00:00 0 
7f5d48616000-7f5d4861a000 ---p 00000000 00:00 0 
7f5d4861a000-7f5d48716000 rw-p 00000000 00:00 0 
7f5d48716000-7f5d48717000 ---p 00000000 00:00 0 
7f5d48717000-7f5d48818000 rw-p 00000000 00:00 0 
7f5d48818000-7f5d4881c000 ---p 00000000 00:00 0 
7f5d4881c000-7f5d48918000 rw-p 00000000 00:00 0 
7f5d48918000-7f5d4891c000 ---p 00000000 00:00 0 
7f5d4891c000-7f5d48a18000 rw-p 00000000 00:00 0 
7f5d48a18000-7f5d48a1c000 ---p 00000000 00:00 0 
7f5d48a1c000-7f5d48b18000 rw-p 00000000 00:00 0 
7f5d48b18000-7f5d48b1c000 ---p 00000000 00:00 0 
7f5d48b1c000-7f5d48d18000 rw-p 00000000 00:00 0 
7f5d48d18000-7f5d48d1c000 ---p 00000000 00:00 0 
7f5d48d1c000-7f5d48f18000 rw-p 00000000 00:00 0 
7f5d48f18000-7f5d48f1c000 ---p 00000000 00:00 0 
7f5d48f1c000-7f5d49018000 rw-p 00000000 00:00 0 
7f5d49018000-7f5d4901c000 ---p 00000000 00:00 0 
7f5d4901c000-7f5d49118000 rw-p 00000000 00:00 0 
7f5d49118000-7f5d4911c000 ---p 00000000 00:00 0 
7f5d4911c000-7f5d49218000 rw-p 00000000 00:00 0 
7f5d49218000-7f5d494fe000 r--p 00000000 00:147 28444448                  /usr/lib/locale/locale-archive
7f5d494fe000-7f5d49502000 ---p 00000000 00:00 0 
7f5d49502000-7f5d495fe000 rw-p 00000000 00:00 0 
7f5d495fe000-7f5d49602000 ---p 00000000 00:00 0 
7f5d49602000-7f5d496fe000 rw-p 00000000 00:00 0 
7f5d496fe000-7f5d496ff000 ---p 00000000 00:00 0 
7f5d496ff000-7f5d49bf0000 rw-p 00000000 00:00 0 
7f5d49bf0000-7f5d49ef0000 rw-p 00000000 00:00 0 
7f5d49ef0000-7f5d4a000000 rw-p 00000000 00:00 0 
7f5d4a04c000-7f5d4a050000 ---p 00000000 00:00 0 
7f5d4a050000-7f5d4a06e000 rw-p 00000000 00:00 0 
7f5d4a06e000-7f5d4a075000 r-xp 00000000 00:4b6 707804676                 /nix/store/gpxl5qgg8kicmcvivwmybwjlpf7wh20l-graalvm17-ce-22.3.0/lib/libzip.so
7f5d4a075000-7f5d4a076000 ---p 00007000 00:4b6 707804676                 /nix/store/gpxl5qgg8kicmcvivwmybwjlpf7wh20l-graalvm17-ce-22.3.0/lib/libzip.so
7f5d4a076000-7f5d4a077000 r--p 00007000 00:4b6 707804676                 /nix/store/gpxl5qgg8kicmcvivwmybwjlpf7wh20l-graalvm17-ce-22.3.0/lib/libzip.so
7f5d4a077000-7f5d4a078000 rw-p 00008000 00:4b6 707804676                 /nix/store/gpxl5qgg8kicmcvivwmybwjlpf7wh20l-graalvm17-ce-22.3.0/lib/libzip.so
7f5d4a078000-7f5d4a07a000 rw-p 0000b000 00:4b6 707804676                 /nix/store/gpxl5qgg8kicmcvivwmybwjlpf7wh20l-graalvm17-ce-22.3.0/lib/libzip.so
7f5d4a07a000-7f5d4a08f000 r-xp 00000000 00:4b6 707804666                 /nix/store/gpxl5qgg8kicmcvivwmybwjlpf7wh20l-graalvm17-ce-22.3.0/lib/libnet.so
7f5d4a08f000-7f5d4a090000 ---p 00015000 00:4b6 707804666                 /nix/store/gpxl5qgg8kicmcvivwmybwjlpf7wh20l-graalvm17-ce-22.3.0/lib/libnet.so
7f5d4a090000-7f5d4a091000 r--p 00015000 00:4b6 707804666                 /nix/store/gpxl5qgg8kicmcvivwmybwjlpf7wh20l-graalvm17-ce-22.3.0/lib/libnet.so
7f5d4a091000-7f5d4a092000 rw-p 00016000 00:4b6 707804666                 /nix/store/gpxl5qgg8kicmcvivwmybwjlpf7wh20l-graalvm17-ce-22.3.0/lib/libnet.so
7f5d4a092000-7f5d4a095000 rw-p 0001b000 00:4b6 707804666                 /nix/store/gpxl5qgg8kicmcvivwmybwjlpf7wh20l-graalvm17-ce-22.3.0/lib/libnet.so
7f5d4a095000-7f5d4a0a8000 r-xp 00000000 00:4b6 707804667                 /nix/store/gpxl5qgg8kicmcvivwmybwjlpf7wh20l-graalvm17-ce-22.3.0/lib/libnio.so
7f5d4a0a8000-7f5d4a0a9000 r--p 00012000 00:4b6 707804667                 /nix/store/gpxl5qgg8kicmcvivwmybwjlpf7wh20l-graalvm17-ce-22.3.0/lib/libnio.so
7f5d4a0a9000-7f5d4a0aa000 rw-p 00013000 00:4b6 707804667                 /nix/store/gpxl5qgg8kicmcvivwmybwjlpf7wh20l-graalvm17-ce-22.3.0/lib/libnio.so
7f5d4a0aa000-7f5d4a0af000 rw-p 00019000 00:4b6 707804667                 /nix/store/gpxl5qgg8kicmcvivwmybwjlpf7wh20l-graalvm17-ce-22.3.0/lib/libnio.so
7f5d4a0af000-7f5d4b4b3000 rw-p 00000000 00:00 0 
7f5d4b4b3000-7f5d4b723000 rwxp 00000000 00:00 0 
7f5d4b723000-7f5d4ba42000 ---p 00000000 00:00 0 
7f5d4ba42000-7f5d4caa2000 rwxp 00000000 00:00 0 
7f5d4caa2000-7f5d52f7a000 ---p 00000000 00:00 0 
7f5d52f7a000-7f5d531fa000 rwxp 00000000 00:00 0 
7f5d531fa000-7f5d5a4b3000 ---p 00000000 00:00 0 
7f5d5a4b3000-7f5d64000000 r--s 00000000 00:4b6 707804677                 /nix/store/gpxl5qgg8kicmcvivwmybwjlpf7wh20l-graalvm17-ce-22.3.0/lib/modules
7f5d64000000-7f5d64604000 rw-p 00000000 00:00 0 
7f5d64604000-7f5d68000000 ---p 00000000 00:00 0 
7f5d68006000-7f5d68008000 r-xp 00000000 00:4b6 707802113                 /nix/store/gpxl5qgg8kicmcvivwmybwjlpf7wh20l-graalvm17-ce-22.3.0/lib/libextnet.so
7f5d68008000-7f5d68009000 r--p 00001000 00:4b6 707802113                 /nix/store/gpxl5qgg8kicmcvivwmybwjlpf7wh20l-graalvm17-ce-22.3.0/lib/libextnet.so
7f5d68009000-7f5d6800a000 rw-p 00002000 00:4b6 707802113                 /nix/store/gpxl5qgg8kicmcvivwmybwjlpf7wh20l-graalvm17-ce-22.3.0/lib/libextnet.so
7f5d6800a000-7f5d6800b000 rw-p 00004000 00:4b6 707802113                 /nix/store/gpxl5qgg8kicmcvivwmybwjlpf7wh20l-graalvm17-ce-22.3.0/lib/libextnet.so
7f5d6800b000-7f5d680d9000 r-xp 00000000 00:4b6 707802132                 /nix/store/gpxl5qgg8kicmcvivwmybwjlpf7wh20l-graalvm17-ce-22.3.0/lib/libjsvml.so
7f5d680d9000-7f5d680da000 r--p 000cd000 00:4b6 707802132                 /nix/store/gpxl5qgg8kicmcvivwmybwjlpf7wh20l-graalvm17-ce-22.3.0/lib/libjsvml.so
7f5d680da000-7f5d680db000 rw-p 000ce000 00:4b6 707802132                 /nix/store/gpxl5qgg8kicmcvivwmybwjlpf7wh20l-graalvm17-ce-22.3.0/lib/libjsvml.so
7f5d680db000-7f5d685af000 rw-p 00000000 00:00 0 
7f5d685af000-7f5d685b0000 ---p 00000000 00:00 0 
7f5d685b0000-7f5d6874b000 rw-p 00000000 00:00 0 
7f5d6874b000-7f5d68780000 rw-p 00000000 00:00 0 
7f5d68780000-7f5d687b1000 ---p 00000000 00:00 0 
7f5d687b1000-7f5d687b7000 rw-p 00000000 00:00 0 
7f5d687b7000-7f5d6889d000 ---p 00000000 00:00 0 
7f5d6889d000-7f5d688be000 rw-p 00000000 00:00 0 
7f5d688be000-7f5d68988000 ---p 00000000 00:00 0 
7f5d68988000-7f5d6898d000 rw-p 00000000 00:00 0 
7f5d6898d000-7f5d68994000 ---p 00000000 00:00 0 
7f5d68994000-7f5d689b8000 r-xp 00000000 00:4b6 707802124                 /nix/store/gpxl5qgg8kicmcvivwmybwjlpf7wh20l-graalvm17-ce-22.3.0/lib/libjava.so
7f5d689b8000-7f5d689b9000 ---p 00024000 00:4b6 707802124                 /nix/store/gpxl5qgg8kicmcvivwmybwjlpf7wh20l-graalvm17-ce-22.3.0/lib/libjava.so
7f5d689b9000-7f5d689ba000 r--p 00024000 00:4b6 707802124                 /nix/store/gpxl5qgg8kicmcvivwmybwjlpf7wh20l-graalvm17-ce-22.3.0/lib/libjava.so
7f5d689ba000-7f5d689bb000 rw-p 00025000 00:4b6 707802124                 /nix/store/gpxl5qgg8kicmcvivwmybwjlpf7wh20l-graalvm17-ce-22.3.0/lib/libjava.so
7f5d689bb000-7f5d689bc000 rw-p 00000000 00:00 0 
7f5d689bc000-7f5d689c3000 rw-p 0002f000 00:4b6 707802124                 /nix/store/gpxl5qgg8kicmcvivwmybwjlpf7wh20l-graalvm17-ce-22.3.0/lib/libjava.so
7f5d689c3000-7f5d689cb000 rw-s 00000000 00:3d 387                        /tmp/hsperfdata_runner/22
7f5d689cb000-7f5d689cc000 ---p 00000000 00:00 0 
7f5d689cc000-7f5d689cd000 r--p 00000000 00:00 0 
7f5d689cd000-7f5d689ce000 rwxp 00000000 00:00 0 
7f5d689ce000-7f5d689e9000 r-xp 00000000 00:4b6 707802128                 /nix/store/gpxl5qgg8kicmcvivwmybwjlpf7wh20l-graalvm17-ce-22.3.0/lib/libjimage.so
7f5d689e9000-7f5d689ea000 ---p 0001b000 00:4b6 707802128                 /nix/store/gpxl5qgg8kicmcvivwmybwjlpf7wh20l-graalvm17-ce-22.3.0/lib/libjimage.so
7f5d689ea000-7f5d689ec000 r--p 0001b000 00:4b6 707802128                 /nix/store/gpxl5qgg8kicmcvivwmybwjlpf7wh20l-graalvm17-ce-22.3.0/lib/libjimage.so
7f5d689ec000-7f5d689ed000 rw-p 0001d000 00:4b6 707802128                 /nix/store/gpxl5qgg8kicmcvivwmybwjlpf7wh20l-graalvm17-ce-22.3.0/lib/libjimage.so
7f5d689ed000-7f5d689ee000 rw-p 00024000 00:4b6 707802128                 /nix/store/gpxl5qgg8kicmcvivwmybwjlpf7wh20l-graalvm17-ce-22.3.0/lib/libjimage.so
7f5d689ee000-7f5d689f2000 ---p 00000000 00:00 0 
7f5d689f2000-7f5d68aee000 rw-p 00000000 00:00 0 
7f5d68aee000-7f5d68afc000 r--p 00000000 00:4b6 600592023                 /nix/store/4nlgxhb09sdr51nc9hdm8az5b08vzkgx-glibc-2.35-163/lib/libm.so.6
7f5d68afc000-7f5d68b6f000 r-xp 0000e000 00:4b6 600592023                 /nix/store/4nlgxhb09sdr51nc9hdm8az5b08vzkgx-glibc-2.35-163/lib/libm.so.6
7f5d68b6f000-7f5d68bcc000 r--p 00081000 00:4b6 600592023                 /nix/store/4nlgxhb09sdr51nc9hdm8az5b08vzkgx-glibc-2.35-163/lib/libm.so.6
7f5d68bcc000-7f5d68bcd000 r--p 000dd000 00:4b6 600592023                 /nix/store/4nlgxhb09sdr51nc9hdm8az5b08vzkgx-glibc-2.35-163/lib/libm.so.6
7f5d68bcd000-7f5d68bce000 rw-p 000de000 00:4b6 600592023                 /nix/store/4nlgxhb09sdr51nc9hdm8az5b08vzkgx-glibc-2.35-163/lib/libm.so.6
7f5d68bce000-7f5d68bcf000 r--p 00000000 00:4b6 600592042                 /nix/store/4nlgxhb09sdr51nc9hdm8az5b08vzkgx-glibc-2.35-163/lib/librt.so.1
7f5d68bcf000-7f5d68bd0000 r-xp 00001000 00:4b6 600592042                 /nix/store/4nlgxhb09sdr51nc9hdm8az5b08vzkgx-glibc-2.35-163/lib/librt.so.1
7f5d68bd0000-7f5d68bd1000 r--p 00002000 00:4b6 600592042                 /nix/store/4nlgxhb09sdr51nc9hdm8az5b08vzkgx-glibc-2.35-163/lib/librt.so.1
7f5d68bd1000-7f5d68bd2000 r--p 00002000 00:4b6 600592042                 /nix/store/4nlgxhb09sdr51nc9hdm8az5b08vzkgx-glibc-2.35-163/lib/librt.so.1
7f5d68bd2000-7f5d68bd3000 rw-p 00003000 00:4b6 600592042                 /nix/store/4nlgxhb09sdr51nc9hdm8az5b08vzkgx-glibc-2.35-163/lib/librt.so.1
7f5d68bd3000-7f5d69ce6000 r-xp 00000000 00:4b6 707972962                 /nix/store/gpxl5qgg8kicmcvivwmybwjlpf7wh20l-graalvm17-ce-22.3.0/lib/server/libjvm.so
7f5d69ce6000-7f5d69ce7000 ---p 01113000 00:4b6 707972962                 /nix/store/gpxl5qgg8kicmcvivwmybwjlpf7wh20l-graalvm17-ce-22.3.0/lib/server/libjvm.so
7f5d69ce7000-7f5d69d9c000 r--p 01113000 00:4b6 707972962                 /nix/store/gpxl5qgg8kicmcvivwmybwjlpf7wh20l-graalvm17-ce-22.3.0/lib/server/libjvm.so
7f5d69d9c000-7f5d69dd0000 rw-p 011c8000 00:4b6 707972962                 /nix/store/gpxl5qgg8kicmcvivwmybwjlpf7wh20l-graalvm17-ce-22.3.0/lib/server/libjvm.so
7f5d69dd0000-7f5d69e2c000 rw-p 00000000 00:00 0 
7f5d69e2c000-7f5d69e54000 r--p 00000000 00:4b6 600592014                 /nix/store/4nlgxhb09sdr51nc9hdm8az5b08vzkgx-glibc-2.35-163/lib/libc.so.6
7f5d69e54000-7f5d69fca000 r-xp 00028000 00:4b6 600592014                 /nix/store/4nlgxhb09sdr51nc9hdm8az5b08vzkgx-glibc-2.35-163/lib/libc.so.6
7f5d69fca000-7f5d6a022000 r--p 0019e000 00:4b6 600592014                 /nix/store/4nlgxhb09sdr51nc9hdm8az5b08vzkgx-glibc-2.35-163/lib/libc.so.6
7f5d6a022000-7f5d6a026000 r--p 001f6000 00:4b6 600592014                 /nix/store/4nlgxhb09sdr51nc9hdm8az5b08vzkgx-glibc-2.35-163/lib/libc.so.6
7f5d6a026000-7f5d6a028000 rw-p 001fa000 00:4b6 600592014                 /nix/store/4nlgxhb09sdr51nc9hdm8az5b08vzkgx-glibc-2.35-163/lib/libc.so.6
7f5d6a028000-7f5d6a037000 rw-p 00000000 00:00 0 
7f5d6a037000-7f5d6a038000 r--p 00000000 00:4b6 600592019                 /nix/store/4nlgxhb09sdr51nc9hdm8az5b08vzkgx-glibc-2.35-163/lib/libdl.so.2
7f5d6a038000-7f5d6a039000 r-xp 00001000 00:4b6 600592019                 /nix/store/4nlgxhb09sdr51nc9hdm8az5b08vzkgx-glibc-2.35-163/lib/libdl.so.2
7f5d6a039000-7f5d6a03a000 r--p 00002000 00:4b6 600592019                 /nix/store/4nlgxhb09sdr51nc9hdm8az5b08vzkgx-glibc-2.35-163/lib/libdl.so.2
7f5d6a03a000-7f5d6a03b000 r--p 00002000 00:4b6 600592019                 /nix/store/4nlgxhb09sdr51nc9hdm8az5b08vzkgx-glibc-2.35-163/lib/libdl.so.2
7f5d6a03b000-7f5d6a03c000 rw-p 00003000 00:4b6 600592019                 /nix/store/4nlgxhb09sdr51nc9hdm8az5b08vzkgx-glibc-2.35-163/lib/libdl.so.2
7f5d6a03c000-7f5d6a03d000 r--p 00000000 00:4b6 600592038                 /nix/store/4nlgxhb09sdr51nc9hdm8az5b08vzkgx-glibc-2.35-163/lib/libpthread.so.0
7f5d6a03d000-7f5d6a03e000 r-xp 00001000 00:4b6 600592038                 /nix/store/4nlgxhb09sdr51nc9hdm8az5b08vzkgx-glibc-2.35-163/lib/libpthread.so.0
7f5d6a03e000-7f5d6a03f000 r--p 00002000 00:4b6 600592038                 /nix/store/4nlgxhb09sdr51nc9hdm8az5b08vzkgx-glibc-2.35-163/lib/libpthread.so.0
7f5d6a03f000-7f5d6a040000 r--p 00002000 00:4b6 600592038                 /nix/store/4nlgxhb09sdr51nc9hdm8az5b08vzkgx-glibc-2.35-163/lib/libpthread.so.0
7f5d6a040000-7f5d6a041000 rw-p 00003000 00:4b6 600592038                 /nix/store/4nlgxhb09sdr51nc9hdm8az5b08vzkgx-glibc-2.35-163/lib/libpthread.so.0
7f5d6a041000-7f5d6a04f000 r-xp 00000000 00:4b6 707802129                 /nix/store/gpxl5qgg8kicmcvivwmybwjlpf7wh20l-graalvm17-ce-22.3.0/lib/libjli.so
7f5d6a04f000-7f5d6a050000 ---p 0000e000 00:4b6 707802129                 /nix/store/gpxl5qgg8kicmcvivwmybwjlpf7wh20l-graalvm17-ce-22.3.0/lib/libjli.so
7f5d6a050000-7f5d6a051000 r--p 0000e000 00:4b6 707802129                 /nix/store/gpxl5qgg8kicmcvivwmybwjlpf7wh20l-graalvm17-ce-22.3.0/lib/libjli.so
7f5d6a051000-7f5d6a052000 rw-p 0000f000 00:4b6 707802129                 /nix/store/gpxl5qgg8kicmcvivwmybwjlpf7wh20l-graalvm17-ce-22.3.0/lib/libjli.so
7f5d6a052000-7f5d6a053000 rw-p 00012000 00:4b6 707802129                 /nix/store/gpxl5qgg8kicmcvivwmybwjlpf7wh20l-graalvm17-ce-22.3.0/lib/libjli.so
7f5d6a053000-7f5d6a056000 r--p 00000000 00:4b6 678822167                 /nix/store/026hln0aq1hyshaxsdvhg0kmcm6yf45r-zlib-1.2.13/lib/libz.so.1.2.13
7f5d6a056000-7f5d6a068000 r-xp 00003000 00:4b6 678822167                 /nix/store/026hln0aq1hyshaxsdvhg0kmcm6yf45r-zlib-1.2.13/lib/libz.so.1.2.13
7f5d6a068000-7f5d6a06f000 r--p 00015000 00:4b6 678822167                 /nix/store/026hln0aq1hyshaxsdvhg0kmcm6yf45r-zlib-1.2.13/lib/libz.so.1.2.13
7f5d6a06f000-7f5d6a070000 r--p 0001b000 00:4b6 678822167                 /nix/store/026hln0aq1hyshaxsdvhg0kmcm6yf45r-zlib-1.2.13/lib/libz.so.1.2.13
7f5d6a070000-7f5d6a071000 rw-p 0001c000 00:4b6 678822167                 /nix/store/026hln0aq1hyshaxsdvhg0kmcm6yf45r-zlib-1.2.13/lib/libz.so.1.2.13
7f5d6a071000-7f5d6a073000 rw-p 00000000 00:00 0 
7f5d6a073000-7f5d6a075000 r--p 00000000 00:4b6 600592008                 /nix/store/4nlgxhb09sdr51nc9hdm8az5b08vzkgx-glibc-2.35-163/lib/ld-linux-x86-64.so.2
7f5d6a075000-7f5d6a09c000 r-xp 00002000 00:4b6 600592008                 /nix/store/4nlgxhb09sdr51nc9hdm8az5b08vzkgx-glibc-2.35-163/lib/ld-linux-x86-64.so.2
7f5d6a09c000-7f5d6a0a8000 r--p 00029000 00:4b6 600592008                 /nix/store/4nlgxhb09sdr51nc9hdm8az5b08vzkgx-glibc-2.35-163/lib/ld-linux-x86-64.so.2
7f5d6a0a8000-7f5d6a0aa000 r--p 00034000 00:4b6 600592008                 /nix/store/4nlgxhb09sdr51nc9hdm8az5b08vzkgx-glibc-2.35-163/lib/ld-linux-x86-64.so.2
7f5d6a0aa000-7f5d6a0ac000 rw-p 00036000 00:4b6 600592008                 /nix/store/4nlgxhb09sdr51nc9hdm8az5b08vzkgx-glibc-2.35-163/lib/ld-linux-x86-64.so.2
7ffdf4877000-7ffdf489b000 rw-p 00000000 00:00 0                          [stack]
7ffdf48fc000-7ffdf4900000 r--p 00000000 00:00 0                          [vvar]
7ffdf4900000-7ffdf4902000 r-xp 00000000 00:00 0                          [vdso]
ffffffffff600000-ffffffffff601000 --xp 00000000 00:00 0                  [vsyscall]


VM Arguments:
jvm_args: -XX:ThreadPriorityPolicy=1 -XX:+UnlockExperimentalVMOptions -XX:+EnableJVMCIProduct -XX:JVMCIThreadsPerNativeLibraryRuntime=1 -XX:-UnlockExperimentalVMOptions -Declipse.application=org.eclipse.jdt.ls.core.id1 -Dosgi.bundles.defaultStartLevel=4 -Declipse.product=org.eclipse.jdt.ls.core.product -Dlog.level=ALL -Xverify:none -XX:+UseParallelGC -XX:GCTimeRatio=4 -XX:AdaptiveSizePolicyWeight=90 -Dsun.zip.disableMemoryMapping=true -Xmx512m -Xms100m 
java_command: /nix/store/a7s9klvriqi68xz3qjc0qyfl5h86xc16-jdt-language-server-1.9.0/share/java/plugins/org.eclipse.equinox.launcher_1.6.400.v20210924-0641.jar --add-modules=ALL-SYSTEM --add-opens java.base/java.util=ALL-UNNAMED --add-opens java.base/java.lang=ALL-UNNAMED -configuration /home/runner/.cache/jdt-language-server/config -data /home/runner/.cache/jdt-language-server/data/home/runner/CraftyDarkgreyJavadocsCreator
java_class_path (initial): /nix/store/a7s9klvriqi68xz3qjc0qyfl5h86xc16-jdt-language-server-1.9.0/share/java/plugins/org.eclipse.equinox.launcher_1.6.400.v20210924-0641.jar
Launcher Type: SUN_STANDARD

[Global flags]
    uintx AdaptiveSizePolicyWeight                 = 90                                        {product} {command line}
     intx CICompilerCount                          = 2                                         {product} {ergonomic}
     bool EnableJVMCIProduct                       = true                                {JVMCI product} {jimage}
    uintx GCTimeRatio                              = 4                                         {product} {command line}
   size_t InitialHeapSize                          = 104857600                                 {product} {command line}
     uint JVMCIThreadsPerNativeLibraryRuntime      = 1                                   {JVMCI product} {jimage}
   size_t MaxHeapSize                              = 536870912                                 {product} {command line}
   size_t MaxNewSize                               = 178782208                                 {product} {ergonomic}
   size_t MinHeapDeltaBytes                        = 524288                                    {product} {ergonomic}
   size_t MinHeapSize                              = 104857600                                 {product} {command line}
   size_t NewSize                                  = 34603008                                  {product} {ergonomic}
    uintx NonNMethodCodeHeapSize                   = 5826188                                {pd product} {ergonomic}
    uintx NonProfiledCodeHeapSize                  = 122916026                              {pd product} {ergonomic}
   size_t OldSize                                  = 70254592                                  {product} {ergonomic}
    uintx ProfiledCodeHeapSize                     = 122916026                              {pd product} {ergonomic}
    uintx ReservedCodeCacheSize                    = 251658240                              {pd product} {ergonomic}
     bool SegmentedCodeCache                       = true                                      {product} {ergonomic}
   size_t SoftMaxHeapSize                          = 536870912                              {manageable} {ergonomic}
     intx ThreadPriorityPolicy                     = 1                                         {product} {jimage}
     bool UseCompressedClassPointers               = true                           {product lp64_product} {ergonomic}
     bool UseCompressedOops                        = true                           {product lp64_product} {ergonomic}
     bool UseParallelGC                            = true                                      {product} {command line}

Logging:
Log output configuration:
 #0: stdout all=warning uptime,level,tags
 #1: stderr all=off uptime,level,tags

Environment Variables:
JAVA_HOME=/nix/store/gpxl5qgg8kicmcvivwmybwjlpf7wh20l-graalvm17-ce-22.3.0
PATH=/nix/store/1d6ian3r8kdzspw8hacjhl3xkp40g1lj-binutils-wrapper-2.39/bin:/nix/store/dq0xwmsk1g0i2ayg6pb7y87na2knzylh-gcc-wrapper-11.3.0/bin:/nix/store/bap4d0lpcrhpwmpb8ayjcgkmvfj62lnq-bash-interactive-5.1-p16/bin:/nix/store/pr5n59mb4jzmfx6kanwxly0l07p861fg-patchelf-0.15.0/bin:/nix/store/1gf2flfqnpqbr1b4p4qz2f72y42bs56r-gcc-11.3.0/bin:/nix/store/57xv61c5zi8pphjbcwxxjlgc34p61ic9-glibc-2.35-163-bin/bin:/nix/store/a7gvj343m05j2s32xcnwr35v31ynlypr-coreutils-9.1/bin:/nix/store/039g378vc3pc3dvi9dzdlrd0i4q93qwf-binutils-2.39/bin:/nix/store/gpxl5qgg8kicmcvivwmybwjlpf7wh20l-graalvm17-ce-22.3.0/bin:/nix/store/6z9ag3ihc8mq2hzsw48lhbznvzny65nz-apache-maven-3.8.6/bin:/nix/store/a7s9klvriqi68xz3qjc0qyfl5h86xc16-jdt-language-server-1.9.0/bin:/nix/store/48ifl2w60a3zp7yskbpnvn8jp9jdsb7k-java-debug/bin:/nix/store/mydc6f4k2z73xlcz7ilif3v2lcaiqvza-findutils-4.9.0/bin:/nix/store/j9p3g8472iijd50vhdprx0nmk2fqn5gv-diffutils-3.8/bin:/nix/store/89zs7rms6x00xfq4dq6m7mjnhkr8a6r4-gnused-4.8/bin:/nix/store/86bp03jkmsl6f92w0yzg4s59g5mhxwmy-gnugrep-3.7/bin:/nix/store/hwcdqw4jrjnd37wxqgsd47hd0j8bnj09-gawk-5.1.1/bin:/nix/store/cfbhw8r8ags41vwqaz47r583d0p4h4a1-gnutar-1.34/bin:/nix/store/p3m1ndl1lapwrlh698bnb5lvvxh67378-gzip-1.12/bin:/nix/store/a8mhcagrsly7c7mpjrpsnaahk4aax056-bzip2-1.0.8-bin/bin:/nix/store/mblgz65m3zv9x548a3d5m96fj2pbwr09-gnumake-4.3/bin:/nix/store/dsd5gz46hdbdk2rfdimqddhq6m8m8fqs-bash-5.1-p16/bin:/nix/store/v7ljksji50mg3w61dykaa3n3y79n6nil-patch-2.7.6/bin:/nix/store/zlcnmqq14jz5x9439jf937mvayyl63da-xz-5.2.7-bin/bin:/nix/store/y6aj732zm9m87c82fpvf103a1xb22blp-file-5.43/bin:/nix/store/v9py4f18ka9m81fl2nrgwim187awj8wb-nix-2.18.0pre20230808_c0e6466/bin:/nix/store/i4kzir3m7mrisxmf5xvlnkw01x4qaqr4-prybar-elisp-0.0.0-e0d9a52/bin:/nix/store/lwwivxf6h7x3cvxp9zv8sj0mv7dak99r-prybar-lua-0.0.0-e0d9a52/bin:/nix/store/gxj28g1cg4hq3qanmjv07156h800qr58-prybar-python3-0.0.0-e0d9a52/bin:/nix/store/hshkjnxrgidigf8x75vg6lqng2xlx9i3-prybar-sqlite-0.0.0-e0d9a52/bin:/nix/store/c4w01bpjgyy5ixmwdk8m1pw87zq4sl
LD_LIBRARY_PATH=/nix/store/a4pff549sk2idnkpzk5nsfps3mdkdnvm-cups-2.4.2-lib/lib:/nix/store/72mqxxhh3cy5yifh92wh2yb8cl2hikyy-cairo-1.16.0/lib:/nix/store/2k366jrbsra97gjfxwvrhvixjfxdach5-glib-2.74.1/lib:/nix/store/2j2znigd8ak37rlwh9khz0ry3clqlw1l-gtk+3-3.24.34/lib:/nix/store/hisqvx32cd57apbpcsnkpx6k3549wql1-libglvnd-1.4.0/lib:/nix/store/p36pgcv991mq5srvg765b78yqpxvk3qs-mesa-21.3.3-drivers/lib:/nix/store/mav4251if1ahjq5vkpwycyyvnmy459c4-pulseaudio-14.2/lib
DISPLAY=:0
LANG=en_US.UTF-8

Signal Handlers:
   SIGSEGV: crash_handler in libjvm.so, mask=11100100010111111101111111111110, flags=SA_RESTART|SA_SIGINFO
    SIGBUS: crash_handler in libjvm.so, mask=11100100010111111101111111111110, flags=SA_RESTART|SA_SIGINFO
    SIGFPE: crash_handler in libjvm.so, mask=11100100010111111101111111111110, flags=SA_RESTART|SA_SIGINFO
   SIGPIPE: IsolateEnterStub_IgnoreSIGPIPEStartupHook_noopSignalHandler_8f19bff2f35b5f630d83b364d6b2339320d4ec70_216e8361c6bc87a8f89f58cc10d3b2fd4415bf87 in libjvmcicompiler.so, mask=00000000000000000000000000000000, flags=SA_RESTART
  *** Handler was modified!
  *** Expected: javaSignalHandler in libjvm.so, mask=11100100110111111111111111111110, flags=SA_RESTART|SA_SIGINFO
   SIGXFSZ: javaSignalHandler in libjvm.so, mask=11100100010111111101111111111110, flags=SA_RESTART|SA_SIGINFO
    SIGILL: crash_handler in libjvm.so, mask=11100100010111111101111111111110, flags=SA_RESTART|SA_SIGINFO
   SIGUSR2: SR_handler in libjvm.so, mask=00000000000000000000000000000000, flags=SA_RESTART|SA_SIGINFO
    SIGHUP: UserHandler in libjvm.so, mask=11100100010111111101111111111110, flags=SA_RESTART|SA_SIGINFO
    SIGINT: UserHandler in libjvm.so, mask=11100100010111111101111111111110, flags=SA_RESTART|SA_SIGINFO
   SIGTERM: UserHandler in libjvm.so, mask=11100100010111111101111111111110, flags=SA_RESTART|SA_SIGINFO
   SIGQUIT: UserHandler in libjvm.so, mask=11100100010111111101111111111110, flags=SA_RESTART|SA_SIGINFO
  *** Handler was modified!
  *** Expected: javaSignalHandler in libjvm.so, mask=11100100110111111111111111111110, flags=SA_RESTART|SA_SIGINFO
   SIGTRAP: crash_handler in libjvm.so, mask=11100100010111111101111111111110, flags=SA_RESTART|SA_SIGINFO


---------------  S Y S T E M  ---------------

OS:
DISTRIB_ID=Ubuntu
DISTRIB_RELEASE=20.04
DISTRIB_CODENAME=focal
DISTRIB_DESCRIPTION="Ubuntu 20.04.2 LTS"
uname: Linux 6.2.0-1017-gcp #19~22.04.1-Ubuntu SMP Fri Oct 13 15:33:25 UTC 2023 x86_64
OS uptime: 0 days 17:44 hours
libc: glibc 2.35 NPTL 2.35 
rlimit (soft/hard): STACK 8192k/infinity , CORE infinity/infinity , NPROC infinity/infinity , NOFILE 5242/5242 , AS infinity/infinity , CPU infinity/infinity , DATA infinity/infinity , FSIZE infinity/infinity , MEMLOCK 8192k/8192k
load average: 16.80 23.47 21.19

/proc/meminfo:
MemTotal:       65835932 kB
MemFree:        35825952 kB
MemAvailable:   42831840 kB
Buffers:          887308 kB
Cached:          5566528 kB
SwapCached:            0 kB
Active:          3015532 kB
Inactive:       24551040 kB
Active(anon):      11084 kB
Inactive(anon): 20988096 kB
Active(file):    3004448 kB
Inactive(file):  3562944 kB
Unevictable:       28436 kB
Mlocked:           28436 kB
SwapTotal:             0 kB
SwapFree:              0 kB
Zswap:                 0 kB
Zswapped:              0 kB
Dirty:             26556 kB
Writeback:           232 kB
AnonPages:      19706956 kB
Mapped:          1221944 kB
Shmem:             39720 kB
KReclaimable:    1164948 kB
Slab:            1674728 kB
SReclaimable:    1164948 kB
SUnreclaim:       509780 kB
KernelStack:      147080 kB
PageTables:       256468 kB
SecPageTables:         0 kB
NFS_Unstable:          0 kB
Bounce:                0 kB
WritebackTmp:          0 kB
CommitLimit:    32917964 kB
Committed_AS:   57569596 kB
VmallocTotal:   34359738367 kB
VmallocUsed:      174004 kB
VmallocChunk:          0 kB
Percpu:            30624 kB
HardwareCorrupted:     0 kB
AnonHugePages:   3719168 kB
ShmemHugePages:        0 kB
ShmemPmdMapped:        0 kB
FileHugePages:         0 kB
FilePmdMapped:         0 kB
HugePages_Total:       0
HugePages_Free:        0
HugePages_Rsvd:        0
HugePages_Surp:        0
Hugepagesize:       2048 kB
Hugetlb:               0 kB
DirectMap4k:      275256 kB
DirectMap2M:    13352960 kB
DirectMap1G:    55574528 kB

/sys/kernel/mm/transparent_hugepage/enabled: always [madvise] never
/sys/kernel/mm/transparent_hugepage/defrag (defrag/compaction efforts parameter): always defer defer+madvise [madvise] never

Process Memory:
Virtual Size: 4855420K (peak: 4895548K)
Resident Set Size: 719036K (peak: 805004K) (anon: 575276K, file: 143760K, shmem: 0K)
Swapped out: 0K
C-Heap outstanding allocations: 43971K, retained: 15520K
glibc malloc tunables: (default)

/proc/sys/kernel/threads-max (system-wide limit on the number of threads): 514277
/proc/sys/vm/max_map_count (maximum number of memory map areas a process may have): 65530
/proc/sys/kernel/pid_max (system-wide limit on number of process identifiers): 4194304

container (cgroup) information:
container_type: cgroupv2
cpu_cpuset_cpus: not supported
cpu_memory_nodes: not supported
active_processor_count: 1
cpu_quota: 50000
cpu_period: 100000
cpu_shares: no shares
memory_limit_in_bytes: 1048576 k
memory_and_swap_limit_in_bytes: unlimited
memory_soft_limit_in_bytes: 524288 k
memory_usage_in_bytes: 624300 k
memory_max_usage_in_bytes: not supported
maximum number of tasks: not supported
current number of tasks: not supported

KVM virtualization detected
Steal ticks since vm start: 2030
Steal ticks percentage since vm start:  0.004

CPU: total 8 (initial active 1) (4 cores per cpu, 2 threads per core) family 6 model 79 stepping 0 microcode 0xffffffff, cx8, cmov, fxsr, ht, mmx, 3dnowpref, sse, sse2, sse3, ssse3, sse4.1, sse4.2, popcnt, lzcnt, tsc, tscinvbit, avx, avx2, aes, erms, clmul, bmi1, bmi2, rtm, adx, fma, vzeroupper, clflush, hv
CPU Model and flags from /proc/cpuinfo:
model name	: Intel(R) Xeon(R) CPU @ 2.20GHz
flags		: fpu vme de pse tsc msr pae mce cx8 apic sep mtrr pge mca cmov pat pse36 clflush mmx fxsr sse sse2 ss ht syscall nx pdpe1gb rdtscp lm constant_tsc rep_good nopl xtopology nonstop_tsc cpuid tsc_known_freq pni pclmulqdq ssse3 fma cx16 pcid sse4_1 sse4_2 x2apic movbe popcnt aes xsave avx f16c rdrand hypervisor lahf_lm abm 3dnowprefetch invpcid_single pti ssbd ibrs ibpb stibp fsgsbase tsc_adjust bmi1 hle avx2 smep bmi2 erms invpcid rtm rdseed adx smap xsaveopt arat md_clear arch_capabilities

Online cpus: 0-7
Offline cpus: 
BIOS frequency limitation: <Not Available>
Frequency switch latency (ns): <Not Available>
Available cpu frequencies: <Not Available>
Current governor: <Not Available>
Core performance/turbo boost: <Not Available>

Memory: 4k page, physical 1048576k(424268k free), swap 0k(0k free)
Page Sizes: 4k

vm_info: OpenJDK 64-Bit Server VM (17.0.5+8-jvmci-22.3-b08) for linux-amd64 JRE (17.0.5+8-jvmci-22.3-b08), built on Oct 19 2022 09:01:27 by "buildslave" with gcc 10.3.0

END.
